#
# There is insufficient memory for the Java Runtime Environment to continue.
# Native memory allocation (malloc) failed to allocate 1044496 bytes for Chunk::new
# Possible reasons:
#   The system is out of physical RAM or swap space
#   In 32 bit mode, the process size limit was hit
# Possible solutions:
#   Reduce memory load on the system
#   Increase physical memory or swap space
#   Check if swap backing store is full
#   Use 64 bit Java on a 64 bit OS
#   Decrease Java heap size (-Xmx/-Xms)
#   Decrease number of Java threads
#   Decrease Java thread stack sizes (-Xss)
#   Set larger code cache with -XX:ReservedCodeCacheSize=
# This output file may be truncated or incomplete.
#
#  Out of Memory Error (allocation.cpp:390), pid=4788, tid=0x0000000000005174
#
# JRE version: OpenJDK Runtime Environment (8.0_152-b01) (build 1.8.0_152-release-1343-b01)
# Java VM: OpenJDK 64-Bit Server VM (25.152-b01 mixed mode windows-amd64 compressed oops)
# Failed to write core dump. Minidumps are not enabled by default on client versions of Windows
#

---------------  T H R E A D  ---------------

Current thread (0x00000000162db800):  JavaThread "C2 CompilerThread1" daemon [_thread_in_native, id=20852, stack(0x0000000017a50000,0x0000000017b50000)]

Stack: [0x0000000017a50000,0x0000000017b50000]
[error occurred during error reporting (printing stack bounds), id 0xc0000005]

Native frames: (J=compiled Java code, j=interpreted, Vv=VM code, C=native code)


Current CompileTask:
C2:  30533 9266       4       com.android.utils.XmlUtils::append (540 bytes)


---------------  P R O C E S S  ---------------

Java Threads: ( => current thread )
  0x000000001dc97800 JavaThread "stdout" daemon [_thread_in_native, id=17020, stack(0x0000000025a40000,0x0000000025b40000)]
  0x000000001dc94800 JavaThread "stderr" daemon [_thread_in_native, id=20604, stack(0x0000000025940000,0x0000000025a40000)]
  0x000000001dc96800 JavaThread "stdout" daemon [_thread_in_native, id=19188, stack(0x0000000025840000,0x0000000025940000)]
  0x000000001dc9b000 JavaThread "stderr" daemon [_thread_in_native, id=21940, stack(0x0000000025740000,0x0000000025840000)]
  0x000000001dc9a800 JavaThread "stdout" daemon [_thread_in_native, id=21112, stack(0x0000000025640000,0x0000000025740000)]
  0x000000001dc99800 JavaThread "stderr" daemon [_thread_in_native, id=22480, stack(0x0000000025540000,0x0000000025640000)]
  0x000000001dc96000 JavaThread "pool-2-thread-1" [_thread_blocked, id=15620, stack(0x0000000025440000,0x0000000025540000)]
  0x00000000194fb000 JavaThread "ForkJoinPool.commonPool-worker-3" daemon [_thread_blocked, id=15596, stack(0x0000000025340000,0x0000000025440000)]
  0x00000000194f6800 JavaThread "ForkJoinPool.commonPool-worker-2" daemon [_thread_blocked, id=18628, stack(0x0000000025240000,0x0000000025340000)]
  0x00000000194fa800 JavaThread "ForkJoinPool.commonPool-worker-1" daemon [_thread_blocked, id=20676, stack(0x0000000025140000,0x0000000025240000)]
  0x00000000194fc000 JavaThread "Cache worker for execution history cache (R:\Projects\AndroidStudioProjects\QazaqHalyqAnderi\.gradle\5.1.1\executionHistory)" [_thread_blocked, id=19460, stack(0x0000000024c40000,0x0000000024d40000)]
  0x00000000194f7800 JavaThread "Execution worker for ':' Thread 3" [_thread_blocked, id=5324, stack(0x0000000024b40000,0x0000000024c40000)]
  0x00000000194f9000 JavaThread "Execution worker for ':' Thread 2" [_thread_blocked, id=19192, stack(0x0000000024a40000,0x0000000024b40000)]
  0x00000000194fd800 JavaThread "Execution worker for ':'" [_thread_blocked, id=12648, stack(0x0000000024940000,0x0000000024a40000)]
  0x00000000194f9800 JavaThread "Cache worker for file content cache (R:\Projects\AndroidStudioProjects\QazaqHalyqAnderi\.gradle\5.1.1\fileContent)" [_thread_blocked, id=18524, stack(0x00000000237e0000,0x00000000238e0000)]
  0x00000000194f8000 JavaThread "Cache worker for file content cache (C:\Users\RaOne\.gradle\caches\5.1.1\fileContent)" [_thread_blocked, id=21652, stack(0x00000000236e0000,0x00000000237e0000)]
  0x00000000194ef000 JavaThread "Memory manager" [_thread_blocked, id=20592, stack(0x00000000233e0000,0x00000000234e0000)]
  0x00000000194ee800 JavaThread "Cache worker for Build Output Cleanup Cache (R:\Projects\AndroidStudioProjects\QazaqHalyqAnderi\.gradle\buildOutputCleanup)" [_thread_blocked, id=324, stack(0x0000000022250000,0x0000000022350000)]
  0x00000000194f0000 JavaThread "Build operations Thread 4" [_thread_blocked, id=7896, stack(0x0000000021b50000,0x0000000021c50000)]
  0x00000000194f5000 JavaThread "Build operations Thread 3" [_thread_blocked, id=17568, stack(0x0000000021a50000,0x0000000021b50000)]
  0x00000000194f1800 JavaThread "Build operations Thread 2" [_thread_blocked, id=22484, stack(0x0000000021950000,0x0000000021a50000)]
  0x00000000194f0800 JavaThread "Build operations" [_thread_blocked, id=19412, stack(0x0000000021850000,0x0000000021950000)]
  0x00000000194f2000 JavaThread "Cache worker for execution history cache (C:\Users\RaOne\.gradle\caches\5.1.1\executionHistory)" [_thread_blocked, id=22424, stack(0x0000000021350000,0x0000000021450000)]
  0x0000000019449800 JavaThread "Cache worker for cache directory md-rule (C:\Users\RaOne\.gradle\caches\5.1.1\md-rule)" [_thread_blocked, id=8432, stack(0x0000000021250000,0x0000000021350000)]
  0x0000000019448800 JavaThread "Cache worker for cache directory md-supplier (C:\Users\RaOne\.gradle\caches\5.1.1\md-supplier)" [_thread_blocked, id=1056, stack(0x0000000021150000,0x0000000021250000)]
  0x0000000019445800 JavaThread "Cache worker for file hash cache (R:\Projects\AndroidStudioProjects\QazaqHalyqAnderi\.gradle\5.1.1\fileHashes)" [_thread_blocked, id=22292, stack(0x000000001d040000,0x000000001d140000)]
  0x0000000019447000 JavaThread "Cache worker for journal cache (C:\Users\RaOne\.gradle\caches\journal-1)" [_thread_blocked, id=21944, stack(0x000000001ada0000,0x000000001aea0000)]
  0x0000000019444000 JavaThread "File lock request listener" [_thread_in_native, id=20528, stack(0x000000001aca0000,0x000000001ada0000)]
  0x000000001944e800 JavaThread "Cache worker for file hash cache (C:\Users\RaOne\.gradle\caches\5.1.1\fileHashes)" [_thread_blocked, id=20984, stack(0x000000001aba0000,0x000000001aca0000)]
  0x000000001936f000 JavaThread "Thread-8" [_thread_blocked, id=19660, stack(0x000000001aaa0000,0x000000001aba0000)]
  0x0000000019359800 JavaThread "Stdin handler" [_thread_blocked, id=21392, stack(0x000000001a9a0000,0x000000001aaa0000)]
  0x0000000019334800 JavaThread "Asynchronous log dispatcher for DefaultDaemonConnection: socket connection from /127.0.0.1:56771 to /127.0.0.1:56772" [_thread_blocked, id=17884, stack(0x000000001a8a0000,0x000000001a9a0000)]
  0x0000000019330800 JavaThread "Daemon worker" [_thread_blocked, id=22048, stack(0x000000001a5a0000,0x000000001a6a0000)]
  0x000000001932e800 JavaThread "Cancel handler" [_thread_blocked, id=21580, stack(0x000000001a4a0000,0x000000001a5a0000)]
  0x0000000019314800 JavaThread "Handler for socket connection from /127.0.0.1:56771 to /127.0.0.1:56772" [_thread_in_native, id=21976, stack(0x000000001a3a0000,0x000000001a4a0000)]
  0x0000000019314000 JavaThread "Daemon" [_thread_blocked, id=21012, stack(0x000000001a2a0000,0x000000001a3a0000)]
  0x000000001930c800 JavaThread "Daemon periodic checks" [_thread_blocked, id=6480, stack(0x000000001a1a0000,0x000000001a2a0000)]
  0x00000000192fe000 JavaThread "Incoming local TCP Connector on port 56771" [_thread_in_native, id=21756, stack(0x0000000019f60000,0x000000001a060000)]
  0x0000000017c76000 JavaThread "Service Thread" daemon [_thread_blocked, id=18552, stack(0x0000000018050000,0x0000000018150000)]
  0x00000000162de800 JavaThread "C1 CompilerThread2" daemon [_thread_blocked, id=20192, stack(0x0000000017b50000,0x0000000017c50000)]
=>0x00000000162db800 JavaThread "C2 CompilerThread1" daemon [_thread_in_native, id=20852, stack(0x0000000017a50000,0x0000000017b50000)]
  0x00000000162e7000 JavaThread "C2 CompilerThread0" daemon [_thread_in_native, id=16676, stack(0x0000000017950000,0x0000000017a50000)]
  0x00000000162e5800 JavaThread "Attach Listener" daemon [_thread_blocked, id=21464, stack(0x0000000017850000,0x0000000017950000)]
  0x00000000162e4800 JavaThread "Signal Dispatcher" daemon [_thread_blocked, id=21608, stack(0x0000000017750000,0x0000000017850000)]
  0x00000000162c9800 JavaThread "Finalizer" daemon [_thread_blocked, id=17780, stack(0x0000000017560000,0x0000000017660000)]
  0x000000000295f800 JavaThread "Reference Handler" daemon [_thread_blocked, id=18856, stack(0x0000000017460000,0x0000000017560000)]
  0x0000000000f5d800 JavaThread "main" [_thread_blocked, id=9736, stack(0x0000000002720000,0x0000000002820000)]

Other Threads:
  0x00000000162a7000 VMThread [stack: 0x0000000017360000,0x0000000017460000] [id=15516]
  0x0000000017c76800 WatcherThread [stack: 0x0000000018150000,0x0000000018250000] [id=21600]

VM state:not at safepoint (normal execution)

VM Mutex/Monitor currently owned by a thread: None

Heap:
 PSYoungGen      total 160768K, used 75481K [0x00000000e0000000, 0x00000000ecc00000, 0x0000000100000000)
  eden space 144384K, 40% used [0x00000000e0000000,0x00000000e39b6ff8,0x00000000e8d00000)
  from space 16384K, 99% used [0x00000000e8d00000,0x00000000e9cff4f0,0x00000000e9d00000)
  to   space 22016K, 0% used [0x00000000eb680000,0x00000000eb680000,0x00000000ecc00000)
 ParOldGen       total 83968K, used 43195K [0x00000000a0000000, 0x00000000a5200000, 0x00000000e0000000)
  object space 83968K, 51% used [0x00000000a0000000,0x00000000a2a2ec70,0x00000000a5200000)
 Metaspace       used 65252K, capacity 67244K, committed 67584K, reserved 1107968K
  class space    used 8677K, capacity 9108K, committed 9216K, reserved 1048576K

Card table byte_map: [0x0000000011d30000,0x0000000012040000] byte_map_base: 0x0000000011830000

Marking Bits: (ParMarkBitMap*) 0x000000005ab05aa0
 Begin Bits: [0x0000000012640000, 0x0000000013e40000)
 End Bits:   [0x0000000013e40000, 0x0000000015640000)

Polling page: 0x0000000000b00000

CodeCache: size=245760Kb used=26966Kb max_used=26980Kb free=218793Kb
 bounds [0x0000000002970000, 0x00000000043f0000, 0x0000000011970000]
 total_blobs=8880 nmethods=8076 adapters=716
 compilation: enabled

Compilation events (10 events):
Event: 30.320 Thread 0x00000000162db800 nmethod 9257 0x00000000043e4f50 code [0x00000000043e51a0, 0x00000000043e6e60]
Event: 30.320 Thread 0x00000000162db800 9258       4       com.sun.org.apache.xerces.internal.dom.AttrImpl::setValue (382 bytes)
Event: 30.326 Thread 0x00000000162db800 nmethod 9258 0x00000000043d9850 code [0x00000000043d99c0, 0x00000000043d9df8]
Event: 30.326 Thread 0x00000000162db800 9266       4       com.android.utils.XmlUtils::append (540 bytes)
Event: 30.326 Thread 0x00000000162e7000 nmethod 9269 0x00000000043ea750 code [0x00000000043ea920, 0x00000000043eb3f0]
Event: 30.326 Thread 0x00000000162e7000 9260       4       com.android.ide.common.resources.NodeUtils::duplicateNode (315 bytes)
Event: 30.333 Thread 0x00000000162de800 9270       3       org.slf4j.LoggerFactory::getLogger (12 bytes)
Event: 30.334 Thread 0x00000000162de800 nmethod 9270 0x00000000043c4b90 code [0x00000000043c4d00, 0x00000000043c4f38]
Event: 30.334 Thread 0x00000000162de800 9271       3       org.gradle.internal.logging.slf4j.OutputEventListenerBackedLoggerContext::getLogger (69 bytes)
Event: 30.335 Thread 0x00000000162de800 nmethod 9271 0x00000000043e9a50 code [0x00000000043e9c20, 0x00000000043ea508]

GC Heap History (10 events):
Event: 18.621 GC heap before
{Heap before GC invocations=18 (full 2):
 PSYoungGen      total 105984K, used 105980K [0x00000000e0000000, 0x00000000e9080000, 0x0000000100000000)
  eden space 98816K, 100% used [0x00000000e0000000,0x00000000e6080000,0x00000000e6080000)
  from space 7168K, 99% used [0x00000000e6080000,0x00000000e677f2f0,0x00000000e6780000)
  to   space 10752K, 0% used [0x00000000e8600000,0x00000000e8600000,0x00000000e9080000)
 ParOldGen       total 49152K, used 20715K [0x00000000a0000000, 0x00000000a3000000, 0x00000000e0000000)
  object space 49152K, 42% used [0x00000000a0000000,0x00000000a143aee8,0x00000000a3000000)
 Metaspace       used 49912K, capacity 50934K, committed 51328K, reserved 1093632K
  class space    used 6667K, capacity 6932K, committed 7040K, reserved 1048576K
Event: 18.642 GC heap after
Heap after GC invocations=18 (full 2):
 PSYoungGen      total 136192K, used 10315K [0x00000000e0000000, 0x00000000e9280000, 0x0000000100000000)
  eden space 125440K, 0% used [0x00000000e0000000,0x00000000e0000000,0x00000000e7a80000)
  from space 10752K, 95% used [0x00000000e8600000,0x00000000e9012e00,0x00000000e9080000)
  to   space 11776K, 0% used [0x00000000e7a80000,0x00000000e7a80000,0x00000000e8600000)
 ParOldGen       total 49152K, used 27703K [0x00000000a0000000, 0x00000000a3000000, 0x00000000e0000000)
  object space 49152K, 56% used [0x00000000a0000000,0x00000000a1b0dfa0,0x00000000a3000000)
 Metaspace       used 49912K, capacity 50934K, committed 51328K, reserved 1093632K
  class space    used 6667K, capacity 6932K, committed 7040K, reserved 1048576K
}
Event: 20.478 GC heap before
{Heap before GC invocations=19 (full 2):
 PSYoungGen      total 136192K, used 106659K [0x00000000e0000000, 0x00000000e9280000, 0x0000000100000000)
  eden space 125440K, 76% used [0x00000000e0000000,0x00000000e5e15eb8,0x00000000e7a80000)
  from space 10752K, 95% used [0x00000000e8600000,0x00000000e9012e00,0x00000000e9080000)
  to   space 11776K, 0% used [0x00000000e7a80000,0x00000000e7a80000,0x00000000e8600000)
 ParOldGen       total 49152K, used 27703K [0x00000000a0000000, 0x00000000a3000000, 0x00000000e0000000)
  object space 49152K, 56% used [0x00000000a0000000,0x00000000a1b0dfa0,0x00000000a3000000)
 Metaspace       used 57641K, capacity 58980K, committed 59028K, reserved 1099776K
  class space    used 7704K, capacity 8027K, committed 8064K, reserved 1048576K
Event: 20.507 GC heap after
Heap after GC invocations=19 (full 2):
 PSYoungGen      total 137216K, used 11758K [0x00000000e0000000, 0x00000000eaf00000, 0x0000000100000000)
  eden space 125440K, 0% used [0x00000000e0000000,0x00000000e0000000,0x00000000e7a80000)
  from space 11776K, 99% used [0x00000000e7a80000,0x00000000e85fbba8,0x00000000e8600000)
  to   space 14848K, 0% used [0x00000000ea080000,0x00000000ea080000,0x00000000eaf00000)
 ParOldGen       total 49152K, used 30240K [0x00000000a0000000, 0x00000000a3000000, 0x00000000e0000000)
  object space 49152K, 61% used [0x00000000a0000000,0x00000000a1d882e8,0x00000000a3000000)
 Metaspace       used 57641K, capacity 58980K, committed 59028K, reserved 1099776K
  class space    used 7704K, capacity 8027K, committed 8064K, reserved 1048576K
}
Event: 20.507 GC heap before
{Heap before GC invocations=20 (full 3):
 PSYoungGen      total 137216K, used 11758K [0x00000000e0000000, 0x00000000eaf00000, 0x0000000100000000)
  eden space 125440K, 0% used [0x00000000e0000000,0x00000000e0000000,0x00000000e7a80000)
  from space 11776K, 99% used [0x00000000e7a80000,0x00000000e85fbba8,0x00000000e8600000)
  to   space 14848K, 0% used [0x00000000ea080000,0x00000000ea080000,0x00000000eaf00000)
 ParOldGen       total 49152K, used 30240K [0x00000000a0000000, 0x00000000a3000000, 0x00000000e0000000)
  object space 49152K, 61% used [0x00000000a0000000,0x00000000a1d882e8,0x00000000a3000000)
 Metaspace       used 57641K, capacity 58980K, committed 59028K, reserved 1099776K
  class space    used 7704K, capacity 8027K, committed 8064K, reserved 1048576K
Event: 20.809 GC heap after
Heap after GC invocations=20 (full 3):
 PSYoungGen      total 137216K, used 0K [0x00000000e0000000, 0x00000000eaf00000, 0x0000000100000000)
  eden space 125440K, 0% used [0x00000000e0000000,0x00000000e0000000,0x00000000e7a80000)
  from space 11776K, 0% used [0x00000000e7a80000,0x00000000e7a80000,0x00000000e8600000)
  to   space 14848K, 0% used [0x00000000ea080000,0x00000000ea080000,0x00000000eaf00000)
 ParOldGen       total 83968K, used 34962K [0x00000000a0000000, 0x00000000a5200000, 0x00000000e0000000)
  object space 83968K, 41% used [0x00000000a0000000,0x00000000a2224a18,0x00000000a5200000)
 Metaspace       used 57641K, capacity 58980K, committed 59028K, reserved 1099776K
  class space    used 7704K, capacity 8027K, committed 8064K, reserved 1048576K
}
Event: 23.877 GC heap before
{Heap before GC invocations=21 (full 3):
 PSYoungGen      total 137216K, used 125440K [0x00000000e0000000, 0x00000000eaf00000, 0x0000000100000000)
  eden space 125440K, 100% used [0x00000000e0000000,0x00000000e7a80000,0x00000000e7a80000)
  from space 11776K, 0% used [0x00000000e7a80000,0x00000000e7a80000,0x00000000e8600000)
  to   space 14848K, 0% used [0x00000000ea080000,0x00000000ea080000,0x00000000eaf00000)
 ParOldGen       total 83968K, used 34962K [0x00000000a0000000, 0x00000000a5200000, 0x00000000e0000000)
  object space 83968K, 41% used [0x00000000a0000000,0x00000000a2224a18,0x00000000a5200000)
 Metaspace       used 63038K, capacity 64924K, committed 65024K, reserved 1105920K
  class space    used 8477K, capacity 8888K, committed 8960K, reserved 1048576K
Event: 23.899 GC heap after
Heap after GC invocations=21 (full 3):
 PSYoungGen      total 157184K, used 12653K [0x00000000e0000000, 0x00000000ead00000, 0x0000000100000000)
  eden space 144384K, 0% used [0x00000000e0000000,0x00000000e0000000,0x00000000e8d00000)
  from space 12800K, 98% used [0x00000000ea080000,0x00000000eacdb578,0x00000000ead00000)
  to   space 16384K, 0% used [0x00000000e8d00000,0x00000000e8d00000,0x00000000e9d00000)
 ParOldGen       total 83968K, used 34970K [0x00000000a0000000, 0x00000000a5200000, 0x00000000e0000000)
  object space 83968K, 41% used [0x00000000a0000000,0x00000000a2226a18,0x00000000a5200000)
 Metaspace       used 63038K, capacity 64924K, committed 65024K, reserved 1105920K
  class space    used 8477K, capacity 8888K, committed 8960K, reserved 1048576K
}
Event: 28.147 GC heap before
{Heap before GC invocations=22 (full 3):
 PSYoungGen      total 157184K, used 157037K [0x00000000e0000000, 0x00000000ead00000, 0x0000000100000000)
  eden space 144384K, 100% used [0x00000000e0000000,0x00000000e8d00000,0x00000000e8d00000)
  from space 12800K, 98% used [0x00000000ea080000,0x00000000eacdb578,0x00000000ead00000)
  to   space 16384K, 0% used [0x00000000e8d00000,0x00000000e8d00000,0x00000000e9d00000)
 ParOldGen       total 83968K, used 34970K [0x00000000a0000000, 0x00000000a5200000, 0x00000000e0000000)
  object space 83968K, 41% used [0x00000000a0000000,0x00000000a2226a18,0x00000000a5200000)
 Metaspace       used 64726K, capacity 66662K, committed 66944K, reserved 1107968K
  class space    used 8629K, capacity 9043K, committed 9088K, reserved 1048576K
Event: 28.181 GC heap after
Heap after GC invocations=22 (full 3):
 PSYoungGen      total 160768K, used 16381K [0x00000000e0000000, 0x00000000ecc00000, 0x0000000100000000)
  eden space 144384K, 0% used [0x00000000e0000000,0x00000000e0000000,0x00000000e8d00000)
  from space 16384K, 99% used [0x00000000e8d00000,0x00000000e9cff4f0,0x00000000e9d00000)
  to   space 22016K, 0% used [0x00000000eb680000,0x00000000eb680000,0x00000000ecc00000)
 ParOldGen       total 83968K, used 43195K [0x00000000a0000000, 0x00000000a5200000, 0x00000000e0000000)
  object space 83968K, 51% used [0x00000000a0000000,0x00000000a2a2ec70,0x00000000a5200000)
 Metaspace       used 64726K, capacity 66662K, committed 66944K, reserved 1107968K
  class space    used 8629K, capacity 9043K, committed 9088K, reserved 1048576K
}

Deoptimization events (10 events):
Event: 30.244 Thread 0x00000000194f9000 Uncommon trap: reason=bimorphic action=maybe_recompile pc=0x00000000042cbe9c method=com.sun.org.apache.xerces.internal.dom.ParentNode.checkNormalizationAfterInsert(Lcom/sun/org/apache/xerces/internal/dom/ChildNode;)V @ 23
Event: 30.244 Thread 0x00000000194f9000 Uncommon trap: reason=bimorphic action=maybe_recompile pc=0x00000000042cbe9c method=com.sun.org.apache.xerces.internal.dom.ParentNode.checkNormalizationAfterInsert(Lcom/sun/org/apache/xerces/internal/dom/ChildNode;)V @ 23
Event: 30.244 Thread 0x00000000194f9000 Uncommon trap: reason=bimorphic action=maybe_recompile pc=0x00000000042cbe9c method=com.sun.org.apache.xerces.internal.dom.ParentNode.checkNormalizationAfterInsert(Lcom/sun/org/apache/xerces/internal/dom/ChildNode;)V @ 23
Event: 30.249 Thread 0x00000000194f9000 Uncommon trap: reason=bimorphic action=maybe_recompile pc=0x0000000003aab3f4 method=com.sun.org.apache.xerces.internal.dom.NamedNodeMapImpl.findNamePoint(Ljava/lang/String;I)I @ 57
Event: 30.268 Thread 0x00000000194f9000 Uncommon trap: reason=bimorphic action=maybe_recompile pc=0x0000000003aab3f4 method=com.sun.org.apache.xerces.internal.dom.NamedNodeMapImpl.findNamePoint(Ljava/lang/String;I)I @ 57
Event: 30.270 Thread 0x00000000194f9000 Uncommon trap: reason=unstable_if action=reinterpret pc=0x0000000004384ad0 method=com.android.utils.XmlUtils.toXmlAttributeValue(Ljava/lang/String;)Ljava/lang/String; @ 33
Event: 30.271 Thread 0x00000000194f9000 Uncommon trap: reason=unstable_if action=reinterpret pc=0x0000000003dd2e38 method=com.android.utils.XmlUtils.toXmlAttributeValue(Ljava/lang/String;)Ljava/lang/String; @ 33
Event: 30.286 Thread 0x00000000194f9000 Uncommon trap: reason=unstable_if action=reinterpret pc=0x000000000437fd14 method=com.android.utils.XmlUtils.append(Lcom/android/utils/XmlUtils$PositionAwareStringBuilder;Lorg/w3c/dom/Node;Ljava/util/Map;)V @ 450
Event: 30.289 Thread 0x00000000194f9000 Uncommon trap: reason=unstable_if action=reinterpret pc=0x0000000004356fac method=sun.nio.cs.UTF_8$Encoder.encodeArrayLoop(Ljava/nio/CharBuffer;Ljava/nio/ByteBuffer;)Ljava/nio/charset/CoderResult; @ 175
Event: 30.291 Thread 0x00000000194f9000 Uncommon trap: reason=unstable_if action=reinterpret pc=0x00000000042e935c method=sun.nio.cs.UTF_8$Encoder.encodeArrayLoop(Ljava/nio/CharBuffer;Ljava/nio/ByteBuffer;)Ljava/nio/charset/CoderResult; @ 400

Classes redefined (0 events):
No events

Internal exceptions (10 events):
Event: 22.200 Thread 0x000000001936f000 Exception <a 'java/lang/NoSuchMethodError': <clinit>> (0x00000000e4ca4d08) thrown at [D:\src\AOSP-openjdk-cygwin\jdk8u\hotspot\src\share\vm\prims\jni.cpp, line 1613]
Event: 22.216 Thread 0x000000001936f000 Exception <a 'java/lang/NoSuchMethodError': <clinit>> (0x00000000e4d17ed0) thrown at [D:\src\AOSP-openjdk-cygwin\jdk8u\hotspot\src\share\vm\prims\jni.cpp, line 1613]
Event: 22.217 Thread 0x000000001936f000 Exception <a 'java/lang/NoSuchMethodError': <clinit>> (0x00000000e4d290f8) thrown at [D:\src\AOSP-openjdk-cygwin\jdk8u\hotspot\src\share\vm\prims\jni.cpp, line 1613]
Event: 22.218 Thread 0x000000001936f000 Exception <a 'java/lang/NoSuchMethodError': <clinit>> (0x00000000e4d2ac28) thrown at [D:\src\AOSP-openjdk-cygwin\jdk8u\hotspot\src\share\vm\prims\jni.cpp, line 1613]
Event: 24.822 Thread 0x000000001936f000 Exception <a 'java/lang/NoSuchMethodError': <clinit>> (0x00000000e23944e8) thrown at [D:\src\AOSP-openjdk-cygwin\jdk8u\hotspot\src\share\vm\prims\jni.cpp, line 1613]
Event: 24.831 Thread 0x000000001936f000 Exception <a 'java/lang/NoSuchMethodError': <clinit>> (0x00000000e239e478) thrown at [D:\src\AOSP-openjdk-cygwin\jdk8u\hotspot\src\share\vm\prims\jni.cpp, line 1613]
Event: 28.382 Thread 0x00000000194f9000 Implicit null exception at 0x00000000042096b4 to 0x0000000004209c8c
Event: 29.329 Thread 0x00000000194f9000 Implicit null exception at 0x000000000432179b to 0x0000000004322a45
Event: 30.243 Thread 0x00000000194f9000 Implicit null exception at 0x000000000435b6ff to 0x0000000004362b39
Event: 30.286 Thread 0x00000000194f9000 Implicit null exception at 0x00000000043822ea to 0x000000000437fce5

Events (10 events):
Event: 30.397 loading class com/android/utils/GrabProcessOutput$1
Event: 30.397 loading class com/android/utils/GrabProcessOutput$1 done
Event: 30.398 loading class com/android/utils/GrabProcessOutput$2
Event: 30.398 loading class com/android/utils/GrabProcessOutput$2 done
Event: 30.399 Thread 0x000000001dc99800 Thread added: 0x000000001dc99800
Event: 30.399 Thread 0x000000001dc9a800 Thread added: 0x000000001dc9a800
Event: 30.400 Thread 0x000000001dc9b000 Thread added: 0x000000001dc9b000
Event: 30.400 Thread 0x000000001dc96800 Thread added: 0x000000001dc96800
Event: 30.404 Thread 0x000000001dc94800 Thread added: 0x000000001dc94800
Event: 30.404 Thread 0x000000001dc97800 Thread added: 0x000000001dc97800


Dynamic libraries:
0x00007ff7f1b10000 - 0x00007ff7f1b41000 	R:\Programs\Android\jre\bin\java.exe
0x00007ffeeb680000 - 0x00007ffeeb861000 	C:\WINDOWS\SYSTEM32\ntdll.dll
0x00007ffee9a40000 - 0x00007ffee9af1000 	C:\WINDOWS\System32\KERNEL32.DLL
0x00007ffee80b0000 - 0x00007ffee8323000 	C:\WINDOWS\System32\KERNELBASE.dll
0x00007ffee9410000 - 0x00007ffee94b1000 	C:\WINDOWS\System32\ADVAPI32.dll
0x00007ffeeb360000 - 0x00007ffeeb3fe000 	C:\WINDOWS\System32\msvcrt.dll
0x00007ffee8ce0000 - 0x00007ffee8d3b000 	C:\WINDOWS\System32\sechost.dll
0x00007ffee8bb0000 - 0x00007ffee8cd4000 	C:\WINDOWS\System32\RPCRT4.dll
0x00007ffee8e00000 - 0x00007ffee8f90000 	C:\WINDOWS\System32\USER32.dll
0x00007ffee8330000 - 0x00007ffee8350000 	C:\WINDOWS\System32\win32u.dll
0x00007ffee9ee0000 - 0x00007ffee9f08000 	C:\WINDOWS\System32\GDI32.dll
0x00007ffee7b00000 - 0x00007ffee7c92000 	C:\WINDOWS\System32\gdi32full.dll
0x00007ffee7ca0000 - 0x00007ffee7d3f000 	C:\WINDOWS\System32\msvcp_win.dll
0x00007ffee7fb0000 - 0x00007ffee80a8000 	C:\WINDOWS\System32\ucrtbase.dll
0x00007ffed6230000 - 0x00007ffed6499000 	C:\WINDOWS\WinSxS\amd64_microsoft.windows.common-controls_6595b64144ccf1df_6.0.17134.765_none_fb42a1a930655896\COMCTL32.dll
0x00007ffee9bb0000 - 0x00007ffee9ed2000 	C:\WINDOWS\System32\combase.dll
0x00007ffee7f30000 - 0x00007ffee7faa000 	C:\WINDOWS\System32\bcryptPrimitives.dll
0x00007ffee8d40000 - 0x00007ffee8d6d000 	C:\WINDOWS\System32\IMM32.DLL
0x0000000059e20000 - 0x0000000059ef2000 	R:\Programs\Android\jre\jre\bin\msvcr100.dll
0x000000005a340000 - 0x000000005ab81000 	R:\Programs\Android\jre\jre\bin\server\jvm.dll
0x00007ffee9f10000 - 0x00007ffee9f18000 	C:\WINDOWS\System32\PSAPI.DLL
0x00007ffee5750000 - 0x00007ffee5773000 	C:\WINDOWS\SYSTEM32\WINMM.dll
0x00007ffedad30000 - 0x00007ffedad39000 	C:\WINDOWS\SYSTEM32\WSOCK32.dll
0x00007ffee07f0000 - 0x00007ffee07fa000 	C:\WINDOWS\SYSTEM32\VERSION.dll
0x00007ffee9970000 - 0x00007ffee99dc000 	C:\WINDOWS\System32\WS2_32.dll
0x00007ffee5530000 - 0x00007ffee555a000 	C:\WINDOWS\SYSTEM32\winmmbase.dll
0x00007ffee8350000 - 0x00007ffee8399000 	C:\WINDOWS\System32\cfgmgr32.dll
0x00007ffed7460000 - 0x00007ffed746f000 	R:\Programs\Android\jre\jre\bin\verify.dll
0x00007ffec47c0000 - 0x00007ffec47e9000 	R:\Programs\Android\jre\jre\bin\java.dll
0x00007ffec47a0000 - 0x00007ffec47b6000 	R:\Programs\Android\jre\jre\bin\zip.dll
0x00007ffee9f20000 - 0x00007ffeeb360000 	C:\WINDOWS\System32\SHELL32.dll
0x00007ffee9b00000 - 0x00007ffee9ba9000 	C:\WINDOWS\System32\shcore.dll
0x00007ffee83a0000 - 0x00007ffee8aad000 	C:\WINDOWS\System32\windows.storage.dll
0x00007ffee99e0000 - 0x00007ffee9a31000 	C:\WINDOWS\System32\shlwapi.dll
0x00007ffee7a10000 - 0x00007ffee7a21000 	C:\WINDOWS\System32\kernel.appcore.dll
0x00007ffee7a30000 - 0x00007ffee7a4f000 	C:\WINDOWS\System32\profapi.dll
0x00007ffee79a0000 - 0x00007ffee79ec000 	C:\WINDOWS\System32\powrprof.dll
0x00007ffee7990000 - 0x00007ffee799a000 	C:\WINDOWS\System32\FLTLIB.DLL
0x00007ffec39f0000 - 0x00007ffec3a0a000 	R:\Programs\Android\jre\jre\bin\net.dll
0x00007ffee71b0000 - 0x00007ffee7216000 	C:\WINDOWS\system32\mswsock.dll
0x00007ffec39d0000 - 0x00007ffec39e1000 	R:\Programs\Android\jre\jre\bin\nio.dll
0x00007ffee3bd0000 - 0x00007ffee3bee000 	C:\Users\RaOne\.gradle\native\25\windows-amd64\native-platform.dll
0x00007ffed5380000 - 0x00007ffed538d000 	R:\Programs\Android\jre\jre\bin\management.dll
0x00007ffee73c0000 - 0x00007ffee73d7000 	C:\WINDOWS\SYSTEM32\CRYPTSP.dll
0x00007ffee6d90000 - 0x00007ffee6dc3000 	C:\WINDOWS\system32\rsaenh.dll
0x00007ffee74f0000 - 0x00007ffee7515000 	C:\WINDOWS\SYSTEM32\bcrypt.dll
0x00007ffee78c0000 - 0x00007ffee78e8000 	C:\WINDOWS\SYSTEM32\USERENV.dll
0x00007ffee7450000 - 0x00007ffee745b000 	C:\WINDOWS\SYSTEM32\CRYPTBASE.dll
0x00007ffee6f30000 - 0x00007ffee6f68000 	C:\WINDOWS\SYSTEM32\IPHLPAPI.DLL
0x00007ffee9110000 - 0x00007ffee9118000 	C:\WINDOWS\System32\NSI.dll
0x00007ffee1350000 - 0x00007ffee1366000 	C:\WINDOWS\SYSTEM32\dhcpcsvc6.DLL
0x00007ffedff40000 - 0x00007ffedff5a000 	C:\WINDOWS\SYSTEM32\dhcpcsvc.DLL

VM Arguments:
jvm_args: -Xmx1536m -Dfile.encoding=windows-1252 -Duser.country=US -Duser.language=en -Duser.variant 
java_command: org.gradle.launcher.daemon.bootstrap.GradleDaemon 5.1.1
java_class_path (initial): C:\Users\RaOne\.gradle\wrapper\dists\gradle-5.1.1-all\97z1ksx6lirer3kbvdnh7jtjg\gradle-5.1.1\lib\gradle-launcher-5.1.1.jar
Launcher Type: SUN_STANDARD

Environment Variables:
PATH=C:\Program Files (x86)\Common Files\Oracle\Java\javapath;C:\WINDOWS\system32;C:\WINDOWS;C:\WINDOWS\System32\Wbem;C:\WINDOWS\System32\WindowsPowerShell\v1.0\;C:\Program Files\Git\cmd;R:\Programs\Go\bin;C:\WINDOWS\System32\OpenSSH\;R:\Programs\nodejs\;C:\Program Files\mingw-w64\x86_64-8.1.0-posix-seh-rt_v6-rev0\mingw64\bin;C:\Users\RaOne\AppData\Local\Programs\Python\Python37\Scripts\;C:\Users\RaOne\AppData\Local\Programs\Python\Python37\;C:\Users\RaOne\AppData\Local\Microsoft\WindowsApps;C:\Users\RaOne\AppData\Local\atom\bin;R:\Projects\Go\bin;;C:\Users\RaOne\AppData\Local\Microsoft\WindowsApps;C:\Users\RaOne\AppData\Roaming\npm;R:\Programs\GoLand 2019.1\bin;
USERNAME=RaOne
OS=Windows_NT
PROCESSOR_IDENTIFIER=Intel64 Family 6 Model 78 Stepping 3, GenuineIntel



---------------  S Y S T E M  ---------------

OS: Windows 10.0 , 64 bit Build 17134 (10.0.17134.753)

CPU:total 4 (initial active 4) (2 cores per cpu, 2 threads per core) family 6 model 78 stepping 3, cmov, cx8, fxsr, mmx, sse, sse2, sse3, ssse3, sse4.1, sse4.2, popcnt, avx, avx2, aes, clmul, erms, 3dnowpref, lzcnt, ht, tsc, tscinvbit, bmi1, bmi2, adx

Memory: 4k page, physical 4065032k(259376k free), swap 11850628k(2516k free)

vm_info: OpenJDK 64-Bit Server VM (25.152-b01) for windows-amd64 JRE (1.8.0_152-release-1343-b01), built by "builder" with MS VC++ 10.0 (VS2010)

time: Tue May 28 12:58:11 2019
elapsed time: 30 seconds (0d 0h 0m 30s)

