#
# There is insufficient memory for the Java Runtime Environment to continue.
# Native memory allocation (malloc) failed to allocate 32744 bytes for ChunkPool::allocate
# Possible reasons:
#   The system is out of physical RAM or swap space
#   In 32 bit mode, the process size limit was hit
# Possible solutions:
#   Reduce memory load on the system
#   Increase physical memory or swap space
#   Check if swap backing store is full
#   Use 64 bit Java on a 64 bit OS
#   Decrease Java heap size (-Xmx/-Xms)
#   Decrease number of Java threads
#   Decrease Java thread stack sizes (-Xss)
#   Set larger code cache with -XX:ReservedCodeCacheSize=
# This output file may be truncated or incomplete.
#
#  Out of Memory Error (allocation.cpp:273), pid=17640, tid=0x00000000000029f8
#
# JRE version: OpenJDK Runtime Environment (8.0_152-b01) (build 1.8.0_152-release-1343-b01)
# Java VM: OpenJDK 64-Bit Server VM (25.152-b01 mixed mode windows-amd64 compressed oops)
# Failed to write core dump. Minidumps are not enabled by default on client versions of Windows
#

---------------  T H R E A D  ---------------

Current thread (0x0000000019571800):  JavaThread "Asynchronous log dispatcher for DefaultDaemonConnection: socket connection from /127.0.0.1:56815 to /127.0.0.1:56816" [_thread_in_vm, id=10744, stack(0x000000001abc0000,0x000000001acc0000)]

Stack: [0x000000001abc0000,0x000000001acc0000]
[error occurred during error reporting (printing stack bounds), id 0xc0000005]

Native frames: (J=compiled Java code, j=interpreted, Vv=VM code, C=native code)

Java frames: (J=compiled Java code, j=interpreted, Vv=VM code)
j  org.gradle.launcher.daemon.server.DefaultDaemonConnection.logEvent(Lorg/gradle/internal/logging/events/OutputEvent;)V+4
j  org.gradle.launcher.daemon.server.exec.LogToClient$AsynchronousLogDispatcher.dispatchAsync(Lorg/gradle/internal/logging/events/OutputEvent;)V+13
j  org.gradle.launcher.daemon.server.exec.LogToClient$AsynchronousLogDispatcher.run()V+35
v  ~StubRoutines::call_stub

---------------  P R O C E S S  ---------------

Java Threads: ( => current thread )
  0x0000000018ded800 JavaThread "Cache worker for file hash cache (R:\Projects\AndroidStudioProjects\QazaqHalyqAnderi\.gradle\5.1.1\fileHashes)" [_thread_blocked, id=14664, stack(0x000000001d360000,0x000000001d460000)]
  0x0000000018de9000 JavaThread "Cache worker for journal cache (C:\Users\RaOne\.gradle\caches\journal-1)" [_thread_blocked, id=21732, stack(0x000000001b0c0000,0x000000001b1c0000)]
  0x0000000018ded000 JavaThread "File lock request listener" [_thread_in_native, id=8136, stack(0x000000001afc0000,0x000000001b0c0000)]
  0x000000001991f800 JavaThread "Cache worker for file hash cache (C:\Users\RaOne\.gradle\caches\5.1.1\fileHashes)" [_thread_blocked, id=19244, stack(0x000000001aec0000,0x000000001afc0000)]
  0x0000000019575800 JavaThread "Thread-8" [_thread_blocked, id=2780, stack(0x000000001adc0000,0x000000001aec0000)]
  0x0000000019572000 JavaThread "Stdin handler" [_thread_blocked, id=20548, stack(0x000000001acc0000,0x000000001adc0000)]
=>0x0000000019571800 JavaThread "Asynchronous log dispatcher for DefaultDaemonConnection: socket connection from /127.0.0.1:56815 to /127.0.0.1:56816" [_thread_in_vm, id=10744, stack(0x000000001abc0000,0x000000001acc0000)]
  0x000000001959a800 JavaThread "Daemon worker" [_thread_in_vm, id=18744, stack(0x000000001aac0000,0x000000001abc0000)]
  0x00000000194ed000 JavaThread "Cancel handler" [_thread_blocked, id=19488, stack(0x000000001a9c0000,0x000000001aac0000)]
  0x00000000194f7800 JavaThread "Handler for socket connection from /127.0.0.1:56815 to /127.0.0.1:56816" [_thread_in_native, id=14176, stack(0x000000001a6c0000,0x000000001a7c0000)]
  0x00000000194f7000 JavaThread "Daemon" [_thread_blocked, id=18056, stack(0x000000001a5c0000,0x000000001a6c0000)]
  0x00000000194bd800 JavaThread "Daemon periodic checks" [_thread_blocked, id=12112, stack(0x000000001a4c0000,0x000000001a5c0000)]
  0x00000000194bc800 JavaThread "Incoming local TCP Connector on port 56815" [_thread_in_native, id=17432, stack(0x000000001a280000,0x000000001a380000)]
  0x0000000017f98800 JavaThread "Service Thread" daemon [_thread_blocked, id=20028, stack(0x0000000018370000,0x0000000018470000)]
  0x0000000016629800 JavaThread "C1 CompilerThread2" daemon [_thread_in_vm, id=5324, stack(0x0000000017e70000,0x0000000017f70000)]
  0x000000001661e800 JavaThread "C2 CompilerThread1" daemon [_thread_in_native, id=19160, stack(0x0000000017d70000,0x0000000017e70000)]
  0x0000000016627000 JavaThread "C2 CompilerThread0" daemon [_thread_in_native, id=13528, stack(0x0000000017c70000,0x0000000017d70000)]
  0x0000000016625800 JavaThread "Attach Listener" daemon [_thread_blocked, id=18224, stack(0x0000000017b70000,0x0000000017c70000)]
  0x0000000016624800 JavaThread "Signal Dispatcher" daemon [_thread_blocked, id=18008, stack(0x0000000017a70000,0x0000000017b70000)]
  0x0000000016609800 JavaThread "Finalizer" daemon [_thread_blocked, id=20040, stack(0x0000000017880000,0x0000000017980000)]
  0x0000000002c9f800 JavaThread "Reference Handler" daemon [_thread_blocked, id=19280, stack(0x0000000017780000,0x0000000017880000)]
  0x0000000002b1d800 JavaThread "main" [_thread_blocked, id=13376, stack(0x0000000002a10000,0x0000000002b10000)]

Other Threads:
  0x00000000165e7000 VMThread [stack: 0x0000000017680000,0x0000000017780000] [id=21036]
  0x000000001667d800 WatcherThread [stack: 0x0000000018470000,0x0000000018570000] [id=14632]

VM state:not at safepoint (normal execution)

VM Mutex/Monitor currently owned by a thread: None

Heap:
 PSYoungGen      total 70656K, used 24298K [0x00000000e0000000, 0x00000000e4e00000, 0x0000000100000000)
  eden space 64512K, 28% used [0x00000000e0000000,0x00000000e11c1350,0x00000000e3f00000)
  from space 6144K, 99% used [0x00000000e4600000,0x00000000e4bf9648,0x00000000e4c00000)
  to   space 7168K, 0% used [0x00000000e3f00000,0x00000000e3f00000,0x00000000e4600000)
 ParOldGen       total 44032K, used 6426K [0x00000000a0000000, 0x00000000a2b00000, 0x00000000e0000000)
  object space 44032K, 14% used [0x00000000a0000000,0x00000000a06469a0,0x00000000a2b00000)
 Metaspace       used 17659K, capacity 18050K, committed 18432K, reserved 1069056K
  class space    used 2561K, capacity 2716K, committed 2816K, reserved 1048576K

Card table byte_map: [0x0000000012070000,0x0000000012380000] byte_map_base: 0x0000000011b70000

Marking Bits: (ParMarkBitMap*) 0x000000005ab05aa0
 Begin Bits: [0x0000000012980000, 0x0000000014180000)
 End Bits:   [0x0000000014180000, 0x0000000015980000)

Polling page: 0x0000000002b20000

CodeCache: size=245760Kb used=5307Kb max_used=5307Kb free=240452Kb
 bounds [0x0000000002cb0000, 0x00000000031f0000, 0x0000000011cb0000]
 total_blobs=1935 nmethods=1532 adapters=316
 compilation: enabled

Compilation events (10 events):
Event: 3.515 Thread 0x0000000016629800 1533       3       java.lang.reflect.Constructor::<init> (50 bytes)
Event: 3.516 Thread 0x0000000016629800 nmethod 1533 0x00000000031dded0 code [0x00000000031de040, 0x00000000031de350]
Event: 3.516 Thread 0x0000000016629800 1534       3       java.lang.Class::getDeclaredMethod (67 bytes)
Event: 3.517 Thread 0x0000000016629800 nmethod 1534 0x00000000031de850 code [0x00000000031deaa0, 0x00000000031df758]
Event: 3.517 Thread 0x0000000016629800 1535       3       java.lang.Exception::<init> (6 bytes)
Event: 3.518 Thread 0x0000000016629800 nmethod 1535 0x00000000031dfd10 code [0x00000000031dfea0, 0x00000000031e0488]
Event: 3.518 Thread 0x0000000016629800 1537       3       sun.reflect.ClassFileAssembler::getLength (11 bytes)
Event: 3.519 Thread 0x0000000016629800 nmethod 1537 0x00000000031e08d0 code [0x00000000031e0a40, 0x00000000031e0c50]
Event: 3.519 Thread 0x0000000016629800 1538       3       java.lang.ReflectiveOperationException::<init> (6 bytes)
Event: 3.520 Thread 0x0000000016629800 nmethod 1538 0x00000000031e0d50 code [0x00000000031e0ec0, 0x00000000031e10a8]

GC Heap History (10 events):
Event: 1.120 GC heap before
{Heap before GC invocations=2 (full 0):
 PSYoungGen      total 18944K, used 18932K [0x00000000e0000000, 0x00000000e1500000, 0x0000000100000000)
  eden space 16384K, 100% used [0x00000000e0000000,0x00000000e1000000,0x00000000e1000000)
  from space 2560K, 99% used [0x00000000e1000000,0x00000000e127d140,0x00000000e1280000)
  to   space 2560K, 0% used [0x00000000e1280000,0x00000000e1280000,0x00000000e1500000)
 ParOldGen       total 44032K, used 221K [0x00000000a0000000, 0x00000000a2b00000, 0x00000000e0000000)
  object space 44032K, 0% used [0x00000000a0000000,0x00000000a00375e0,0x00000000a2b00000)
 Metaspace       used 6593K, capacity 6734K, committed 7040K, reserved 1056768K
  class space    used 802K, capacity 843K, committed 896K, reserved 1048576K
Event: 1.123 GC heap after
Heap after GC invocations=2 (full 0):
 PSYoungGen      total 18944K, used 2544K [0x00000000e0000000, 0x00000000e1500000, 0x0000000100000000)
  eden space 16384K, 0% used [0x00000000e0000000,0x00000000e0000000,0x00000000e1000000)
  from space 2560K, 99% used [0x00000000e1280000,0x00000000e14fc010,0x00000000e1500000)
  to   space 2560K, 0% used [0x00000000e1000000,0x00000000e1000000,0x00000000e1280000)
 ParOldGen       total 44032K, used 445K [0x00000000a0000000, 0x00000000a2b00000, 0x00000000e0000000)
  object space 44032K, 1% used [0x00000000a0000000,0x00000000a006f748,0x00000000a2b00000)
 Metaspace       used 6593K, capacity 6734K, committed 7040K, reserved 1056768K
  class space    used 802K, capacity 843K, committed 896K, reserved 1048576K
}
Event: 1.351 GC heap before
{Heap before GC invocations=3 (full 0):
 PSYoungGen      total 18944K, used 18928K [0x00000000e0000000, 0x00000000e1500000, 0x0000000100000000)
  eden space 16384K, 100% used [0x00000000e0000000,0x00000000e1000000,0x00000000e1000000)
  from space 2560K, 99% used [0x00000000e1280000,0x00000000e14fc010,0x00000000e1500000)
  to   space 2560K, 0% used [0x00000000e1000000,0x00000000e1000000,0x00000000e1280000)
 ParOldGen       total 44032K, used 445K [0x00000000a0000000, 0x00000000a2b00000, 0x00000000e0000000)
  object space 44032K, 1% used [0x00000000a0000000,0x00000000a006f748,0x00000000a2b00000)
 Metaspace       used 6793K, capacity 7014K, committed 7168K, reserved 1056768K
  class space    used 830K, capacity 915K, committed 1024K, reserved 1048576K
Event: 1.357 GC heap after
Heap after GC invocations=3 (full 0):
 PSYoungGen      total 18944K, used 2553K [0x00000000e0000000, 0x00000000e2500000, 0x0000000100000000)
  eden space 16384K, 0% used [0x00000000e0000000,0x00000000e0000000,0x00000000e1000000)
  from space 2560K, 99% used [0x00000000e1000000,0x00000000e127e460,0x00000000e1280000)
  to   space 2560K, 0% used [0x00000000e2280000,0x00000000e2280000,0x00000000e2500000)
 ParOldGen       total 44032K, used 738K [0x00000000a0000000, 0x00000000a2b00000, 0x00000000e0000000)
  object space 44032K, 1% used [0x00000000a0000000,0x00000000a00b8b58,0x00000000a2b00000)
 Metaspace       used 6793K, capacity 7014K, committed 7168K, reserved 1056768K
  class space    used 830K, capacity 915K, committed 1024K, reserved 1048576K
}
Event: 1.610 GC heap before
{Heap before GC invocations=4 (full 0):
 PSYoungGen      total 18944K, used 18937K [0x00000000e0000000, 0x00000000e2500000, 0x0000000100000000)
  eden space 16384K, 100% used [0x00000000e0000000,0x00000000e1000000,0x00000000e1000000)
  from space 2560K, 99% used [0x00000000e1000000,0x00000000e127e460,0x00000000e1280000)
  to   space 2560K, 0% used [0x00000000e2280000,0x00000000e2280000,0x00000000e2500000)
 ParOldGen       total 44032K, used 738K [0x00000000a0000000, 0x00000000a2b00000, 0x00000000e0000000)
  object space 44032K, 1% used [0x00000000a0000000,0x00000000a00b8b58,0x00000000a2b00000)
 Metaspace       used 8826K, capacity 9044K, committed 9216K, reserved 1056768K
  class space    used 1150K, capacity 1226K, committed 1280K, reserved 1048576K
Event: 1.615 GC heap after
Heap after GC invocations=4 (full 0):
 PSYoungGen      total 35328K, used 2544K [0x00000000e0000000, 0x00000000e2500000, 0x0000000100000000)
  eden space 32768K, 0% used [0x00000000e0000000,0x00000000e0000000,0x00000000e2000000)
  from space 2560K, 99% used [0x00000000e2280000,0x00000000e24fc010,0x00000000e2500000)
  to   space 2560K, 0% used [0x00000000e2000000,0x00000000e2000000,0x00000000e2280000)
 ParOldGen       total 44032K, used 2123K [0x00000000a0000000, 0x00000000a2b00000, 0x00000000e0000000)
  object space 44032K, 4% used [0x00000000a0000000,0x00000000a0212c80,0x00000000a2b00000)
 Metaspace       used 8826K, capacity 9044K, committed 9216K, reserved 1056768K
  class space    used 1150K, capacity 1226K, committed 1280K, reserved 1048576K
}
Event: 2.791 GC heap before
{Heap before GC invocations=5 (full 0):
 PSYoungGen      total 35328K, used 35312K [0x00000000e0000000, 0x00000000e2500000, 0x0000000100000000)
  eden space 32768K, 100% used [0x00000000e0000000,0x00000000e2000000,0x00000000e2000000)
  from space 2560K, 99% used [0x00000000e2280000,0x00000000e24fc010,0x00000000e2500000)
  to   space 2560K, 0% used [0x00000000e2000000,0x00000000e2000000,0x00000000e2280000)
 ParOldGen       total 44032K, used 2123K [0x00000000a0000000, 0x00000000a2b00000, 0x00000000e0000000)
  object space 44032K, 4% used [0x00000000a0000000,0x00000000a0212c80,0x00000000a2b00000)
 Metaspace       used 13216K, capacity 13556K, committed 13824K, reserved 1060864K
  class space    used 1824K, capacity 1964K, committed 2048K, reserved 1048576K
Event: 2.799 GC heap after
Heap after GC invocations=5 (full 0):
 PSYoungGen      total 35328K, used 2528K [0x00000000e0000000, 0x00000000e4c00000, 0x0000000100000000)
  eden space 32768K, 0% used [0x00000000e0000000,0x00000000e0000000,0x00000000e2000000)
  from space 2560K, 98% used [0x00000000e2000000,0x00000000e2278020,0x00000000e2280000)
  to   space 6144K, 0% used [0x00000000e4600000,0x00000000e4600000,0x00000000e4c00000)
 ParOldGen       total 44032K, used 5979K [0x00000000a0000000, 0x00000000a2b00000, 0x00000000e0000000)
  object space 44032K, 13% used [0x00000000a0000000,0x00000000a05d6f70,0x00000000a2b00000)
 Metaspace       used 13216K, capacity 13556K, committed 13824K, reserved 1060864K
  class space    used 1824K, capacity 1964K, committed 2048K, reserved 1048576K
}
Event: 3.241 GC heap before
{Heap before GC invocations=6 (full 0):
 PSYoungGen      total 35328K, used 35296K [0x00000000e0000000, 0x00000000e4c00000, 0x0000000100000000)
  eden space 32768K, 100% used [0x00000000e0000000,0x00000000e2000000,0x00000000e2000000)
  from space 2560K, 98% used [0x00000000e2000000,0x00000000e2278020,0x00000000e2280000)
  to   space 6144K, 0% used [0x00000000e4600000,0x00000000e4600000,0x00000000e4c00000)
 ParOldGen       total 44032K, used 5979K [0x00000000a0000000, 0x00000000a2b00000, 0x00000000e0000000)
  object space 44032K, 13% used [0x00000000a0000000,0x00000000a05d6f70,0x00000000a2b00000)
 Metaspace       used 16027K, capacity 16356K, committed 16640K, reserved 1062912K
  class space    used 2301K, capacity 2454K, committed 2560K, reserved 1048576K
Event: 3.254 GC heap after
Heap after GC invocations=6 (full 0):
 PSYoungGen      total 70656K, used 6117K [0x00000000e0000000, 0x00000000e4e00000, 0x0000000100000000)
  eden space 64512K, 0% used [0x00000000e0000000,0x00000000e0000000,0x00000000e3f00000)
  from space 6144K, 99% used [0x00000000e4600000,0x00000000e4bf9648,0x00000000e4c00000)
  to   space 7168K, 0% used [0x00000000e3f00000,0x00000000e3f00000,0x00000000e4600000)
 ParOldGen       total 44032K, used 6426K [0x00000000a0000000, 0x00000000a2b00000, 0x00000000e0000000)
  object space 44032K, 14% used [0x00000000a0000000,0x00000000a06469a0,0x00000000a2b00000)
 Metaspace       used 16027K, capacity 16356K, committed 16640K, reserved 1062912K
  class space    used 2301K, capacity 2454K, committed 2560K, reserved 1048576K
}

Deoptimization events (10 events):
Event: 2.565 Thread 0x000000001959a800 Uncommon trap: reason=bimorphic action=maybe_recompile pc=0x0000000002f38f74 method=java.util.HashMap.putVal(ILjava/lang/Object;Ljava/lang/Object;ZZ)Ljava/lang/Object; @ 253
Event: 2.565 Thread 0x000000001959a800 Uncommon trap: reason=bimorphic action=maybe_recompile pc=0x0000000002f38f74 method=java.util.HashMap.putVal(ILjava/lang/Object;Ljava/lang/Object;ZZ)Ljava/lang/Object; @ 253
Event: 2.565 Thread 0x000000001959a800 Uncommon trap: reason=bimorphic action=maybe_recompile pc=0x0000000002f38f74 method=java.util.HashMap.putVal(ILjava/lang/Object;Ljava/lang/Object;ZZ)Ljava/lang/Object; @ 253
Event: 2.565 Thread 0x000000001959a800 Uncommon trap: reason=bimorphic action=maybe_recompile pc=0x0000000002f30f34 method=java.util.HashMap.putVal(ILjava/lang/Object;Ljava/lang/Object;ZZ)Ljava/lang/Object; @ 253
Event: 2.769 Thread 0x000000001959a800 Uncommon trap: reason=class_check action=maybe_recompile pc=0x0000000002f71318 method=java.util.regex.Matcher.match(II)Z @ 86
Event: 2.788 Thread 0x000000001959a800 Uncommon trap: reason=class_check action=maybe_recompile pc=0x0000000002f71318 method=java.util.regex.Matcher.match(II)Z @ 86
Event: 2.788 Thread 0x000000001959a800 Uncommon trap: reason=class_check action=maybe_recompile pc=0x0000000002f71318 method=java.util.regex.Matcher.match(II)Z @ 86
Event: 2.789 Thread 0x000000001959a800 Uncommon trap: reason=class_check action=maybe_recompile pc=0x0000000002f2bc5c method=java.util.regex.Matcher.match(II)Z @ 86
Event: 3.051 Thread 0x000000001959a800 Uncommon trap: reason=unstable_if action=reinterpret pc=0x00000000030975b4 method=java.lang.String.lastIndexOf([CII[CIII)I @ 66
Event: 3.505 Thread 0x000000001959a800 Uncommon trap: reason=unstable_if action=reinterpret pc=0x0000000002f6ac58 method=java.io.File.getName()Ljava/lang/String; @ 16

Classes redefined (0 events):
No events

Internal exceptions (10 events):
Event: 2.498 Thread 0x00000000194f7800 Exception <a 'java/lang/NoSuchMethodError': <clinit>> (0x00000000e09dda98) thrown at [D:\src\AOSP-openjdk-cygwin\jdk8u\hotspot\src\share\vm\prims\jni.cpp, line 1613]
Event: 2.499 Thread 0x00000000194f7800 Exception <a 'java/lang/NoSuchMethodError': <clinit>> (0x00000000e09e6590) thrown at [D:\src\AOSP-openjdk-cygwin\jdk8u\hotspot\src\share\vm\prims\jni.cpp, line 1613]
Event: 2.500 Thread 0x00000000194f7800 Exception <a 'java/lang/NoSuchMethodError': <clinit>> (0x00000000e09fc6f8) thrown at [D:\src\AOSP-openjdk-cygwin\jdk8u\hotspot\src\share\vm\prims\jni.cpp, line 1613]
Event: 2.512 Thread 0x00000000194f7800 Exception <a 'java/lang/NoSuchMethodError': <clinit>> (0x00000000e0a5e428) thrown at [D:\src\AOSP-openjdk-cygwin\jdk8u\hotspot\src\share\vm\prims\jni.cpp, line 1613]
Event: 2.517 Thread 0x00000000194f7800 Exception <a 'java/lang/NoSuchMethodError': <clinit>> (0x00000000e0a8a6b0) thrown at [D:\src\AOSP-openjdk-cygwin\jdk8u\hotspot\src\share\vm\prims\jni.cpp, line 1613]
Event: 2.521 Thread 0x00000000194f7800 Exception <a 'java/lang/NoSuchMethodError': <clinit>> (0x00000000e0aa6fa8) thrown at [D:\src\AOSP-openjdk-cygwin\jdk8u\hotspot\src\share\vm\prims\jni.cpp, line 1613]
Event: 3.516 Thread 0x0000000019575800 Exception <a 'java/lang/NoSuchMethodError': <clinit>> (0x00000000e112d288) thrown at [D:\src\AOSP-openjdk-cygwin\jdk8u\hotspot\src\share\vm\prims\jni.cpp, line 1613]
Event: 3.516 Thread 0x0000000019575800 Exception <a 'java/lang/NoSuchMethodError': <clinit>> (0x00000000e112f670) thrown at [D:\src\AOSP-openjdk-cygwin\jdk8u\hotspot\src\share\vm\prims\jni.cpp, line 1613]
Event: 3.518 Thread 0x0000000019575800 Exception <a 'java/lang/NoSuchMethodError': <clinit>> (0x00000000e1139368) thrown at [D:\src\AOSP-openjdk-cygwin\jdk8u\hotspot\src\share\vm\prims\jni.cpp, line 1613]
Event: 3.520 Thread 0x0000000019575800 Exception <a 'java/lang/NoSuchMethodError': <clinit>> (0x00000000e11483d8) thrown at [D:\src\AOSP-openjdk-cygwin\jdk8u\hotspot\src\share\vm\prims\jni.cpp, line 1613]

Events (10 events):
Event: 3.515 loading class org/gradle/internal/logging/progress/DefaultProgressLoggerFactory$ProgressLoggerImpl
Event: 3.515 loading class org/gradle/internal/logging/progress/DefaultProgressLoggerFactory$ProgressLoggerImpl done
Event: 3.517 loading class org/gradle/internal/logging/progress/DefaultProgressLoggerFactory$State
Event: 3.517 loading class org/gradle/internal/logging/progress/DefaultProgressLoggerFactory$State done
Event: 3.519 loading class org/gradle/internal/logging/sink/ProgressLogEventGenerator$Operation
Event: 3.519 loading class org/gradle/internal/logging/sink/ProgressLogEventGenerator$Operation done
Event: 3.519 loading class java/io/UnsupportedEncodingException
Event: 3.519 loading class java/io/UnsupportedEncodingException done
Event: 3.520 loading class org/gradle/internal/logging/sink/ProgressLogEventGenerator$State
Event: 3.520 loading class org/gradle/internal/logging/sink/ProgressLogEventGenerator$State done


Dynamic libraries:
0x00007ff784ce0000 - 0x00007ff784d11000 	R:\Programs\Android\jre\bin\java.exe
0x00007ffeeb680000 - 0x00007ffeeb861000 	C:\WINDOWS\SYSTEM32\ntdll.dll
0x00007ffee9a40000 - 0x00007ffee9af1000 	C:\WINDOWS\System32\KERNEL32.DLL
0x00007ffee80b0000 - 0x00007ffee8323000 	C:\WINDOWS\System32\KERNELBASE.dll
0x00007ffee9410000 - 0x00007ffee94b1000 	C:\WINDOWS\System32\ADVAPI32.dll
0x00007ffeeb360000 - 0x00007ffeeb3fe000 	C:\WINDOWS\System32\msvcrt.dll
0x00007ffee8ce0000 - 0x00007ffee8d3b000 	C:\WINDOWS\System32\sechost.dll
0x00007ffee8bb0000 - 0x00007ffee8cd4000 	C:\WINDOWS\System32\RPCRT4.dll
0x00007ffee8e00000 - 0x00007ffee8f90000 	C:\WINDOWS\System32\USER32.dll
0x00007ffee8330000 - 0x00007ffee8350000 	C:\WINDOWS\System32\win32u.dll
0x00007ffee9ee0000 - 0x00007ffee9f08000 	C:\WINDOWS\System32\GDI32.dll
0x00007ffee7b00000 - 0x00007ffee7c92000 	C:\WINDOWS\System32\gdi32full.dll
0x00007ffee7ca0000 - 0x00007ffee7d3f000 	C:\WINDOWS\System32\msvcp_win.dll
0x00007ffee7fb0000 - 0x00007ffee80a8000 	C:\WINDOWS\System32\ucrtbase.dll
0x00007ffed6230000 - 0x00007ffed6499000 	C:\WINDOWS\WinSxS\amd64_microsoft.windows.common-controls_6595b64144ccf1df_6.0.17134.765_none_fb42a1a930655896\COMCTL32.dll
0x00007ffee9bb0000 - 0x00007ffee9ed2000 	C:\WINDOWS\System32\combase.dll
0x00007ffee7f30000 - 0x00007ffee7faa000 	C:\WINDOWS\System32\bcryptPrimitives.dll
0x00007ffee8d40000 - 0x00007ffee8d6d000 	C:\WINDOWS\System32\IMM32.DLL
0x000000005bd70000 - 0x000000005be42000 	R:\Programs\Android\jre\jre\bin\msvcr100.dll
0x000000005a340000 - 0x000000005ab81000 	R:\Programs\Android\jre\jre\bin\server\jvm.dll
0x00007ffee9f10000 - 0x00007ffee9f18000 	C:\WINDOWS\System32\PSAPI.DLL
0x00007ffee07f0000 - 0x00007ffee07fa000 	C:\WINDOWS\SYSTEM32\VERSION.dll
0x00007ffedad30000 - 0x00007ffedad39000 	C:\WINDOWS\SYSTEM32\WSOCK32.dll
0x00007ffee5750000 - 0x00007ffee5773000 	C:\WINDOWS\SYSTEM32\WINMM.dll
0x00007ffee9970000 - 0x00007ffee99dc000 	C:\WINDOWS\System32\WS2_32.dll
0x00007ffee5530000 - 0x00007ffee555a000 	C:\WINDOWS\SYSTEM32\WINMMBASE.dll
0x00007ffee8350000 - 0x00007ffee8399000 	C:\WINDOWS\System32\cfgmgr32.dll
0x00007ffed7460000 - 0x00007ffed746f000 	R:\Programs\Android\jre\jre\bin\verify.dll
0x00007ffec47c0000 - 0x00007ffec47e9000 	R:\Programs\Android\jre\jre\bin\java.dll
0x00007ffec47a0000 - 0x00007ffec47b6000 	R:\Programs\Android\jre\jre\bin\zip.dll
0x00007ffee9f20000 - 0x00007ffeeb360000 	C:\WINDOWS\System32\SHELL32.dll
0x00007ffee9b00000 - 0x00007ffee9ba9000 	C:\WINDOWS\System32\shcore.dll
0x00007ffee83a0000 - 0x00007ffee8aad000 	C:\WINDOWS\System32\windows.storage.dll
0x00007ffee99e0000 - 0x00007ffee9a31000 	C:\WINDOWS\System32\shlwapi.dll
0x00007ffee7a10000 - 0x00007ffee7a21000 	C:\WINDOWS\System32\kernel.appcore.dll
0x00007ffee7a30000 - 0x00007ffee7a4f000 	C:\WINDOWS\System32\profapi.dll
0x00007ffee79a0000 - 0x00007ffee79ec000 	C:\WINDOWS\System32\powrprof.dll
0x00007ffee7990000 - 0x00007ffee799a000 	C:\WINDOWS\System32\FLTLIB.DLL
0x00007ffec39f0000 - 0x00007ffec3a0a000 	R:\Programs\Android\jre\jre\bin\net.dll
0x00007ffee71b0000 - 0x00007ffee7216000 	C:\WINDOWS\system32\mswsock.dll
0x00007ffec39d0000 - 0x00007ffec39e1000 	R:\Programs\Android\jre\jre\bin\nio.dll
0x00007ffee3bd0000 - 0x00007ffee3bee000 	C:\Users\RaOne\.gradle\native\25\windows-amd64\native-platform.dll
0x00007ffed5380000 - 0x00007ffed538d000 	R:\Programs\Android\jre\jre\bin\management.dll
0x00007ffee73c0000 - 0x00007ffee73d7000 	C:\WINDOWS\SYSTEM32\CRYPTSP.dll
0x00007ffee6d90000 - 0x00007ffee6dc3000 	C:\WINDOWS\system32\rsaenh.dll
0x00007ffee74f0000 - 0x00007ffee7515000 	C:\WINDOWS\SYSTEM32\bcrypt.dll
0x00007ffee78c0000 - 0x00007ffee78e8000 	C:\WINDOWS\SYSTEM32\USERENV.dll
0x00007ffee7450000 - 0x00007ffee745b000 	C:\WINDOWS\SYSTEM32\CRYPTBASE.dll
0x00007ffee6f30000 - 0x00007ffee6f68000 	C:\WINDOWS\SYSTEM32\IPHLPAPI.DLL
0x00007ffee9110000 - 0x00007ffee9118000 	C:\WINDOWS\System32\NSI.dll
0x00007ffee1350000 - 0x00007ffee1366000 	C:\WINDOWS\SYSTEM32\dhcpcsvc6.DLL
0x00007ffedff40000 - 0x00007ffedff5a000 	C:\WINDOWS\SYSTEM32\dhcpcsvc.DLL

VM Arguments:
jvm_args: -Xmx1536m -Dfile.encoding=windows-1252 -Duser.country=US -Duser.language=en -Duser.variant 
java_command: org.gradle.launcher.daemon.bootstrap.GradleDaemon 5.1.1
java_class_path (initial): C:\Users\RaOne\.gradle\wrapper\dists\gradle-5.1.1-all\97z1ksx6lirer3kbvdnh7jtjg\gradle-5.1.1\lib\gradle-launcher-5.1.1.jar
Launcher Type: SUN_STANDARD

Environment Variables:
PATH=C:\Program Files (x86)\Common Files\Oracle\Java\javapath;C:\WINDOWS\system32;C:\WINDOWS;C:\WINDOWS\System32\Wbem;C:\WINDOWS\System32\WindowsPowerShell\v1.0\;C:\Program Files\Git\cmd;R:\Programs\Go\bin;C:\WINDOWS\System32\OpenSSH\;R:\Programs\nodejs\;C:\Program Files\mingw-w64\x86_64-8.1.0-posix-seh-rt_v6-rev0\mingw64\bin;C:\Users\RaOne\AppData\Local\Programs\Python\Python37\Scripts\;C:\Users\RaOne\AppData\Local\Programs\Python\Python37\;C:\Users\RaOne\AppData\Local\Microsoft\WindowsApps;C:\Users\RaOne\AppData\Local\atom\bin;R:\Projects\Go\bin;;C:\Users\RaOne\AppData\Local\Microsoft\WindowsApps;C:\Users\RaOne\AppData\Roaming\npm;R:\Programs\GoLand 2019.1\bin;
USERNAME=RaOne
OS=Windows_NT
PROCESSOR_IDENTIFIER=Intel64 Family 6 Model 78 Stepping 3, GenuineIntel



---------------  S Y S T E M  ---------------

OS: Windows 10.0 , 64 bit Build 17134 (10.0.17134.753)

CPU:total 4 (initial active 4) (2 cores per cpu, 2 threads per core) family 6 model 78 stepping 3, cmov, cx8, fxsr, mmx, sse, sse2, sse3, ssse3, sse4.1, sse4.2, popcnt, avx, avx2, aes, clmul, erms, 3dnowpref, lzcnt, ht, tsc, tscinvbit, bmi1, bmi2, adx

Memory: 4k page, physical 4065032k(349436k free), swap 11850628k(4176k free)

vm_info: OpenJDK 64-Bit Server VM (25.152-b01) for windows-amd64 JRE (1.8.0_152-release-1343-b01), built by "builder" with MS VC++ 10.0 (VS2010)

time: Tue May 28 13:01:20 2019
elapsed time: 3 seconds (0d 0h 0m 3s)

