#
# There is insufficient memory for the Java Runtime Environment to continue.
# Native memory allocation (malloc) failed to allocate 1071456 bytes for Chunk::new
# Possible reasons:
#   The system is out of physical RAM or swap space
#   In 32 bit mode, the process size limit was hit
# Possible solutions:
#   Reduce memory load on the system
#   Increase physical memory or swap space
#   Check if swap backing store is full
#   Use 64 bit Java on a 64 bit OS
#   Decrease Java heap size (-Xmx/-Xms)
#   Decrease number of Java threads
#   Decrease Java thread stack sizes (-Xss)
#   Set larger code cache with -XX:ReservedCodeCacheSize=
# This output file may be truncated or incomplete.
#
#  Out of Memory Error (allocation.cpp:390), pid=17256, tid=0x00000000000056c4
#
# JRE version: OpenJDK Runtime Environment (8.0_152-b01) (build 1.8.0_152-release-1343-b01)
# Java VM: OpenJDK 64-Bit Server VM (25.152-b01 mixed mode windows-amd64 compressed oops)
# Failed to write core dump. Minidumps are not enabled by default on client versions of Windows
#

---------------  T H R E A D  ---------------

Current thread (0x00000000162ec000):  JavaThread "C2 CompilerThread1" daemon [_thread_in_native, id=22212, stack(0x0000000017a40000,0x0000000017b40000)]

Stack: [0x0000000017a40000,0x0000000017b40000]
[error occurred during error reporting (printing stack bounds), id 0xc0000005]

Native frames: (J=compiled Java code, j=interpreted, Vv=VM code, C=native code)


Current CompileTask:
C2:  26252 6867       4       java.io.ObjectOutputStream::writeClassDesc (60 bytes)


---------------  P R O C E S S  ---------------

Java Threads: ( => current thread )
  0x000000001e021000 JavaThread "Memory manager" [_thread_blocked, id=6092, stack(0x0000000023300000,0x0000000023400000)]
  0x000000001e025800 JavaThread "Cache worker for Build Output Cleanup Cache (R:\Projects\AndroidStudioProjects\QazaqHalyqAnderi\.gradle\buildOutputCleanup)" [_thread_blocked, id=16252, stack(0x00000000211e0000,0x00000000212e0000)]
  0x000000001e023000 JavaThread "Build operations Thread 4" [_thread_blocked, id=22424, stack(0x0000000020ae0000,0x0000000020be0000)]
  0x000000001e022800 JavaThread "Build operations Thread 3" [_thread_blocked, id=1056, stack(0x00000000209e0000,0x0000000020ae0000)]
  0x000000001e01c800 JavaThread "Build operations Thread 2" [_thread_blocked, id=8432, stack(0x0000000020470000,0x0000000020570000)]
  0x000000001e01d000 JavaThread "Build operations" [_thread_blocked, id=22448, stack(0x0000000020370000,0x0000000020470000)]
  0x000000001940d000 JavaThread "Cache worker for execution history cache (C:\Users\RaOne\.gradle\caches\5.1.1\executionHistory)" [_thread_blocked, id=10548, stack(0x000000001fe70000,0x000000001ff70000)]
  0x0000000019409000 JavaThread "Cache worker for cache directory md-rule (C:\Users\RaOne\.gradle\caches\5.1.1\md-rule)" [_thread_blocked, id=20664, stack(0x000000001fd70000,0x000000001fe70000)]
  0x0000000019408800 JavaThread "Cache worker for cache directory md-supplier (C:\Users\RaOne\.gradle\caches\5.1.1\md-supplier)" [_thread_blocked, id=21352, stack(0x000000001ea00000,0x000000001eb00000)]
  0x0000000019406000 JavaThread "Cache worker for file hash cache (R:\Projects\AndroidStudioProjects\QazaqHalyqAnderi\.gradle\5.1.1\fileHashes)" [_thread_blocked, id=21596, stack(0x000000001d030000,0x000000001d130000)]
  0x000000001940b800 JavaThread "Cache worker for journal cache (C:\Users\RaOne\.gradle\caches\journal-1)" [_thread_blocked, id=18920, stack(0x000000001ad90000,0x000000001ae90000)]
  0x0000000019407000 JavaThread "File lock request listener" [_thread_in_native, id=22016, stack(0x000000001ac90000,0x000000001ad90000)]
  0x00000000193da000 JavaThread "Cache worker for file hash cache (C:\Users\RaOne\.gradle\caches\5.1.1\fileHashes)" [_thread_blocked, id=18984, stack(0x000000001ab90000,0x000000001ac90000)]
  0x000000001933f800 JavaThread "Thread-8" [_thread_blocked, id=8748, stack(0x000000001aa90000,0x000000001ab90000)]
  0x0000000019332000 JavaThread "Stdin handler" [_thread_blocked, id=21976, stack(0x000000001a990000,0x000000001aa90000)]
  0x000000001932e000 JavaThread "Asynchronous log dispatcher for DefaultDaemonConnection: socket connection from /127.0.0.1:56795 to /127.0.0.1:56796" [_thread_blocked, id=13732, stack(0x000000001a890000,0x000000001a990000)]
  0x0000000019329800 JavaThread "Daemon worker" [_thread_in_Java, id=22452, stack(0x000000001a790000,0x000000001a890000)]
  0x0000000019344800 JavaThread "Cancel handler" [_thread_blocked, id=22384, stack(0x000000001a490000,0x000000001a590000)]
  0x000000001923b000 JavaThread "Handler for socket connection from /127.0.0.1:56795 to /127.0.0.1:56796" [_thread_in_native, id=22368, stack(0x000000001a390000,0x000000001a490000)]
  0x000000001923d000 JavaThread "Daemon" [_thread_blocked, id=21580, stack(0x000000001a290000,0x000000001a390000)]
  0x00000000192b7800 JavaThread "Daemon periodic checks" [_thread_blocked, id=19460, stack(0x000000001a190000,0x000000001a290000)]
  0x0000000019207000 JavaThread "Incoming local TCP Connector on port 56795" [_thread_in_native, id=22480, stack(0x0000000019f50000,0x000000001a050000)]
  0x000000001634e800 JavaThread "Service Thread" daemon [_thread_blocked, id=12648, stack(0x0000000018040000,0x0000000018140000)]
  0x00000000162f8000 JavaThread "C1 CompilerThread2" daemon [_thread_blocked, id=18896, stack(0x0000000017b40000,0x0000000017c40000)]
=>0x00000000162ec000 JavaThread "C2 CompilerThread1" daemon [_thread_in_native, id=22212, stack(0x0000000017a40000,0x0000000017b40000)]
  0x00000000162f7800 JavaThread "C2 CompilerThread0" daemon [_thread_in_native, id=21532, stack(0x0000000017940000,0x0000000017a40000)]
  0x00000000162f5800 JavaThread "Attach Listener" daemon [_thread_blocked, id=18864, stack(0x0000000017840000,0x0000000017940000)]
  0x00000000162f4800 JavaThread "Signal Dispatcher" daemon [_thread_blocked, id=18168, stack(0x0000000017740000,0x0000000017840000)]
  0x00000000162d9800 JavaThread "Finalizer" daemon [_thread_blocked, id=17536, stack(0x0000000017550000,0x0000000017650000)]
  0x000000000289f800 JavaThread "Reference Handler" daemon [_thread_blocked, id=21784, stack(0x0000000017450000,0x0000000017550000)]
  0x000000000297d800 JavaThread "main" [_thread_blocked, id=6480, stack(0x0000000002670000,0x0000000002770000)]

Other Threads:
  0x00000000162b7000 VMThread [stack: 0x0000000017350000,0x0000000017450000] [id=21888]
  0x0000000017c69800 WatcherThread [stack: 0x0000000018140000,0x0000000018240000] [id=21652]

VM state:not at safepoint (normal execution)

VM Mutex/Monitor currently owned by a thread: None

Heap:
 PSYoungGen      total 134656K, used 106638K [0x00000000e0000000, 0x00000000e9500000, 0x0000000100000000)
  eden space 121856K, 87% used [0x00000000e0000000,0x00000000e6823870,0x00000000e7700000)
  from space 12800K, 0% used [0x00000000e8580000,0x00000000e8580000,0x00000000e9200000)
  to   space 14848K, 0% used [0x00000000e7700000,0x00000000e7700000,0x00000000e8580000)
 ParOldGen       total 56320K, used 34679K [0x00000000a0000000, 0x00000000a3700000, 0x00000000e0000000)
  object space 56320K, 61% used [0x00000000a0000000,0x00000000a21ddea8,0x00000000a3700000)
 Metaspace       used 63356K, capacity 65392K, committed 65664K, reserved 1105920K
  class space    used 8603K, capacity 9049K, committed 9088K, reserved 1048576K

Card table byte_map: [0x0000000011d40000,0x0000000012050000] byte_map_base: 0x0000000011840000

Marking Bits: (ParMarkBitMap*) 0x000000005ab05aa0
 Begin Bits: [0x0000000012650000, 0x0000000013e50000)
 End Bits:   [0x0000000013e50000, 0x0000000015650000)

Polling page: 0x0000000000a20000

CodeCache: size=245760Kb used=22028Kb max_used=22028Kb free=223731Kb
 bounds [0x0000000002980000, 0x0000000003f20000, 0x0000000011980000]
 total_blobs=7086 nmethods=6296 adapters=703
 compilation: enabled

Compilation events (10 events):
Event: 26.226 Thread 0x00000000162f8000 6909   !   3       org.gradle.api.internal.AsmBackedClassGenerator$ClassBuilderImpl::getAnnotationParameterValue (22 bytes)
Event: 26.227 Thread 0x00000000162f8000 nmethod 6909 0x0000000003f124d0 code [0x0000000003f12660, 0x0000000003f129a8]
Event: 26.231 Thread 0x00000000162f8000 6910       3       org.gradle.api.internal.AsmBackedClassGenerator$ClassBuilderImpl$7::add (137 bytes)
Event: 26.232 Thread 0x00000000162f8000 nmethod 6910 0x0000000003f12b90 code [0x0000000003f12e20, 0x0000000003f13f58]
Event: 26.232 Thread 0x00000000162f8000 6913       3       org.objectweb.asm.ByteVector::putInt (74 bytes)
Event: 26.232 Thread 0x00000000162f8000 nmethod 6913 0x0000000003f14510 code [0x0000000003f14680, 0x0000000003f14908]
Event: 26.232 Thread 0x00000000162f8000 6912       3       org.gradle.model.internal.asm.AsmClassGeneratorUtils::visitParameters (47 bytes)
Event: 26.233 Thread 0x00000000162f8000 nmethod 6912 0x0000000003f14ad0 code [0x0000000003f14cc0, 0x0000000003f15538]
Event: 26.233 Thread 0x00000000162f8000 6911       3       org.gradle.model.internal.asm.AsmClassGeneratorUtils::visitFormalTypeParameters (108 bytes)
Event: 26.235 Thread 0x00000000162f8000 nmethod 6911 0x0000000003f15b10 code [0x0000000003f15de0, 0x0000000003f172f8]

GC Heap History (10 events):
Event: 13.508 GC heap before
{Heap before GC invocations=17 (full 2):
 PSYoungGen      total 91648K, used 83456K [0x00000000e0000000, 0x00000000e6880000, 0x0000000100000000)
  eden space 83456K, 100% used [0x00000000e0000000,0x00000000e5180000,0x00000000e5180000)
  from space 8192K, 0% used [0x00000000e5980000,0x00000000e5980000,0x00000000e6180000)
  to   space 8192K, 0% used [0x00000000e5180000,0x00000000e5180000,0x00000000e5980000)
 ParOldGen       total 56320K, used 16410K [0x00000000a0000000, 0x00000000a3700000, 0x00000000e0000000)
  object space 56320K, 29% used [0x00000000a0000000,0x00000000a1006ba8,0x00000000a3700000)
 Metaspace       used 36547K, capacity 37406K, committed 37504K, reserved 1081344K
  class space    used 4940K, capacity 5200K, committed 5248K, reserved 1048576K
Event: 13.517 GC heap after
Heap after GC invocations=17 (full 2):
 PSYoungGen      total 91648K, used 1968K [0x00000000e0000000, 0x00000000e7a80000, 0x0000000100000000)
  eden space 83456K, 0% used [0x00000000e0000000,0x00000000e0000000,0x00000000e5180000)
  from space 8192K, 24% used [0x00000000e5180000,0x00000000e536c040,0x00000000e5980000)
  to   space 8192K, 0% used [0x00000000e7280000,0x00000000e7280000,0x00000000e7a80000)
 ParOldGen       total 56320K, used 16482K [0x00000000a0000000, 0x00000000a3700000, 0x00000000e0000000)
  object space 56320K, 29% used [0x00000000a0000000,0x00000000a1018bb8,0x00000000a3700000)
 Metaspace       used 36547K, capacity 37406K, committed 37504K, reserved 1081344K
  class space    used 4940K, capacity 5200K, committed 5248K, reserved 1048576K
}
Event: 20.149 GC heap before
{Heap before GC invocations=18 (full 2):
 PSYoungGen      total 91648K, used 85424K [0x00000000e0000000, 0x00000000e7a80000, 0x0000000100000000)
  eden space 83456K, 100% used [0x00000000e0000000,0x00000000e5180000,0x00000000e5180000)
  from space 8192K, 24% used [0x00000000e5180000,0x00000000e536c040,0x00000000e5980000)
  to   space 8192K, 0% used [0x00000000e7280000,0x00000000e7280000,0x00000000e7a80000)
 ParOldGen       total 56320K, used 16482K [0x00000000a0000000, 0x00000000a3700000, 0x00000000e0000000)
  object space 56320K, 29% used [0x00000000a0000000,0x00000000a1018bb8,0x00000000a3700000)
 Metaspace       used 44914K, capacity 46040K, committed 46336K, reserved 1089536K
  class space    used 6002K, capacity 6316K, committed 6400K, reserved 1048576K
Event: 20.166 GC heap after
Heap after GC invocations=18 (full 2):
 PSYoungGen      total 113664K, used 8165K [0x00000000e0000000, 0x00000000e7d00000, 0x0000000100000000)
  eden space 105472K, 0% used [0x00000000e0000000,0x00000000e0000000,0x00000000e6700000)
  from space 8192K, 99% used [0x00000000e7280000,0x00000000e7a79740,0x00000000e7a80000)
  to   space 11264K, 0% used [0x00000000e6700000,0x00000000e6700000,0x00000000e7200000)
 ParOldGen       total 56320K, used 21143K [0x00000000a0000000, 0x00000000a3700000, 0x00000000e0000000)
  object space 56320K, 37% used [0x00000000a0000000,0x00000000a14a5ec0,0x00000000a3700000)
 Metaspace       used 44914K, capacity 46040K, committed 46336K, reserved 1089536K
  class space    used 6002K, capacity 6316K, committed 6400K, reserved 1048576K
}
Event: 22.516 GC heap before
{Heap before GC invocations=19 (full 2):
 PSYoungGen      total 113664K, used 113637K [0x00000000e0000000, 0x00000000e7d00000, 0x0000000100000000)
  eden space 105472K, 100% used [0x00000000e0000000,0x00000000e6700000,0x00000000e6700000)
  from space 8192K, 99% used [0x00000000e7280000,0x00000000e7a79740,0x00000000e7a80000)
  to   space 11264K, 0% used [0x00000000e6700000,0x00000000e6700000,0x00000000e7200000)
 ParOldGen       total 56320K, used 21143K [0x00000000a0000000, 0x00000000a3700000, 0x00000000e0000000)
  object space 56320K, 37% used [0x00000000a0000000,0x00000000a14a5ec0,0x00000000a3700000)
 Metaspace       used 52587K, capacity 53960K, committed 54272K, reserved 1095680K
  class space    used 7011K, capacity 7345K, committed 7424K, reserved 1048576K
Event: 22.556 GC heap after
Heap after GC invocations=19 (full 2):
 PSYoungGen      total 116736K, used 11059K [0x00000000e0000000, 0x00000000e9200000, 0x0000000100000000)
  eden space 105472K, 0% used [0x00000000e0000000,0x00000000e0000000,0x00000000e6700000)
  from space 11264K, 98% used [0x00000000e6700000,0x00000000e71ccc68,0x00000000e7200000)
  to   space 12800K, 0% used [0x00000000e8580000,0x00000000e8580000,0x00000000e9200000)
 ParOldGen       total 56320K, used 27211K [0x00000000a0000000, 0x00000000a3700000, 0x00000000e0000000)
  object space 56320K, 48% used [0x00000000a0000000,0x00000000a1a92ef8,0x00000000a3700000)
 Metaspace       used 52587K, capacity 53960K, committed 54272K, reserved 1095680K
  class space    used 7011K, capacity 7345K, committed 7424K, reserved 1048576K
}
Event: 23.928 GC heap before
{Heap before GC invocations=20 (full 2):
 PSYoungGen      total 116736K, used 88424K [0x00000000e0000000, 0x00000000e9200000, 0x0000000100000000)
  eden space 105472K, 73% used [0x00000000e0000000,0x00000000e4b8d668,0x00000000e6700000)
  from space 11264K, 98% used [0x00000000e6700000,0x00000000e71ccc68,0x00000000e7200000)
  to   space 12800K, 0% used [0x00000000e8580000,0x00000000e8580000,0x00000000e9200000)
 ParOldGen       total 56320K, used 27211K [0x00000000a0000000, 0x00000000a3700000, 0x00000000e0000000)
  object space 56320K, 48% used [0x00000000a0000000,0x00000000a1a92ef8,0x00000000a3700000)
 Metaspace       used 57442K, capacity 59066K, committed 59160K, reserved 1099776K
  class space    used 7651K, capacity 8030K, committed 8064K, reserved 1048576K
Event: 23.946 GC heap after
Heap after GC invocations=20 (full 2):
 PSYoungGen      total 134656K, used 12619K [0x00000000e0000000, 0x00000000e9500000, 0x0000000100000000)
  eden space 121856K, 0% used [0x00000000e0000000,0x00000000e0000000,0x00000000e7700000)
  from space 12800K, 98% used [0x00000000e8580000,0x00000000e91d2c90,0x00000000e9200000)
  to   space 14848K, 0% used [0x00000000e7700000,0x00000000e7700000,0x00000000e8580000)
 ParOldGen       total 56320K, used 27219K [0x00000000a0000000, 0x00000000a3700000, 0x00000000e0000000)
  object space 56320K, 48% used [0x00000000a0000000,0x00000000a1a94ef8,0x00000000a3700000)
 Metaspace       used 57442K, capacity 59066K, committed 59160K, reserved 1099776K
  class space    used 7651K, capacity 8030K, committed 8064K, reserved 1048576K
}
Event: 23.946 GC heap before
{Heap before GC invocations=21 (full 3):
 PSYoungGen      total 134656K, used 12619K [0x00000000e0000000, 0x00000000e9500000, 0x0000000100000000)
  eden space 121856K, 0% used [0x00000000e0000000,0x00000000e0000000,0x00000000e7700000)
  from space 12800K, 98% used [0x00000000e8580000,0x00000000e91d2c90,0x00000000e9200000)
  to   space 14848K, 0% used [0x00000000e7700000,0x00000000e7700000,0x00000000e8580000)
 ParOldGen       total 56320K, used 27219K [0x00000000a0000000, 0x00000000a3700000, 0x00000000e0000000)
  object space 56320K, 48% used [0x00000000a0000000,0x00000000a1a94ef8,0x00000000a3700000)
 Metaspace       used 57442K, capacity 59066K, committed 59160K, reserved 1099776K
  class space    used 7651K, capacity 8030K, committed 8064K, reserved 1048576K
Event: 24.265 GC heap after
Heap after GC invocations=21 (full 3):
 PSYoungGen      total 134656K, used 0K [0x00000000e0000000, 0x00000000e9500000, 0x0000000100000000)
  eden space 121856K, 0% used [0x00000000e0000000,0x00000000e0000000,0x00000000e7700000)
  from space 12800K, 0% used [0x00000000e8580000,0x00000000e8580000,0x00000000e9200000)
  to   space 14848K, 0% used [0x00000000e7700000,0x00000000e7700000,0x00000000e8580000)
 ParOldGen       total 56320K, used 34679K [0x00000000a0000000, 0x00000000a3700000, 0x00000000e0000000)
  object space 56320K, 61% used [0x00000000a0000000,0x00000000a21ddea8,0x00000000a3700000)
 Metaspace       used 57442K, capacity 59066K, committed 59160K, reserved 1099776K
  class space    used 7651K, capacity 8030K, committed 8064K, reserved 1048576K
}

Deoptimization events (10 events):
Event: 24.825 Thread 0x0000000019329800 Uncommon trap: reason=bimorphic action=maybe_recompile pc=0x0000000002e37004 method=java.util.regex.Pattern$Slice.match(Ljava/util/regex/Matcher;ILjava/lang/CharSequence;)Z @ 75
Event: 24.870 Thread 0x0000000019329800 Uncommon trap: reason=bimorphic action=maybe_recompile pc=0x0000000003ae20f0 method=groovy.lang.MetaClassImpl.filterPropertyMethod(Ljava/lang/Object;ZZ)Ljava/lang/Object; @ 38
Event: 24.895 Thread 0x0000000019329800 Uncommon trap: reason=unstable_if action=reinterpret pc=0x0000000003ae2078 method=groovy.lang.MetaClassImpl.filterPropertyMethod(Ljava/lang/Object;ZZ)Ljava/lang/Object; @ 187
Event: 24.905 Thread 0x0000000019329800 Uncommon trap: reason=unstable_if action=reinterpret pc=0x0000000002ed9bc0 method=java.lang.reflect.AccessibleObject.setAccessible0(Ljava/lang/reflect/AccessibleObject;Z)V @ 23
Event: 25.035 Thread 0x0000000019329800 Uncommon trap: reason=bimorphic action=maybe_recompile pc=0x0000000002e37004 method=java.util.regex.Pattern$Slice.match(Ljava/util/regex/Matcher;ILjava/lang/CharSequence;)Z @ 75
Event: 25.041 Thread 0x0000000019329800 Uncommon trap: reason=bimorphic action=maybe_recompile pc=0x0000000002e34898 method=java.util.regex.Pattern$Slice.match(Ljava/util/regex/Matcher;ILjava/lang/CharSequence;)Z @ 75
Event: 25.071 Thread 0x0000000019329800 Uncommon trap: reason=unstable_if action=reinterpret pc=0x0000000003565a54 method=java.io.WinNTFileSystem.normalize(Ljava/lang/String;)Ljava/lang/String; @ 74
Event: 25.277 Thread 0x0000000019329800 Uncommon trap: reason=unstable_if action=reinterpret pc=0x0000000003581b24 method=java.util.Collections$SetFromMap.remove(Ljava/lang/Object;)Z @ 10
Event: 25.532 Thread 0x0000000019329800 Uncommon trap: reason=unstable_if action=reinterpret pc=0x00000000039aa1dc method=java.util.TreeMap.put(Ljava/lang/Object;Ljava/lang/Object;)Ljava/lang/Object; @ 163
Event: 26.226 Thread 0x0000000019329800 Uncommon trap: reason=unstable_if action=reinterpret pc=0x0000000002c4ef2c method=org.objectweb.asm.ByteVector.putInt(I)Lorg/objectweb/asm/ByteVector; @ 13

Classes redefined (0 events):
No events

Internal exceptions (10 events):
Event: 25.396 Thread 0x0000000019329800 Exception <a 'java/lang/ClassNotFoundException': org/jetbrains/plugins/gradle/model/ExternalProjectBeanInfo> (0x00000000e3ff7e60) thrown at [D:\src\AOSP-openjdk-cygwin\jdk8u\hotspot\src\share\vm\classfile\systemDictionary.cpp, line 210]
Event: 25.397 Thread 0x0000000019329800 Exception <a 'java/lang/ClassNotFoundException': org/jetbrains/plugins/gradle/model/ExternalProjectCustomizer> (0x00000000e40089f0) thrown at [D:\src\AOSP-openjdk-cygwin\jdk8u\hotspot\src\share\vm\classfile\systemDictionary.cpp, line 210]
Event: 25.398 Thread 0x0000000019329800 Exception <a 'java/lang/ClassNotFoundException': org/jetbrains/plugins/gradle/model/ExternalProjectPreviewBeanInfo> (0x00000000e404a870) thrown at [D:\src\AOSP-openjdk-cygwin\jdk8u\hotspot\src\share\vm\classfile\systemDictionary.cpp, line 210]
Event: 25.398 Thread 0x0000000019329800 Exception <a 'java/lang/ClassNotFoundException': org/jetbrains/plugins/gradle/model/ExternalProjectPreviewCustomizer> (0x00000000e405c770) thrown at [D:\src\AOSP-openjdk-cygwin\jdk8u\hotspot\src\share\vm\classfile\systemDictionary.cpp, line 210]
Event: 25.400 Thread 0x0000000019329800 Exception <a 'java/lang/ClassNotFoundException': org/jetbrains/plugins/gradle/model/IntelliJProjectSettingsBeanInfo> (0x00000000e4090e78) thrown at [D:\src\AOSP-openjdk-cygwin\jdk8u\hotspot\src\share\vm\classfile\systemDictionary.cpp, line 210]
Event: 25.400 Thread 0x0000000019329800 Exception <a 'java/lang/ClassNotFoundException': org/jetbrains/plugins/gradle/model/IntelliJProjectSettingsCustomizer> (0x00000000e40a2d88) thrown at [D:\src\AOSP-openjdk-cygwin\jdk8u\hotspot\src\share\vm\classfile\systemDictionary.cpp, line 210]
Event: 25.589 Thread 0x0000000019329800 Exception <a 'java/lang/NoSuchMethodError': java.lang.Object.lambda$static$0(Ljava/util/Set;Ljava/util/Set;)Z> (0x00000000e4b9cca0) thrown at [D:\src\AOSP-openjdk-cygwin\jdk8u\hotspot\src\share\vm\interpreter\linkResolver.cpp, line 584]
Event: 25.590 Thread 0x0000000019329800 Exception <a 'java/lang/NoSuchMethodError': java.lang.Object.lambda$static$1(Ljava/util/Set;Ljava/util/Set;)Z> (0x00000000e4b9fc10) thrown at [D:\src\AOSP-openjdk-cygwin\jdk8u\hotspot\src\share\vm\interpreter\linkResolver.cpp, line 584]
Event: 25.590 Thread 0x0000000019329800 Exception <a 'java/lang/NoSuchMethodError': java.lang.Object.lambda$static$2(Ljava/util/Set;Ljava/util/Set;)Z> (0x00000000e4ba2750) thrown at [D:\src\AOSP-openjdk-cygwin\jdk8u\hotspot\src\share\vm\interpreter\linkResolver.cpp, line 584]
Event: 25.590 Thread 0x0000000019329800 Exception <a 'java/lang/NoSuchMethodError': java.lang.Object.lambda$static$3(Ljava/util/Set;Ljava/util/Set;)Z> (0x00000000e4ba5290) thrown at [D:\src\AOSP-openjdk-cygwin\jdk8u\hotspot\src\share\vm\interpreter\linkResolver.cpp, line 584]

Events (10 events):
Event: 26.215 loading class com/android/build/gradle/tasks/BuildArtifactReportTask$BuildArtifactReportCreationAction$configure$1 done
Event: 26.217 loading class com/android/build/gradle/tasks/BuildArtifactReportTask$SourceSetReportCreationAction$configure$1
Event: 26.217 loading class com/android/build/gradle/tasks/BuildArtifactReportTask$SourceSetReportCreationAction$configure$1 done
Event: 26.226 Thread 0x0000000019329800 Uncommon trap: trap_request=0xffffff65 fr.pc=0x0000000002c4ef2c
Event: 26.226 Thread 0x0000000019329800 DEOPT PACKING pc=0x0000000002c4ef2c sp=0x000000001a88a0b0
Event: 26.226 Thread 0x0000000019329800 DEOPT UNPACKING pc=0x00000000029c557b sp=0x000000001a88a040 mode 2
Event: 26.236 loading class java/security/cert/CertificateEncodingException
Event: 26.240 loading class java/security/cert/CertificateEncodingException done
Event: 26.240 loading class com/android/build/gradle/internal/tasks/SigningReportTask$SigningInfo
Event: 26.240 loading class com/android/build/gradle/internal/tasks/SigningReportTask$SigningInfo done


Dynamic libraries:
0x00007ff784ce0000 - 0x00007ff784d11000 	R:\Programs\Android\jre\bin\java.exe
0x00007ffeeb680000 - 0x00007ffeeb861000 	C:\WINDOWS\SYSTEM32\ntdll.dll
0x00007ffee9a40000 - 0x00007ffee9af1000 	C:\WINDOWS\System32\KERNEL32.DLL
0x00007ffee80b0000 - 0x00007ffee8323000 	C:\WINDOWS\System32\KERNELBASE.dll
0x00007ffee9410000 - 0x00007ffee94b1000 	C:\WINDOWS\System32\ADVAPI32.dll
0x00007ffeeb360000 - 0x00007ffeeb3fe000 	C:\WINDOWS\System32\msvcrt.dll
0x00007ffee8ce0000 - 0x00007ffee8d3b000 	C:\WINDOWS\System32\sechost.dll
0x00007ffee8bb0000 - 0x00007ffee8cd4000 	C:\WINDOWS\System32\RPCRT4.dll
0x00007ffee8e00000 - 0x00007ffee8f90000 	C:\WINDOWS\System32\USER32.dll
0x00007ffee8330000 - 0x00007ffee8350000 	C:\WINDOWS\System32\win32u.dll
0x00007ffee9ee0000 - 0x00007ffee9f08000 	C:\WINDOWS\System32\GDI32.dll
0x00007ffee7b00000 - 0x00007ffee7c92000 	C:\WINDOWS\System32\gdi32full.dll
0x00007ffee7ca0000 - 0x00007ffee7d3f000 	C:\WINDOWS\System32\msvcp_win.dll
0x00007ffee7fb0000 - 0x00007ffee80a8000 	C:\WINDOWS\System32\ucrtbase.dll
0x00007ffed6230000 - 0x00007ffed6499000 	C:\WINDOWS\WinSxS\amd64_microsoft.windows.common-controls_6595b64144ccf1df_6.0.17134.765_none_fb42a1a930655896\COMCTL32.dll
0x00007ffee9bb0000 - 0x00007ffee9ed2000 	C:\WINDOWS\System32\combase.dll
0x00007ffee7f30000 - 0x00007ffee7faa000 	C:\WINDOWS\System32\bcryptPrimitives.dll
0x00007ffee8d40000 - 0x00007ffee8d6d000 	C:\WINDOWS\System32\IMM32.DLL
0x0000000059e20000 - 0x0000000059ef2000 	R:\Programs\Android\jre\jre\bin\msvcr100.dll
0x000000005a340000 - 0x000000005ab81000 	R:\Programs\Android\jre\jre\bin\server\jvm.dll
0x00007ffee9f10000 - 0x00007ffee9f18000 	C:\WINDOWS\System32\PSAPI.DLL
0x00007ffee07f0000 - 0x00007ffee07fa000 	C:\WINDOWS\SYSTEM32\VERSION.dll
0x00007ffee5750000 - 0x00007ffee5773000 	C:\WINDOWS\SYSTEM32\WINMM.dll
0x00007ffedad30000 - 0x00007ffedad39000 	C:\WINDOWS\SYSTEM32\WSOCK32.dll
0x00007ffee9970000 - 0x00007ffee99dc000 	C:\WINDOWS\System32\WS2_32.dll
0x00007ffee5530000 - 0x00007ffee555a000 	C:\WINDOWS\SYSTEM32\WINMMBASE.dll
0x00007ffee8350000 - 0x00007ffee8399000 	C:\WINDOWS\System32\cfgmgr32.dll
0x00007ffed7460000 - 0x00007ffed746f000 	R:\Programs\Android\jre\jre\bin\verify.dll
0x00007ffec47c0000 - 0x00007ffec47e9000 	R:\Programs\Android\jre\jre\bin\java.dll
0x00007ffec47a0000 - 0x00007ffec47b6000 	R:\Programs\Android\jre\jre\bin\zip.dll
0x00007ffee9f20000 - 0x00007ffeeb360000 	C:\WINDOWS\System32\SHELL32.dll
0x00007ffee9b00000 - 0x00007ffee9ba9000 	C:\WINDOWS\System32\shcore.dll
0x00007ffee83a0000 - 0x00007ffee8aad000 	C:\WINDOWS\System32\windows.storage.dll
0x00007ffee99e0000 - 0x00007ffee9a31000 	C:\WINDOWS\System32\shlwapi.dll
0x00007ffee7a10000 - 0x00007ffee7a21000 	C:\WINDOWS\System32\kernel.appcore.dll
0x00007ffee7a30000 - 0x00007ffee7a4f000 	C:\WINDOWS\System32\profapi.dll
0x00007ffee79a0000 - 0x00007ffee79ec000 	C:\WINDOWS\System32\powrprof.dll
0x00007ffee7990000 - 0x00007ffee799a000 	C:\WINDOWS\System32\FLTLIB.DLL
0x00007ffec39f0000 - 0x00007ffec3a0a000 	R:\Programs\Android\jre\jre\bin\net.dll
0x00007ffee71b0000 - 0x00007ffee7216000 	C:\WINDOWS\system32\mswsock.dll
0x00007ffec39d0000 - 0x00007ffec39e1000 	R:\Programs\Android\jre\jre\bin\nio.dll
0x00007ffee3bd0000 - 0x00007ffee3bee000 	C:\Users\RaOne\.gradle\native\25\windows-amd64\native-platform.dll
0x00007ffed5380000 - 0x00007ffed538d000 	R:\Programs\Android\jre\jre\bin\management.dll
0x00007ffee73c0000 - 0x00007ffee73d7000 	C:\WINDOWS\SYSTEM32\CRYPTSP.dll
0x00007ffee6d90000 - 0x00007ffee6dc3000 	C:\WINDOWS\system32\rsaenh.dll
0x00007ffee74f0000 - 0x00007ffee7515000 	C:\WINDOWS\SYSTEM32\bcrypt.dll
0x00007ffee78c0000 - 0x00007ffee78e8000 	C:\WINDOWS\SYSTEM32\USERENV.dll
0x00007ffee7450000 - 0x00007ffee745b000 	C:\WINDOWS\SYSTEM32\CRYPTBASE.dll
0x00007ffee6f30000 - 0x00007ffee6f68000 	C:\WINDOWS\SYSTEM32\IPHLPAPI.DLL
0x00007ffee9110000 - 0x00007ffee9118000 	C:\WINDOWS\System32\NSI.dll
0x00007ffee1350000 - 0x00007ffee1366000 	C:\WINDOWS\SYSTEM32\dhcpcsvc6.DLL
0x00007ffedff40000 - 0x00007ffedff5a000 	C:\WINDOWS\SYSTEM32\dhcpcsvc.DLL

VM Arguments:
jvm_args: -Xmx1536m -Dfile.encoding=windows-1252 -Duser.country=US -Duser.language=en -Duser.variant 
java_command: org.gradle.launcher.daemon.bootstrap.GradleDaemon 5.1.1
java_class_path (initial): C:\Users\RaOne\.gradle\wrapper\dists\gradle-5.1.1-all\97z1ksx6lirer3kbvdnh7jtjg\gradle-5.1.1\lib\gradle-launcher-5.1.1.jar
Launcher Type: SUN_STANDARD

Environment Variables:
PATH=C:\Program Files (x86)\Common Files\Oracle\Java\javapath;C:\WINDOWS\system32;C:\WINDOWS;C:\WINDOWS\System32\Wbem;C:\WINDOWS\System32\WindowsPowerShell\v1.0\;C:\Program Files\Git\cmd;R:\Programs\Go\bin;C:\WINDOWS\System32\OpenSSH\;R:\Programs\nodejs\;C:\Program Files\mingw-w64\x86_64-8.1.0-posix-seh-rt_v6-rev0\mingw64\bin;C:\Users\RaOne\AppData\Local\Programs\Python\Python37\Scripts\;C:\Users\RaOne\AppData\Local\Programs\Python\Python37\;C:\Users\RaOne\AppData\Local\Microsoft\WindowsApps;C:\Users\RaOne\AppData\Local\atom\bin;R:\Projects\Go\bin;;C:\Users\RaOne\AppData\Local\Microsoft\WindowsApps;C:\Users\RaOne\AppData\Roaming\npm;R:\Programs\GoLand 2019.1\bin;
USERNAME=RaOne
OS=Windows_NT
PROCESSOR_IDENTIFIER=Intel64 Family 6 Model 78 Stepping 3, GenuineIntel



---------------  S Y S T E M  ---------------

OS: Windows 10.0 , 64 bit Build 17134 (10.0.17134.753)

CPU:total 4 (initial active 4) (2 cores per cpu, 2 threads per core) family 6 model 78 stepping 3, cmov, cx8, fxsr, mmx, sse, sse2, sse3, ssse3, sse4.1, sse4.2, popcnt, avx, avx2, aes, clmul, erms, 3dnowpref, lzcnt, ht, tsc, tscinvbit, bmi1, bmi2, adx

Memory: 4k page, physical 4065032k(283336k free), swap 11850628k(5616k free)

vm_info: OpenJDK 64-Bit Server VM (25.152-b01) for windows-amd64 JRE (1.8.0_152-release-1343-b01), built by "builder" with MS VC++ 10.0 (VS2010)

time: Tue May 28 13:00:18 2019
elapsed time: 26 seconds (0d 0h 0m 26s)

