#
# There is insufficient memory for the Java Runtime Environment to continue.
# Native memory allocation (malloc) failed to allocate 147232 bytes for Chunk::new
# Possible reasons:
#   The system is out of physical RAM or swap space
#   In 32 bit mode, the process size limit was hit
# Possible solutions:
#   Reduce memory load on the system
#   Increase physical memory or swap space
#   Check if swap backing store is full
#   Use 64 bit Java on a 64 bit OS
#   Decrease Java heap size (-Xmx/-Xms)
#   Decrease number of Java threads
#   Decrease Java thread stack sizes (-Xss)
#   Set larger code cache with -XX:ReservedCodeCacheSize=
# This output file may be truncated or incomplete.
#
#  Out of Memory Error (allocation.cpp:390), pid=11436, tid=0x0000000000004e38
#
# JRE version: OpenJDK Runtime Environment (8.0_152-b01) (build 1.8.0_152-release-1343-b01)
# Java VM: OpenJDK 64-Bit Server VM (25.152-b01 mixed mode windows-amd64 compressed oops)
# Failed to write core dump. Minidumps are not enabled by default on client versions of Windows
#

---------------  T H R E A D  ---------------

Current thread (0x0000000017f37800):  JavaThread "C2 CompilerThread0" daemon [_thread_in_native, id=20024, stack(0x0000000019580000,0x0000000019680000)]

Stack: [0x0000000019580000,0x0000000019680000]
[error occurred during error reporting (printing stack bounds), id 0xc0000005]

Native frames: (J=compiled Java code, j=interpreted, Vv=VM code, C=native code)


Current CompileTask:
C2:  19030 4695       4       org.objectweb.asm.SymbolTable::addConstantMemberReference (147 bytes)


---------------  P R O C E S S  ---------------

Java Threads: ( => current thread )
  0x000000001a132800 JavaThread "Cache worker for Build Output Cleanup Cache (R:\Projects\AndroidStudioProjects\QazaqHalyqAnderi\.gradle\buildOutputCleanup)" [_thread_blocked, id=21548, stack(0x0000000022e80000,0x0000000022f80000)]
  0x000000001a131000 JavaThread "Build operations Thread 4" [_thread_blocked, id=19160, stack(0x0000000022780000,0x0000000022880000)]
  0x000000001a130800 JavaThread "Build operations Thread 3" [_thread_blocked, id=19060, stack(0x0000000022680000,0x0000000022780000)]
  0x000000001a132000 JavaThread "Build operations Thread 2" [_thread_blocked, id=21868, stack(0x0000000022580000,0x0000000022680000)]
  0x000000001a134000 JavaThread "Build operations" [_thread_blocked, id=10380, stack(0x0000000022480000,0x0000000022580000)]
  0x000000001af4e000 JavaThread "Cache worker for execution history cache (C:\Users\RaOne\.gradle\caches\5.1.1\executionHistory)" [_thread_blocked, id=22324, stack(0x0000000021b80000,0x0000000021c80000)]
  0x000000001af54800 JavaThread "Cache worker for cache directory md-rule (C:\Users\RaOne\.gradle\caches\5.1.1\md-rule)" [_thread_blocked, id=21464, stack(0x00000000203e0000,0x00000000204e0000)]
  0x000000001af4f800 JavaThread "Cache worker for cache directory md-supplier (C:\Users\RaOne\.gradle\caches\5.1.1\md-supplier)" [_thread_blocked, id=21532, stack(0x0000000020040000,0x0000000020140000)]
  0x000000001af51000 JavaThread "Cache worker for file hash cache (R:\Projects\AndroidStudioProjects\QazaqHalyqAnderi\.gradle\5.1.1\fileHashes)" [_thread_blocked, id=18804, stack(0x000000001ec70000,0x000000001ed70000)]
  0x000000001af52800 JavaThread "Cache worker for journal cache (C:\Users\RaOne\.gradle\caches\journal-1)" [_thread_blocked, id=17756, stack(0x000000001c9d0000,0x000000001cad0000)]
  0x000000001af48000 JavaThread "File lock request listener" [_thread_in_native, id=16948, stack(0x000000001c8d0000,0x000000001c9d0000)]
  0x000000001b214000 JavaThread "Cache worker for file hash cache (C:\Users\RaOne\.gradle\caches\5.1.1\fileHashes)" [_thread_blocked, id=18356, stack(0x000000001c7d0000,0x000000001c8d0000)]
  0x000000001b043800 JavaThread "Thread-8" [_thread_blocked, id=18980, stack(0x000000001c6d0000,0x000000001c7d0000)]
  0x000000001abde800 JavaThread "Stdin handler" [_thread_blocked, id=22252, stack(0x000000001c5d0000,0x000000001c6d0000)]
  0x000000001abdd800 JavaThread "Asynchronous log dispatcher for DefaultDaemonConnection: socket connection from /127.0.0.1:56864 to /127.0.0.1:56865" [_thread_blocked, id=18092, stack(0x000000001c4d0000,0x000000001c5d0000)]
  0x000000001abc9800 JavaThread "Daemon worker" [_thread_in_vm, id=2164, stack(0x000000001c3d0000,0x000000001c4d0000)]
  0x000000001b042000 JavaThread "Cancel handler" [_thread_blocked, id=19812, stack(0x000000001c2d0000,0x000000001c3d0000)]
  0x000000001acef800 JavaThread "Handler for socket connection from /127.0.0.1:56864 to /127.0.0.1:56865" [_thread_in_native, id=16000, stack(0x000000001bfd0000,0x000000001c0d0000)]
  0x000000001acec800 JavaThread "Daemon" [_thread_blocked, id=21012, stack(0x000000001bed0000,0x000000001bfd0000)]
  0x000000001ace4800 JavaThread "Daemon periodic checks" [_thread_blocked, id=3792, stack(0x000000001bdd0000,0x000000001bed0000)]
  0x000000001b200000 JavaThread "Incoming local TCP Connector on port 56864" [_thread_in_native, id=13560, stack(0x000000001bb90000,0x000000001bc90000)]
  0x00000000198a8800 JavaThread "Service Thread" daemon [_thread_blocked, id=21852, stack(0x0000000019c80000,0x0000000019d80000)]
  0x0000000017f38000 JavaThread "C1 CompilerThread2" daemon [_thread_blocked, id=14632, stack(0x0000000019780000,0x0000000019880000)]
  0x0000000017f2c000 JavaThread "C2 CompilerThread1" daemon [_thread_in_native, id=5324, stack(0x0000000019680000,0x0000000019780000)]
=>0x0000000017f37800 JavaThread "C2 CompilerThread0" daemon [_thread_in_native, id=20024, stack(0x0000000019580000,0x0000000019680000)]
  0x0000000017f36000 JavaThread "Attach Listener" daemon [_thread_blocked, id=21780, stack(0x0000000019480000,0x0000000019580000)]
  0x0000000017f34800 JavaThread "Signal Dispatcher" daemon [_thread_blocked, id=14628, stack(0x0000000019380000,0x0000000019480000)]
  0x0000000017f19800 JavaThread "Finalizer" daemon [_thread_blocked, id=17732, stack(0x0000000019190000,0x0000000019290000)]
  0x00000000032ff800 JavaThread "Reference Handler" daemon [_thread_blocked, id=14196, stack(0x0000000019090000,0x0000000019190000)]
  0x000000000310d800 JavaThread "main" [_thread_blocked, id=18744, stack(0x0000000003110000,0x0000000003210000)]

Other Threads:
  0x0000000017ef7000 VMThread [stack: 0x0000000018f90000,0x0000000019090000] [id=20684]
  0x0000000017f8e000 WatcherThread [stack: 0x0000000019d80000,0x0000000019e80000] [id=22308]

VM state:not at safepoint (normal execution)

VM Mutex/Monitor currently owned by a thread: None

Heap:
 PSYoungGen      total 160768K, used 30110K [0x00000000d5580000, 0x00000000e3280000, 0x0000000100000000)
  eden space 148480K, 12% used [0x00000000d5580000,0x00000000d6853eb0,0x00000000de680000)
  from space 12288K, 88% used [0x00000000de680000,0x00000000df113a70,0x00000000df280000)
  to   space 13312K, 0% used [0x00000000e2580000,0x00000000e2580000,0x00000000e3280000)
 ParOldGen       total 51200K, used 16498K [0x0000000080000000, 0x0000000083200000, 0x00000000d5580000)
  object space 51200K, 32% used [0x0000000080000000,0x000000008101cb50,0x0000000083200000)
 Metaspace       used 44804K, capacity 45976K, committed 46336K, reserved 1089536K
  class space    used 5990K, capacity 6316K, committed 6400K, reserved 1048576K

Card table byte_map: [0x00000000126d0000,0x0000000012ae0000] byte_map_base: 0x00000000122d0000

Marking Bits: (ParMarkBitMap*) 0x000000005ab05aa0
 Begin Bits: [0x0000000013190000, 0x0000000015190000)
 End Bits:   [0x0000000015190000, 0x0000000017190000)

Polling page: 0x00000000014d0000

CodeCache: size=245760Kb used=15500Kb max_used=15514Kb free=230259Kb
 bounds [0x0000000003310000, 0x0000000004250000, 0x0000000012310000]
 total_blobs=5086 nmethods=4344 adapters=655
 compilation: enabled

Compilation events (10 events):
Event: 19.010 Thread 0x0000000017f38000 4719   !   3       java.util.jar.JarFile$JarFileEntry::getCodeSigners (78 bytes)
Event: 19.010 Thread 0x0000000017f38000 nmethod 4719 0x000000000423e590 code [0x000000000423e760, 0x000000000423ed58]
Event: 19.010 Thread 0x0000000017f38000 4718       2       java.lang.ClassLoader::postDefineClass (26 bytes)
Event: 19.011 Thread 0x0000000017f38000 nmethod 4718 0x000000000423efd0 code [0x000000000423f140, 0x000000000423f2f8]
Event: 19.014 Thread 0x0000000017f38000 4720       3       org.gradle.api.internal.AsmBackedClassGenerator$ClassBuilderImpl::addGetter (50 bytes)
Event: 19.015 Thread 0x0000000017f38000 nmethod 4720 0x000000000423f450 code [0x000000000423f600, 0x000000000423fc18]
Event: 19.015 Thread 0x0000000017f38000 4721       3       java.util.Collections$EmptyMap::values (4 bytes)
Event: 19.015 Thread 0x0000000017f38000 nmethod 4721 0x000000000423cc10 code [0x000000000423cd80, 0x000000000423cf30]
Event: 19.015 Thread 0x0000000017f38000 4722       3       java.util.Collections$EmptySet::toArray (11 bytes)
Event: 19.015 Thread 0x0000000017f38000 nmethod 4722 0x000000000423fe10 code [0x000000000423ff80, 0x0000000004240270]

GC Heap History (10 events):
Event: 6.923 GC heap before
{Heap before GC invocations=9 (full 1):
 PSYoungGen      total 71680K, used 64512K [0x00000000d5580000, 0x00000000de580000, 0x0000000100000000)
  eden space 64512K, 100% used [0x00000000d5580000,0x00000000d9480000,0x00000000d9480000)
  from space 7168K, 0% used [0x00000000d9480000,0x00000000d9480000,0x00000000d9b80000)
  to   space 9216K, 0% used [0x00000000ddc80000,0x00000000ddc80000,0x00000000de580000)
 ParOldGen       total 36352K, used 10538K [0x0000000080000000, 0x0000000082380000, 0x00000000d5580000)
  object space 36352K, 28% used [0x0000000080000000,0x0000000080a4aa00,0x0000000082380000)
 Metaspace       used 27800K, capacity 28254K, committed 28544K, reserved 1073152K
  class space    used 3791K, capacity 3967K, committed 3968K, reserved 1048576K
Event: 6.936 GC heap after
Heap after GC invocations=9 (full 1):
 PSYoungGen      total 114688K, used 7560K [0x00000000d5580000, 0x00000000de400000, 0x0000000100000000)
  eden space 107008K, 0% used [0x00000000d5580000,0x00000000d5580000,0x00000000dbe00000)
  from space 7680K, 98% used [0x00000000ddc80000,0x00000000de3e2368,0x00000000de400000)
  to   space 10240K, 0% used [0x00000000dd000000,0x00000000dd000000,0x00000000dda00000)
 ParOldGen       total 36352K, used 10546K [0x0000000080000000, 0x0000000082380000, 0x00000000d5580000)
  object space 36352K, 29% used [0x0000000080000000,0x0000000080a4ca00,0x0000000082380000)
 Metaspace       used 27800K, capacity 28254K, committed 28544K, reserved 1073152K
  class space    used 3791K, capacity 3967K, committed 3968K, reserved 1048576K
}
Event: 9.817 GC heap before
{Heap before GC invocations=10 (full 1):
 PSYoungGen      total 114688K, used 114568K [0x00000000d5580000, 0x00000000de400000, 0x0000000100000000)
  eden space 107008K, 100% used [0x00000000d5580000,0x00000000dbe00000,0x00000000dbe00000)
  from space 7680K, 98% used [0x00000000ddc80000,0x00000000de3e2368,0x00000000de400000)
  to   space 10240K, 0% used [0x00000000dd000000,0x00000000dd000000,0x00000000dda00000)
 ParOldGen       total 36352K, used 10546K [0x0000000080000000, 0x0000000082380000, 0x00000000d5580000)
  object space 36352K, 29% used [0x0000000080000000,0x0000000080a4ca00,0x0000000082380000)
 Metaspace       used 33568K, capacity 34384K, committed 34688K, reserved 1079296K
  class space    used 4653K, capacity 4895K, committed 4992K, reserved 1048576K
Event: 9.846 GC heap after
Heap after GC invocations=10 (full 1):
 PSYoungGen      total 135680K, used 10222K [0x00000000d5580000, 0x00000000dff00000, 0x0000000100000000)
  eden space 125440K, 0% used [0x00000000d5580000,0x00000000d5580000,0x00000000dd000000)
  from space 10240K, 99% used [0x00000000dd000000,0x00000000dd9fb910,0x00000000dda00000)
  to   space 12800K, 0% used [0x00000000df280000,0x00000000df280000,0x00000000dff00000)
 ParOldGen       total 36352K, used 13527K [0x0000000080000000, 0x0000000082380000, 0x00000000d5580000)
  object space 36352K, 37% used [0x0000000080000000,0x0000000080d35d78,0x0000000082380000)
 Metaspace       used 33568K, capacity 34384K, committed 34688K, reserved 1079296K
  class space    used 4653K, capacity 4895K, committed 4992K, reserved 1048576K
}
Event: 10.023 GC heap before
{Heap before GC invocations=11 (full 1):
 PSYoungGen      total 135680K, used 19515K [0x00000000d5580000, 0x00000000dff00000, 0x0000000100000000)
  eden space 125440K, 7% used [0x00000000d5580000,0x00000000d5e934f8,0x00000000dd000000)
  from space 10240K, 99% used [0x00000000dd000000,0x00000000dd9fb910,0x00000000dda00000)
  to   space 12800K, 0% used [0x00000000df280000,0x00000000df280000,0x00000000dff00000)
 ParOldGen       total 36352K, used 13527K [0x0000000080000000, 0x0000000082380000, 0x00000000d5580000)
  object space 36352K, 37% used [0x0000000080000000,0x0000000080d35d78,0x0000000082380000)
 Metaspace       used 34613K, capacity 35370K, committed 35496K, reserved 1079296K
  class space    used 4772K, capacity 5028K, committed 5120K, reserved 1048576K
Event: 10.034 GC heap after
Heap after GC invocations=11 (full 1):
 PSYoungGen      total 161280K, used 5922K [0x00000000d5580000, 0x00000000e1f80000, 0x0000000100000000)
  eden space 148480K, 0% used [0x00000000d5580000,0x00000000d5580000,0x00000000de680000)
  from space 12800K, 46% used [0x00000000df280000,0x00000000df848928,0x00000000dff00000)
  to   space 12288K, 0% used [0x00000000de680000,0x00000000de680000,0x00000000df280000)
 ParOldGen       total 36352K, used 16903K [0x0000000080000000, 0x0000000082380000, 0x00000000d5580000)
  object space 36352K, 46% used [0x0000000080000000,0x0000000081081d58,0x0000000082380000)
 Metaspace       used 34613K, capacity 35370K, committed 35496K, reserved 1079296K
  class space    used 4772K, capacity 5028K, committed 5120K, reserved 1048576K
}
Event: 10.034 GC heap before
{Heap before GC invocations=12 (full 2):
 PSYoungGen      total 161280K, used 5922K [0x00000000d5580000, 0x00000000e1f80000, 0x0000000100000000)
  eden space 148480K, 0% used [0x00000000d5580000,0x00000000d5580000,0x00000000de680000)
  from space 12800K, 46% used [0x00000000df280000,0x00000000df848928,0x00000000dff00000)
  to   space 12288K, 0% used [0x00000000de680000,0x00000000de680000,0x00000000df280000)
 ParOldGen       total 36352K, used 16903K [0x0000000080000000, 0x0000000082380000, 0x00000000d5580000)
  object space 36352K, 46% used [0x0000000080000000,0x0000000081081d58,0x0000000082380000)
 Metaspace       used 34613K, capacity 35370K, committed 35496K, reserved 1079296K
  class space    used 4772K, capacity 5028K, committed 5120K, reserved 1048576K
Event: 10.128 GC heap after
Heap after GC invocations=12 (full 2):
 PSYoungGen      total 161280K, used 0K [0x00000000d5580000, 0x00000000e1f80000, 0x0000000100000000)
  eden space 148480K, 0% used [0x00000000d5580000,0x00000000d5580000,0x00000000de680000)
  from space 12800K, 0% used [0x00000000df280000,0x00000000df280000,0x00000000dff00000)
  to   space 12288K, 0% used [0x00000000de680000,0x00000000de680000,0x00000000df280000)
 ParOldGen       total 51200K, used 16426K [0x0000000080000000, 0x0000000083200000, 0x00000000d5580000)
  object space 51200K, 32% used [0x0000000080000000,0x000000008100ab40,0x0000000083200000)
 Metaspace       used 34613K, capacity 35370K, committed 35496K, reserved 1079296K
  class space    used 4772K, capacity 5028K, committed 5120K, reserved 1048576K
}
Event: 18.758 GC heap before
{Heap before GC invocations=13 (full 2):
 PSYoungGen      total 161280K, used 148480K [0x00000000d5580000, 0x00000000e1f80000, 0x0000000100000000)
  eden space 148480K, 100% used [0x00000000d5580000,0x00000000de680000,0x00000000de680000)
  from space 12800K, 0% used [0x00000000df280000,0x00000000df280000,0x00000000dff00000)
  to   space 12288K, 0% used [0x00000000de680000,0x00000000de680000,0x00000000df280000)
 ParOldGen       total 51200K, used 16426K [0x0000000080000000, 0x0000000083200000, 0x00000000d5580000)
  object space 51200K, 32% used [0x0000000080000000,0x000000008100ab40,0x0000000083200000)
 Metaspace       used 44074K, capacity 45138K, committed 45440K, reserved 1089536K
  class space    used 5895K, capacity 6187K, committed 6272K, reserved 1048576K
Event: 18.781 GC heap after
Heap after GC invocations=13 (full 2):
 PSYoungGen      total 160768K, used 10830K [0x00000000d5580000, 0x00000000e3280000, 0x0000000100000000)
  eden space 148480K, 0% used [0x00000000d5580000,0x00000000d5580000,0x00000000de680000)
  from space 12288K, 88% used [0x00000000de680000,0x00000000df113a70,0x00000000df280000)
  to   space 13312K, 0% used [0x00000000e2580000,0x00000000e2580000,0x00000000e3280000)
 ParOldGen       total 51200K, used 16498K [0x0000000080000000, 0x0000000083200000, 0x00000000d5580000)
  object space 51200K, 32% used [0x0000000080000000,0x000000008101cb50,0x0000000083200000)
 Metaspace       used 44074K, capacity 45138K, committed 45440K, reserved 1089536K
  class space    used 5895K, capacity 6187K, committed 6272K, reserved 1048576K
}

Deoptimization events (10 events):
Event: 18.725 Thread 0x000000001abc9800 Uncommon trap: reason=class_check action=maybe_recompile pc=0x0000000003f01d3c method=java.util.Hashtable.get(Ljava/lang/Object;)Ljava/lang/Object; @ 6
Event: 18.725 Thread 0x000000001abc9800 Uncommon trap: reason=class_check action=maybe_recompile pc=0x0000000003f01d3c method=java.util.Hashtable.get(Ljava/lang/Object;)Ljava/lang/Object; @ 6
Event: 18.735 Thread 0x000000001abc9800 Uncommon trap: reason=unstable_if action=reinterpret pc=0x0000000003ecd444 method=java.util.HashMap.removeNode(ILjava/lang/Object;Ljava/lang/Object;ZZ)Ljava/util/HashMap$Node; @ 58
Event: 18.748 Thread 0x000000001abc9800 Uncommon trap: reason=unstable_if action=reinterpret pc=0x00000000038939ac method=java.util.jar.JarFile.getInputStream(Ljava/util/zip/ZipEntry;)Ljava/io/InputStream; @ 37
Event: 18.750 Thread 0x000000001abc9800 Uncommon trap: reason=unstable_if action=reinterpret pc=0x0000000004187c00 method=java.util.jar.JarFile$JarFileEntry.getCodeSigners()[Ljava/security/CodeSigner; @ 24
Event: 18.752 Thread 0x000000001abc9800 Uncommon trap: reason=unstable_if action=reinterpret pc=0x0000000003918d6c method=java.security.CodeSource.getCertificates()[Ljava/security/cert/Certificate; @ 22
Event: 18.753 Thread 0x000000001abc9800 Uncommon trap: reason=unstable_if action=reinterpret pc=0x00000000038913f4 method=java.util.jar.JarFile$JarFileEntry.getCodeSigners()[Ljava/security/CodeSigner; @ 24
Event: 18.753 Thread 0x000000001abc9800 Uncommon trap: reason=unstable_if action=reinterpret pc=0x0000000003d8800c method=java.security.CodeSource.matchCerts(Ljava/security/CodeSource;Z)Z @ 11
Event: 18.804 Thread 0x000000001abc9800 Uncommon trap: reason=unstable_if action=reinterpret pc=0x0000000003c5acc0 method=java.util.LinkedHashMap.get(Ljava/lang/Object;)Ljava/lang/Object; @ 20
Event: 18.897 Thread 0x000000001abc9800 Uncommon trap: reason=unstable_if action=reinterpret pc=0x0000000003ba2368 method=org.objectweb.asm.ByteVector.putUTF8(Ljava/lang/String;)Lorg/objectweb/asm/ByteVector; @ 93

Classes redefined (0 events):
No events

Internal exceptions (10 events):
Event: 17.637 Thread 0x000000001abc9800 Exception <a 'java/lang/ClassNotFoundException': org/gradle/api/internal/AbstractTaskCustomizer> (0x00000000db438cd8) thrown at [D:\src\AOSP-openjdk-cygwin\jdk8u\hotspot\src\share\vm\classfile\systemDictionary.cpp, line 210]
Event: 17.639 Thread 0x000000001abc9800 Exception <a 'java/lang/ClassNotFoundException': org/gradle/api/DefaultTaskCustomizer> (0x00000000db4c3e50) thrown at [D:\src\AOSP-openjdk-cygwin\jdk8u\hotspot\src\share\vm\classfile\systemDictionary.cpp, line 210]
Event: 17.640 Thread 0x000000001abc9800 Exception <a 'java/lang/ClassNotFoundException': org/gradle/api/internal/ConventionTaskCustomizer> (0x00000000db5048a8) thrown at [D:\src\AOSP-openjdk-cygwin\jdk8u\hotspot\src\share\vm\classfile\systemDictionary.cpp, line 210]
Event: 17.642 Thread 0x000000001abc9800 Exception <a 'java/lang/ClassNotFoundException': org/gradle/api/tasks/DeleteCustomizer> (0x00000000db541868) thrown at [D:\src\AOSP-openjdk-cygwin\jdk8u\hotspot\src\share\vm\classfile\systemDictionary.cpp, line 210]
Event: 17.644 Thread 0x000000001abc9800 Exception <a 'java/lang/ClassNotFoundException': org/gradle/api/tasks/Delete_DecoratedCustomizer> (0x00000000db58bcb0) thrown at [D:\src\AOSP-openjdk-cygwin\jdk8u\hotspot\src\share\vm\classfile\systemDictionary.cpp, line 210]
Event: 17.683 Thread 0x000000001abc9800 Exception <a 'java/lang/ClassNotFoundException': build_65sbdafhfdvc4qm2wzfnqv07hBeanInfo> (0x00000000db69a398) thrown at [D:\src\AOSP-openjdk-cygwin\jdk8u\hotspot\src\share\vm\classfile\systemDictionary.cpp, line 210]
Event: 17.684 Thread 0x000000001abc9800 Exception <a 'java/lang/ClassNotFoundException': build_65sbdafhfdvc4qm2wzfnqv07hCustomizer> (0x00000000db6a55f0) thrown at [D:\src\AOSP-openjdk-cygwin\jdk8u\hotspot\src\share\vm\classfile\systemDictionary.cpp, line 210]
Event: 17.976 Thread 0x000000001abc9800 Implicit null exception at 0x000000000341cf15 to 0x000000000341d1fd
Event: 18.361 Thread 0x000000001abc9800 Exception <a 'sun/nio/fs/WindowsException'> (0x00000000dd498720) thrown at [D:\src\AOSP-openjdk-cygwin\jdk8u\hotspot\src\share\vm\prims\jni.cpp, line 709]
Event: 18.563 Thread 0x000000001abc9800 Implicit null exception at 0x000000000344e748 to 0x000000000344e8f9

Events (10 events):
Event: 19.013 loading class com/google/common/base/Enums$StringConverter
Event: 19.013 loading class com/google/common/base/Enums$StringConverter done
Event: 19.014 loading class org/gradle/api/tasks/testing/Test
Event: 19.014 loading class org/gradle/api/tasks/testing/Test done
Event: 19.015 loading class org/gradle/api/internal/DefaultDomainObjectSet
Event: 19.015 loading class org/gradle/api/internal/DefaultDomainObjectSet done
Event: 19.015 loading class org/gradle/api/internal/CollectionCallbackActionDecorator$1
Event: 19.015 loading class org/gradle/api/internal/CollectionCallbackActionDecorator$1 done
Event: 19.016 loading class org/gradle/api/JavaVersion
Event: 19.016 loading class org/gradle/api/JavaVersion done


Dynamic libraries:
0x00007ff784ce0000 - 0x00007ff784d11000 	R:\Programs\Android\jre\bin\java.exe
0x00007ffeeb680000 - 0x00007ffeeb861000 	C:\WINDOWS\SYSTEM32\ntdll.dll
0x00007ffee9a40000 - 0x00007ffee9af1000 	C:\WINDOWS\System32\KERNEL32.DLL
0x00007ffee80b0000 - 0x00007ffee8323000 	C:\WINDOWS\System32\KERNELBASE.dll
0x00007ffee9410000 - 0x00007ffee94b1000 	C:\WINDOWS\System32\ADVAPI32.dll
0x00007ffeeb360000 - 0x00007ffeeb3fe000 	C:\WINDOWS\System32\msvcrt.dll
0x00007ffee8ce0000 - 0x00007ffee8d3b000 	C:\WINDOWS\System32\sechost.dll
0x00007ffee8bb0000 - 0x00007ffee8cd4000 	C:\WINDOWS\System32\RPCRT4.dll
0x00007ffee8e00000 - 0x00007ffee8f90000 	C:\WINDOWS\System32\USER32.dll
0x00007ffee8330000 - 0x00007ffee8350000 	C:\WINDOWS\System32\win32u.dll
0x00007ffee9ee0000 - 0x00007ffee9f08000 	C:\WINDOWS\System32\GDI32.dll
0x00007ffee7b00000 - 0x00007ffee7c92000 	C:\WINDOWS\System32\gdi32full.dll
0x00007ffee7ca0000 - 0x00007ffee7d3f000 	C:\WINDOWS\System32\msvcp_win.dll
0x00007ffee7fb0000 - 0x00007ffee80a8000 	C:\WINDOWS\System32\ucrtbase.dll
0x00007ffed6230000 - 0x00007ffed6499000 	C:\WINDOWS\WinSxS\amd64_microsoft.windows.common-controls_6595b64144ccf1df_6.0.17134.765_none_fb42a1a930655896\COMCTL32.dll
0x00007ffee9bb0000 - 0x00007ffee9ed2000 	C:\WINDOWS\System32\combase.dll
0x00007ffee7f30000 - 0x00007ffee7faa000 	C:\WINDOWS\System32\bcryptPrimitives.dll
0x00007ffee8d40000 - 0x00007ffee8d6d000 	C:\WINDOWS\System32\IMM32.DLL
0x000000005bd70000 - 0x000000005be42000 	R:\Programs\Android\jre\jre\bin\msvcr100.dll
0x000000005a340000 - 0x000000005ab81000 	R:\Programs\Android\jre\jre\bin\server\jvm.dll
0x00007ffee9f10000 - 0x00007ffee9f18000 	C:\WINDOWS\System32\PSAPI.DLL
0x00007ffee07f0000 - 0x00007ffee07fa000 	C:\WINDOWS\SYSTEM32\VERSION.dll
0x00007ffee5750000 - 0x00007ffee5773000 	C:\WINDOWS\SYSTEM32\WINMM.dll
0x00007ffedad30000 - 0x00007ffedad39000 	C:\WINDOWS\SYSTEM32\WSOCK32.dll
0x00007ffee9970000 - 0x00007ffee99dc000 	C:\WINDOWS\System32\WS2_32.dll
0x00007ffee5530000 - 0x00007ffee555a000 	C:\WINDOWS\SYSTEM32\WINMMBASE.dll
0x00007ffee8350000 - 0x00007ffee8399000 	C:\WINDOWS\System32\cfgmgr32.dll
0x00007ffed7460000 - 0x00007ffed746f000 	R:\Programs\Android\jre\jre\bin\verify.dll
0x00007ffec47c0000 - 0x00007ffec47e9000 	R:\Programs\Android\jre\jre\bin\java.dll
0x00007ffec47a0000 - 0x00007ffec47b6000 	R:\Programs\Android\jre\jre\bin\zip.dll
0x00007ffee9f20000 - 0x00007ffeeb360000 	C:\WINDOWS\System32\SHELL32.dll
0x00007ffee9b00000 - 0x00007ffee9ba9000 	C:\WINDOWS\System32\shcore.dll
0x00007ffee83a0000 - 0x00007ffee8aad000 	C:\WINDOWS\System32\windows.storage.dll
0x00007ffee99e0000 - 0x00007ffee9a31000 	C:\WINDOWS\System32\shlwapi.dll
0x00007ffee7a10000 - 0x00007ffee7a21000 	C:\WINDOWS\System32\kernel.appcore.dll
0x00007ffee7a30000 - 0x00007ffee7a4f000 	C:\WINDOWS\System32\profapi.dll
0x00007ffee79a0000 - 0x00007ffee79ec000 	C:\WINDOWS\System32\powrprof.dll
0x00007ffee7990000 - 0x00007ffee799a000 	C:\WINDOWS\System32\FLTLIB.DLL
0x00007ffec39f0000 - 0x00007ffec3a0a000 	R:\Programs\Android\jre\jre\bin\net.dll
0x00007ffee71b0000 - 0x00007ffee7216000 	C:\WINDOWS\system32\mswsock.dll
0x00007ffec39d0000 - 0x00007ffec39e1000 	R:\Programs\Android\jre\jre\bin\nio.dll
0x00007ffee3bd0000 - 0x00007ffee3bee000 	C:\Users\RaOne\.gradle\native\25\windows-amd64\native-platform.dll
0x00007ffed5380000 - 0x00007ffed538d000 	R:\Programs\Android\jre\jre\bin\management.dll
0x00007ffee73c0000 - 0x00007ffee73d7000 	C:\WINDOWS\SYSTEM32\CRYPTSP.dll
0x00007ffee6d90000 - 0x00007ffee6dc3000 	C:\WINDOWS\system32\rsaenh.dll
0x00007ffee74f0000 - 0x00007ffee7515000 	C:\WINDOWS\SYSTEM32\bcrypt.dll
0x00007ffee78c0000 - 0x00007ffee78e8000 	C:\WINDOWS\SYSTEM32\USERENV.dll
0x00007ffee7450000 - 0x00007ffee745b000 	C:\WINDOWS\SYSTEM32\CRYPTBASE.dll
0x00007ffee6f30000 - 0x00007ffee6f68000 	C:\WINDOWS\SYSTEM32\IPHLPAPI.DLL
0x00007ffee9110000 - 0x00007ffee9118000 	C:\WINDOWS\System32\NSI.dll
0x00007ffee1350000 - 0x00007ffee1366000 	C:\WINDOWS\SYSTEM32\dhcpcsvc6.DLL
0x00007ffedff40000 - 0x00007ffedff5a000 	C:\WINDOWS\SYSTEM32\dhcpcsvc.DLL

VM Arguments:
jvm_args: -Xmx2g -Dfile.encoding=windows-1252 -Duser.country=US -Duser.language=en -Duser.variant 
java_command: org.gradle.launcher.daemon.bootstrap.GradleDaemon 5.1.1
java_class_path (initial): C:\Users\RaOne\.gradle\wrapper\dists\gradle-5.1.1-all\97z1ksx6lirer3kbvdnh7jtjg\gradle-5.1.1\lib\gradle-launcher-5.1.1.jar
Launcher Type: SUN_STANDARD

Environment Variables:
PATH=C:\Program Files (x86)\Common Files\Oracle\Java\javapath;C:\WINDOWS\system32;C:\WINDOWS;C:\WINDOWS\System32\Wbem;C:\WINDOWS\System32\WindowsPowerShell\v1.0\;C:\Program Files\Git\cmd;R:\Programs\Go\bin;C:\WINDOWS\System32\OpenSSH\;R:\Programs\nodejs\;C:\Program Files\mingw-w64\x86_64-8.1.0-posix-seh-rt_v6-rev0\mingw64\bin;C:\Users\RaOne\AppData\Local\Programs\Python\Python37\Scripts\;C:\Users\RaOne\AppData\Local\Programs\Python\Python37\;C:\Users\RaOne\AppData\Local\Microsoft\WindowsApps;C:\Users\RaOne\AppData\Local\atom\bin;R:\Projects\Go\bin;;C:\Users\RaOne\AppData\Local\Microsoft\WindowsApps;C:\Users\RaOne\AppData\Roaming\npm;R:\Programs\GoLand 2019.1\bin;
USERNAME=RaOne
OS=Windows_NT
PROCESSOR_IDENTIFIER=Intel64 Family 6 Model 78 Stepping 3, GenuineIntel



---------------  S Y S T E M  ---------------

OS: Windows 10.0 , 64 bit Build 17134 (10.0.17134.753)

CPU:total 4 (initial active 4) (2 cores per cpu, 2 threads per core) family 6 model 78 stepping 3, cmov, cx8, fxsr, mmx, sse, sse2, sse3, ssse3, sse4.1, sse4.2, popcnt, avx, avx2, aes, clmul, erms, 3dnowpref, lzcnt, ht, tsc, tscinvbit, bmi1, bmi2, adx

Memory: 4k page, physical 4065032k(338436k free), swap 11850628k(4568k free)

vm_info: OpenJDK 64-Bit Server VM (25.152-b01) for windows-amd64 JRE (1.8.0_152-release-1343-b01), built by "builder" with MS VC++ 10.0 (VS2010)

time: Tue May 28 13:04:20 2019
elapsed time: 19 seconds (0d 0h 0m 19s)

