#
# There is insufficient memory for the Java Runtime Environment to continue.
# Native memory allocation (malloc) failed to allocate 1064816 bytes for Chunk::new
# Possible reasons:
#   The system is out of physical RAM or swap space
#   In 32 bit mode, the process size limit was hit
# Possible solutions:
#   Reduce memory load on the system
#   Increase physical memory or swap space
#   Check if swap backing store is full
#   Use 64 bit Java on a 64 bit OS
#   Decrease Java heap size (-Xmx/-Xms)
#   Decrease number of Java threads
#   Decrease Java thread stack sizes (-Xss)
#   Set larger code cache with -XX:ReservedCodeCacheSize=
# This output file may be truncated or incomplete.
#
#  Out of Memory Error (allocation.cpp:390), pid=11952, tid=0x0000000000003440
#
# JRE version: OpenJDK Runtime Environment (8.0_152-b01) (build 1.8.0_152-release-1343-b01)
# Java VM: OpenJDK 64-Bit Server VM (25.152-b01 mixed mode windows-amd64 compressed oops)
# Failed to write core dump. Minidumps are not enabled by default on client versions of Windows
#

---------------  T H R E A D  ---------------

Current thread (0x00000000168b9000):  JavaThread "C2 CompilerThread0" daemon [_thread_in_native, id=13376, stack(0x0000000017f00000,0x0000000018000000)]

Stack: [0x0000000017f00000,0x0000000018000000]
[error occurred during error reporting (printing stack bounds), id 0xc0000005]

Native frames: (J=compiled Java code, j=interpreted, Vv=VM code, C=native code)


Current CompileTask:
C2:  27863 4716       4       org.objectweb.asm.SymbolTable::addConstantMemberReference (147 bytes)


---------------  P R O C E S S  ---------------

Java Threads: ( => current thread )
  0x0000000019b9f800 JavaThread "Cache worker for Build Output Cleanup Cache (R:\Projects\AndroidStudioProjects\QazaqHalyqAnderi\.gradle\buildOutputCleanup)" [_thread_blocked, id=21204, stack(0x0000000021800000,0x0000000021900000)]
  0x0000000019b9b800 JavaThread "Build operations Thread 4" [_thread_blocked, id=18932, stack(0x0000000021100000,0x0000000021200000)]
  0x0000000019b9d000 JavaThread "Build operations Thread 3" [_thread_blocked, id=13740, stack(0x0000000021000000,0x0000000021100000)]
  0x0000000019b9e000 JavaThread "Build operations Thread 2" [_thread_blocked, id=20832, stack(0x0000000020f00000,0x0000000021000000)]
  0x0000000019ba0000 JavaThread "Build operations" [_thread_blocked, id=18776, stack(0x0000000020e00000,0x0000000020f00000)]
  0x0000000019b9e800 JavaThread "Cache worker for execution history cache (C:\Users\RaOne\.gradle\caches\5.1.1\executionHistory)" [_thread_blocked, id=22308, stack(0x0000000020500000,0x0000000020600000)]
  0x00000000199ea800 JavaThread "Cache worker for cache directory md-rule (C:\Users\RaOne\.gradle\caches\5.1.1\md-rule)" [_thread_blocked, id=4684, stack(0x0000000020400000,0x0000000020500000)]
  0x00000000199e9800 JavaThread "Cache worker for cache directory md-supplier (C:\Users\RaOne\.gradle\caches\5.1.1\md-supplier)" [_thread_blocked, id=324, stack(0x000000001f040000,0x000000001f140000)]
  0x00000000199ec000 JavaThread "Cache worker for file hash cache (R:\Projects\AndroidStudioProjects\QazaqHalyqAnderi\.gradle\5.1.1\fileHashes)" [_thread_blocked, id=22252, stack(0x000000001d720000,0x000000001d820000)]
  0x00000000199e7800 JavaThread "Cache worker for journal cache (C:\Users\RaOne\.gradle\caches\journal-1)" [_thread_blocked, id=5312, stack(0x000000001b350000,0x000000001b450000)]
  0x00000000199d7000 JavaThread "File lock request listener" [_thread_in_native, id=16560, stack(0x000000001b250000,0x000000001b350000)]
  0x00000000199da800 JavaThread "Cache worker for file hash cache (C:\Users\RaOne\.gradle\caches\5.1.1\fileHashes)" [_thread_blocked, id=19664, stack(0x000000001b150000,0x000000001b250000)]
  0x00000000198d9000 JavaThread "Thread-8" [_thread_blocked, id=17920, stack(0x000000001b050000,0x000000001b150000)]
  0x00000000198d8000 JavaThread "Stdin handler" [_thread_blocked, id=3792, stack(0x000000001af50000,0x000000001b050000)]
  0x00000000198d7800 JavaThread "Asynchronous log dispatcher for DefaultDaemonConnection: socket connection from /127.0.0.1:56831 to /127.0.0.1:56832" [_thread_blocked, id=18356, stack(0x000000001ae50000,0x000000001af50000)]
  0x0000000019869800 JavaThread "Daemon worker" [_thread_in_native, id=7160, stack(0x000000001ad50000,0x000000001ae50000)]
  0x000000001986e800 JavaThread "Cancel handler" [_thread_blocked, id=18804, stack(0x000000001ac50000,0x000000001ad50000)]
  0x00000000197b1000 JavaThread "Handler for socket connection from /127.0.0.1:56831 to /127.0.0.1:56832" [_thread_in_native, id=16000, stack(0x000000001a950000,0x000000001aa50000)]
  0x00000000197b0000 JavaThread "Daemon" [_thread_blocked, id=22120, stack(0x000000001a850000,0x000000001a950000)]
  0x0000000019795000 JavaThread "Daemon periodic checks" [_thread_blocked, id=21532, stack(0x000000001a750000,0x000000001a850000)]
  0x00000000197d7000 JavaThread "Incoming local TCP Connector on port 56831" [_thread_in_native, id=18864, stack(0x000000001a510000,0x000000001a610000)]
  0x000000001691d000 JavaThread "Service Thread" daemon [_thread_blocked, id=18056, stack(0x0000000018600000,0x0000000018700000)]
  0x00000000168c4000 JavaThread "C1 CompilerThread2" daemon [_thread_blocked, id=17432, stack(0x0000000018100000,0x0000000018200000)]
  0x00000000168bd800 JavaThread "C2 CompilerThread1" daemon [_thread_blocked, id=12112, stack(0x0000000018000000,0x0000000018100000)]
=>0x00000000168b9000 JavaThread "C2 CompilerThread0" daemon [_thread_in_native, id=13376, stack(0x0000000017f00000,0x0000000018000000)]
  0x00000000168c6800 JavaThread "Attach Listener" daemon [_thread_blocked, id=14632, stack(0x0000000017e00000,0x0000000017f00000)]
  0x00000000168c5800 JavaThread "Signal Dispatcher" daemon [_thread_blocked, id=20028, stack(0x0000000017d00000,0x0000000017e00000)]
  0x00000000168a9800 JavaThread "Finalizer" daemon [_thread_blocked, id=5324, stack(0x0000000017b10000,0x0000000017c10000)]
  0x0000000002f41000 JavaThread "Reference Handler" daemon [_thread_blocked, id=19160, stack(0x0000000017a10000,0x0000000017b10000)]
  0x0000000002d0d800 JavaThread "main" [_thread_blocked, id=21036, stack(0x0000000002d50000,0x0000000002e50000)]

Other Threads:
  0x0000000016886800 VMThread [stack: 0x0000000017910000,0x0000000017a10000] [id=13528]
  0x000000001691e000 WatcherThread [stack: 0x0000000018700000,0x0000000018800000] [id=14176]

VM state:not at safepoint (normal execution)

VM Mutex/Monitor currently owned by a thread: None

Heap:
 PSYoungGen      total 138752K, used 45050K [0x00000000e0000000, 0x00000000eb600000, 0x0000000100000000)
  eden space 128000K, 28% used [0x00000000e0000000,0x00000000e240add0,0x00000000e7d00000)
  from space 10752K, 75% used [0x00000000e7d00000,0x00000000e84f3a98,0x00000000e8780000)
  to   space 11264K, 0% used [0x00000000eab00000,0x00000000eab00000,0x00000000eb600000)
 ParOldGen       total 54272K, used 17142K [0x00000000a0000000, 0x00000000a3500000, 0x00000000e0000000)
  object space 54272K, 31% used [0x00000000a0000000,0x00000000a10bd978,0x00000000a3500000)
 Metaspace       used 44550K, capacity 45746K, committed 46080K, reserved 1089536K
  class space    used 5953K, capacity 6283K, committed 6400K, reserved 1048576K

Card table byte_map: [0x0000000012310000,0x0000000012620000] byte_map_base: 0x0000000011e10000

Marking Bits: (ParMarkBitMap*) 0x000000005ab05aa0
 Begin Bits: [0x0000000012c20000, 0x0000000014420000)
 End Bits:   [0x0000000014420000, 0x0000000015c20000)

Polling page: 0x0000000001390000

CodeCache: size=245760Kb used=14667Kb max_used=15416Kb free=231092Kb
 bounds [0x0000000002f50000, 0x0000000003e70000, 0x0000000011f50000]
 total_blobs=4869 nmethods=4128 adapters=654
 compilation: enabled

Compilation events (10 events):
Event: 27.712 Thread 0x00000000168c4000 4713       3       sun.reflect.annotation.AnnotationParser::toArray (18 bytes)
Event: 27.713 Thread 0x00000000168c4000 nmethod 4713 0x00000000034e2c90 code [0x00000000034e2e20, 0x00000000034e31d8]
Event: 27.714 Thread 0x00000000168c4000 4714       3       java.util.TreeMap$Values::iterator (19 bytes)
Event: 27.715 Thread 0x00000000168c4000 nmethod 4714 0x00000000039a3f10 code [0x00000000039a40a0, 0x00000000039a45b0]
Event: 27.715 Thread 0x00000000168c4000 4715       3       java.util.TreeMap$ValueIterator::<init> (12 bytes)
Event: 27.715 Thread 0x00000000168c4000 nmethod 4715 0x00000000039b5f50 code [0x00000000039b60c0, 0x00000000039b6330]
Event: 27.715 Thread 0x00000000168b9000 4716       4       org.objectweb.asm.SymbolTable::addConstantMemberReference (147 bytes)
Event: 27.716 Thread 0x00000000168c4000 4717       3       org.apache.commons.collections.map.AbstractReferenceMap::purge (29 bytes)
Event: 27.717 Thread 0x00000000168c4000 nmethod 4717 0x00000000039f4a50 code [0x00000000039f4c00, 0x00000000039f54a8]
Event: 27.750 Thread 0x00000000168bd800 nmethod 4709 0x0000000003a40610 code [0x0000000003a40800, 0x0000000003a41db0]

GC Heap History (10 events):
Event: 8.521 GC heap before
{Heap before GC invocations=11 (full 1):
 PSYoungGen      total 72192K, used 64512K [0x00000000e0000000, 0x00000000e7300000, 0x0000000100000000)
  eden space 64512K, 100% used [0x00000000e0000000,0x00000000e3f00000,0x00000000e3f00000)
  from space 7680K, 0% used [0x00000000e3f00000,0x00000000e3f00000,0x00000000e4680000)
  to   space 7168K, 0% used [0x00000000e6c00000,0x00000000e6c00000,0x00000000e7300000)
 ParOldGen       total 32768K, used 8000K [0x00000000a0000000, 0x00000000a2000000, 0x00000000e0000000)
  object space 32768K, 24% used [0x00000000a0000000,0x00000000a07d0240,0x00000000a2000000)
 Metaspace       used 27851K, capacity 28382K, committed 28544K, reserved 1073152K
  class space    used 3790K, capacity 3967K, committed 3968K, reserved 1048576K
Event: 8.552 GC heap after
Heap after GC invocations=11 (full 1):
 PSYoungGen      total 98816K, used 7157K [0x00000000e0000000, 0x00000000e7300000, 0x0000000100000000)
  eden space 91648K, 0% used [0x00000000e0000000,0x00000000e0000000,0x00000000e5980000)
  from space 7168K, 99% used [0x00000000e6c00000,0x00000000e72fd6a8,0x00000000e7300000)
  to   space 8192K, 0% used [0x00000000e6300000,0x00000000e6300000,0x00000000e6b00000)
 ParOldGen       total 32768K, used 8395K [0x00000000a0000000, 0x00000000a2000000, 0x00000000e0000000)
  object space 32768K, 25% used [0x00000000a0000000,0x00000000a0832fe8,0x00000000a2000000)
 Metaspace       used 27851K, capacity 28382K, committed 28544K, reserved 1073152K
  class space    used 3790K, capacity 3967K, committed 3968K, reserved 1048576K
}
Event: 11.852 GC heap before
{Heap before GC invocations=12 (full 1):
 PSYoungGen      total 98816K, used 98805K [0x00000000e0000000, 0x00000000e7300000, 0x0000000100000000)
  eden space 91648K, 100% used [0x00000000e0000000,0x00000000e5980000,0x00000000e5980000)
  from space 7168K, 99% used [0x00000000e6c00000,0x00000000e72fd6a8,0x00000000e7300000)
  to   space 8192K, 0% used [0x00000000e6300000,0x00000000e6300000,0x00000000e6b00000)
 ParOldGen       total 32768K, used 8395K [0x00000000a0000000, 0x00000000a2000000, 0x00000000e0000000)
  object space 32768K, 25% used [0x00000000a0000000,0x00000000a0832fe8,0x00000000a2000000)
 Metaspace       used 32903K, capacity 33632K, committed 33792K, reserved 1079296K
  class space    used 4535K, capacity 4754K, committed 4864K, reserved 1048576K
Event: 11.876 GC heap after
Heap after GC invocations=12 (full 1):
 PSYoungGen      total 109568K, used 8187K [0x00000000e0000000, 0x00000000e9200000, 0x0000000100000000)
  eden space 101376K, 0% used [0x00000000e0000000,0x00000000e0000000,0x00000000e6300000)
  from space 8192K, 99% used [0x00000000e6300000,0x00000000e6afecd0,0x00000000e6b00000)
  to   space 10752K, 0% used [0x00000000e8780000,0x00000000e8780000,0x00000000e9200000)
 ParOldGen       total 32768K, used 12134K [0x00000000a0000000, 0x00000000a2000000, 0x00000000e0000000)
  object space 32768K, 37% used [0x00000000a0000000,0x00000000a0bd9838,0x00000000a2000000)
 Metaspace       used 32903K, capacity 33632K, committed 33792K, reserved 1079296K
  class space    used 4535K, capacity 4754K, committed 4864K, reserved 1048576K
}
Event: 12.618 GC heap before
{Heap before GC invocations=13 (full 1):
 PSYoungGen      total 109568K, used 32402K [0x00000000e0000000, 0x00000000e9200000, 0x0000000100000000)
  eden space 101376K, 23% used [0x00000000e0000000,0x00000000e17a5ea0,0x00000000e6300000)
  from space 8192K, 99% used [0x00000000e6300000,0x00000000e6afecd0,0x00000000e6b00000)
  to   space 10752K, 0% used [0x00000000e8780000,0x00000000e8780000,0x00000000e9200000)
 ParOldGen       total 32768K, used 12134K [0x00000000a0000000, 0x00000000a2000000, 0x00000000e0000000)
  object space 32768K, 37% used [0x00000000a0000000,0x00000000a0bd9838,0x00000000a2000000)
 Metaspace       used 34514K, capacity 35370K, committed 35496K, reserved 1079296K
  class space    used 4760K, capacity 5028K, committed 5120K, reserved 1048576K
Event: 12.640 GC heap after
Heap after GC invocations=13 (full 1):
 PSYoungGen      total 138752K, used 2227K [0x00000000e0000000, 0x00000000ea100000, 0x0000000100000000)
  eden space 128000K, 0% used [0x00000000e0000000,0x00000000e0000000,0x00000000e7d00000)
  from space 10752K, 20% used [0x00000000e8780000,0x00000000e89acef8,0x00000000e9200000)
  to   space 10752K, 0% used [0x00000000e7d00000,0x00000000e7d00000,0x00000000e8780000)
 ParOldGen       total 32768K, used 16574K [0x00000000a0000000, 0x00000000a2000000, 0x00000000e0000000)
  object space 32768K, 50% used [0x00000000a0000000,0x00000000a102f8a8,0x00000000a2000000)
 Metaspace       used 34514K, capacity 35370K, committed 35496K, reserved 1079296K
  class space    used 4760K, capacity 5028K, committed 5120K, reserved 1048576K
}
Event: 12.640 GC heap before
{Heap before GC invocations=14 (full 2):
 PSYoungGen      total 138752K, used 2227K [0x00000000e0000000, 0x00000000ea100000, 0x0000000100000000)
  eden space 128000K, 0% used [0x00000000e0000000,0x00000000e0000000,0x00000000e7d00000)
  from space 10752K, 20% used [0x00000000e8780000,0x00000000e89acef8,0x00000000e9200000)
  to   space 10752K, 0% used [0x00000000e7d00000,0x00000000e7d00000,0x00000000e8780000)
 ParOldGen       total 32768K, used 16574K [0x00000000a0000000, 0x00000000a2000000, 0x00000000e0000000)
  object space 32768K, 50% used [0x00000000a0000000,0x00000000a102f8a8,0x00000000a2000000)
 Metaspace       used 34514K, capacity 35370K, committed 35496K, reserved 1079296K
  class space    used 4760K, capacity 5028K, committed 5120K, reserved 1048576K
Event: 12.778 GC heap after
Heap after GC invocations=14 (full 2):
 PSYoungGen      total 138752K, used 0K [0x00000000e0000000, 0x00000000ea100000, 0x0000000100000000)
  eden space 128000K, 0% used [0x00000000e0000000,0x00000000e0000000,0x00000000e7d00000)
  from space 10752K, 0% used [0x00000000e8780000,0x00000000e8780000,0x00000000e9200000)
  to   space 10752K, 0% used [0x00000000e7d00000,0x00000000e7d00000,0x00000000e8780000)
 ParOldGen       total 54272K, used 17070K [0x00000000a0000000, 0x00000000a3500000, 0x00000000e0000000)
  object space 54272K, 31% used [0x00000000a0000000,0x00000000a10ab968,0x00000000a3500000)
 Metaspace       used 34514K, capacity 35370K, committed 35496K, reserved 1079296K
  class space    used 4760K, capacity 5028K, committed 5120K, reserved 1048576K
}
Event: 26.760 GC heap before
{Heap before GC invocations=15 (full 2):
 PSYoungGen      total 138752K, used 128000K [0x00000000e0000000, 0x00000000ea100000, 0x0000000100000000)
  eden space 128000K, 100% used [0x00000000e0000000,0x00000000e7d00000,0x00000000e7d00000)
  from space 10752K, 0% used [0x00000000e8780000,0x00000000e8780000,0x00000000e9200000)
  to   space 10752K, 0% used [0x00000000e7d00000,0x00000000e7d00000,0x00000000e8780000)
 ParOldGen       total 54272K, used 17070K [0x00000000a0000000, 0x00000000a3500000, 0x00000000e0000000)
  object space 54272K, 31% used [0x00000000a0000000,0x00000000a10ab968,0x00000000a3500000)
 Metaspace       used 41654K, capacity 42740K, committed 43008K, reserved 1087488K
  class space    used 5581K, capacity 5846K, committed 5888K, reserved 1048576K
Event: 26.772 GC heap after
Heap after GC invocations=15 (full 2):
 PSYoungGen      total 138752K, used 8142K [0x00000000e0000000, 0x00000000eb600000, 0x0000000100000000)
  eden space 128000K, 0% used [0x00000000e0000000,0x00000000e0000000,0x00000000e7d00000)
  from space 10752K, 75% used [0x00000000e7d00000,0x00000000e84f3a98,0x00000000e8780000)
  to   space 11264K, 0% used [0x00000000eab00000,0x00000000eab00000,0x00000000eb600000)
 ParOldGen       total 54272K, used 17142K [0x00000000a0000000, 0x00000000a3500000, 0x00000000e0000000)
  object space 54272K, 31% used [0x00000000a0000000,0x00000000a10bd978,0x00000000a3500000)
 Metaspace       used 41654K, capacity 42740K, committed 43008K, reserved 1087488K
  class space    used 5581K, capacity 5846K, committed 5888K, reserved 1048576K
}

Deoptimization events (10 events):
Event: 27.182 Thread 0x0000000019869800 Uncommon trap: reason=class_check action=maybe_recompile pc=0x0000000003b4033c method=java.util.Hashtable.get(Ljava/lang/Object;)Ljava/lang/Object; @ 6
Event: 27.200 Thread 0x0000000019869800 Uncommon trap: reason=unstable_if action=reinterpret pc=0x0000000003e09544 method=java.util.HashMap.removeNode(ILjava/lang/Object;Ljava/lang/Object;ZZ)Ljava/util/HashMap$Node; @ 58
Event: 27.224 Thread 0x0000000019869800 Uncommon trap: reason=unstable_if action=reinterpret pc=0x0000000003408d24 method=java.util.jar.JarFile.getInputStream(Ljava/util/zip/ZipEntry;)Ljava/io/InputStream; @ 37
Event: 27.231 Thread 0x0000000019869800 Uncommon trap: reason=unstable_if action=reinterpret pc=0x0000000003dfd148 method=java.util.jar.JarFile$JarFileEntry.getCodeSigners()[Ljava/security/CodeSigner; @ 24
Event: 27.234 Thread 0x0000000019869800 Uncommon trap: reason=unstable_if action=reinterpret pc=0x0000000003552cac method=java.security.CodeSource.getCertificates()[Ljava/security/cert/Certificate; @ 22
Event: 27.235 Thread 0x0000000019869800 Uncommon trap: reason=unstable_if action=reinterpret pc=0x00000000034b834c method=java.security.CodeSource.matchCerts(Ljava/security/CodeSource;Z)Z @ 11
Event: 27.424 Thread 0x0000000019869800 Uncommon trap: reason=unstable_if action=reinterpret pc=0x0000000003cbb540 method=java.util.LinkedHashMap.get(Ljava/lang/Object;)Ljava/lang/Object; @ 20
Event: 27.492 Thread 0x0000000019869800 Uncommon trap: reason=unstable_if action=reinterpret pc=0x0000000003b0fe84 method=java.util.HashMap.removeNode(ILjava/lang/Object;Ljava/lang/Object;ZZ)Ljava/util/HashMap$Node; @ 58
Event: 27.538 Thread 0x0000000019869800 Uncommon trap: reason=unstable_if action=reinterpret pc=0x00000000034ec97c method=java.security.CodeSource.matchCerts(Ljava/security/CodeSource;Z)Z @ 11
Event: 27.652 Thread 0x0000000019869800 Uncommon trap: reason=unstable_if action=reinterpret pc=0x00000000031d4524 method=org.objectweb.asm.ByteVector.putUTF8(Ljava/lang/String;)Lorg/objectweb/asm/ByteVector; @ 93

Classes redefined (0 events):
No events

Internal exceptions (10 events):
Event: 25.596 Thread 0x0000000019869800 Exception <a 'java/lang/ClassNotFoundException': org/gradle/api/DefaultTaskCustomizer> (0x00000000e60ba8b8) thrown at [D:\src\AOSP-openjdk-cygwin\jdk8u\hotspot\src\share\vm\classfile\systemDictionary.cpp, line 210]
Event: 25.598 Thread 0x0000000019869800 Exception <a 'java/lang/ClassNotFoundException': org/gradle/api/internal/ConventionTaskCustomizer> (0x00000000e60fb380) thrown at [D:\src\AOSP-openjdk-cygwin\jdk8u\hotspot\src\share\vm\classfile\systemDictionary.cpp, line 210]
Event: 25.600 Thread 0x0000000019869800 Exception <a 'java/lang/ClassNotFoundException': org/gradle/api/tasks/DeleteCustomizer> (0x00000000e6138338) thrown at [D:\src\AOSP-openjdk-cygwin\jdk8u\hotspot\src\share\vm\classfile\systemDictionary.cpp, line 210]
Event: 25.602 Thread 0x0000000019869800 Exception <a 'java/lang/ClassNotFoundException': org/gradle/api/tasks/Delete_DecoratedCustomizer> (0x00000000e6182748) thrown at [D:\src\AOSP-openjdk-cygwin\jdk8u\hotspot\src\share\vm\classfile\systemDictionary.cpp, line 210]
Event: 25.646 Thread 0x0000000019869800 Exception <a 'java/lang/ClassNotFoundException': build_65sbdafhfdvc4qm2wzfnqv07hBeanInfo> (0x00000000e6290e28) thrown at [D:\src\AOSP-openjdk-cygwin\jdk8u\hotspot\src\share\vm\classfile\systemDictionary.cpp, line 210]
Event: 25.647 Thread 0x0000000019869800 Exception <a 'java/lang/ClassNotFoundException': build_65sbdafhfdvc4qm2wzfnqv07hCustomizer> (0x00000000e629c080) thrown at [D:\src\AOSP-openjdk-cygwin\jdk8u\hotspot\src\share\vm\classfile\systemDictionary.cpp, line 210]
Event: 26.485 Thread 0x0000000019869800 Implicit null exception at 0x00000000034b41f4 to 0x00000000034b4dad
Event: 26.485 Thread 0x0000000019869800 Implicit null exception at 0x00000000038d9f95 to 0x00000000038da27d
Event: 26.837 Thread 0x0000000019869800 Exception <a 'sun/nio/fs/WindowsException'> (0x00000000e03b5fa0) thrown at [D:\src\AOSP-openjdk-cygwin\jdk8u\hotspot\src\share\vm\prims\jni.cpp, line 709]
Event: 27.031 Thread 0x0000000019869800 Implicit null exception at 0x0000000003bf97a8 to 0x0000000003bf98d9

Events (10 events):
Event: 27.711 loading class com/android/build/gradle/internal/dsl/ExternalNativeNdkBuildOptions
Event: 27.711 loading class com/android/build/gradle/internal/dsl/ExternalNativeNdkBuildOptions done
Event: 27.711 loading class com/android/build/gradle/internal/dsl/ExternalNativeCmakeOptions
Event: 27.711 loading class com/android/build/gradle/internal/dsl/ExternalNativeCmakeOptions done
Event: 27.717 loading class com/google/common/collect/Sets
Event: 27.717 loading class com/google/common/collect/Sets done
Event: 27.828 loading class com/google/common/collect/Sets$SetView
Event: 27.828 loading class com/google/common/collect/Sets$SetView done
Event: 27.849 loading class com/google/common/collect/Sets$1
Event: 27.849 loading class com/google/common/collect/Sets$1 done


Dynamic libraries:
0x00007ff784ce0000 - 0x00007ff784d11000 	R:\Programs\Android\jre\bin\java.exe
0x00007ffeeb680000 - 0x00007ffeeb861000 	C:\WINDOWS\SYSTEM32\ntdll.dll
0x00007ffee9a40000 - 0x00007ffee9af1000 	C:\WINDOWS\System32\KERNEL32.DLL
0x00007ffee80b0000 - 0x00007ffee8323000 	C:\WINDOWS\System32\KERNELBASE.dll
0x00007ffee9410000 - 0x00007ffee94b1000 	C:\WINDOWS\System32\ADVAPI32.dll
0x00007ffeeb360000 - 0x00007ffeeb3fe000 	C:\WINDOWS\System32\msvcrt.dll
0x00007ffee8ce0000 - 0x00007ffee8d3b000 	C:\WINDOWS\System32\sechost.dll
0x00007ffee8bb0000 - 0x00007ffee8cd4000 	C:\WINDOWS\System32\RPCRT4.dll
0x00007ffee8e00000 - 0x00007ffee8f90000 	C:\WINDOWS\System32\USER32.dll
0x00007ffee8330000 - 0x00007ffee8350000 	C:\WINDOWS\System32\win32u.dll
0x00007ffee9ee0000 - 0x00007ffee9f08000 	C:\WINDOWS\System32\GDI32.dll
0x00007ffee7b00000 - 0x00007ffee7c92000 	C:\WINDOWS\System32\gdi32full.dll
0x00007ffee7ca0000 - 0x00007ffee7d3f000 	C:\WINDOWS\System32\msvcp_win.dll
0x00007ffee7fb0000 - 0x00007ffee80a8000 	C:\WINDOWS\System32\ucrtbase.dll
0x00007ffed6230000 - 0x00007ffed6499000 	C:\WINDOWS\WinSxS\amd64_microsoft.windows.common-controls_6595b64144ccf1df_6.0.17134.765_none_fb42a1a930655896\COMCTL32.dll
0x00007ffee9bb0000 - 0x00007ffee9ed2000 	C:\WINDOWS\System32\combase.dll
0x00007ffee7f30000 - 0x00007ffee7faa000 	C:\WINDOWS\System32\bcryptPrimitives.dll
0x00007ffee8d40000 - 0x00007ffee8d6d000 	C:\WINDOWS\System32\IMM32.DLL
0x000000005bd70000 - 0x000000005be42000 	R:\Programs\Android\jre\jre\bin\msvcr100.dll
0x000000005a340000 - 0x000000005ab81000 	R:\Programs\Android\jre\jre\bin\server\jvm.dll
0x00007ffee9f10000 - 0x00007ffee9f18000 	C:\WINDOWS\System32\PSAPI.DLL
0x00007ffee5750000 - 0x00007ffee5773000 	C:\WINDOWS\SYSTEM32\WINMM.dll
0x00007ffedad30000 - 0x00007ffedad39000 	C:\WINDOWS\SYSTEM32\WSOCK32.dll
0x00007ffee9970000 - 0x00007ffee99dc000 	C:\WINDOWS\System32\WS2_32.dll
0x00007ffee07f0000 - 0x00007ffee07fa000 	C:\WINDOWS\SYSTEM32\VERSION.dll
0x00007ffee5530000 - 0x00007ffee555a000 	C:\WINDOWS\SYSTEM32\WINMMBASE.dll
0x00007ffee8350000 - 0x00007ffee8399000 	C:\WINDOWS\System32\cfgmgr32.dll
0x00007ffed7460000 - 0x00007ffed746f000 	R:\Programs\Android\jre\jre\bin\verify.dll
0x00007ffec47c0000 - 0x00007ffec47e9000 	R:\Programs\Android\jre\jre\bin\java.dll
0x00007ffec47a0000 - 0x00007ffec47b6000 	R:\Programs\Android\jre\jre\bin\zip.dll
0x00007ffee9f20000 - 0x00007ffeeb360000 	C:\WINDOWS\System32\SHELL32.dll
0x00007ffee9b00000 - 0x00007ffee9ba9000 	C:\WINDOWS\System32\shcore.dll
0x00007ffee83a0000 - 0x00007ffee8aad000 	C:\WINDOWS\System32\windows.storage.dll
0x00007ffee99e0000 - 0x00007ffee9a31000 	C:\WINDOWS\System32\shlwapi.dll
0x00007ffee7a10000 - 0x00007ffee7a21000 	C:\WINDOWS\System32\kernel.appcore.dll
0x00007ffee7a30000 - 0x00007ffee7a4f000 	C:\WINDOWS\System32\profapi.dll
0x00007ffee79a0000 - 0x00007ffee79ec000 	C:\WINDOWS\System32\powrprof.dll
0x00007ffee7990000 - 0x00007ffee799a000 	C:\WINDOWS\System32\FLTLIB.DLL
0x00007ffec39f0000 - 0x00007ffec3a0a000 	R:\Programs\Android\jre\jre\bin\net.dll
0x00007ffee71b0000 - 0x00007ffee7216000 	C:\WINDOWS\system32\mswsock.dll
0x00007ffec39d0000 - 0x00007ffec39e1000 	R:\Programs\Android\jre\jre\bin\nio.dll
0x00007ffee3bd0000 - 0x00007ffee3bee000 	C:\Users\RaOne\.gradle\native\25\windows-amd64\native-platform.dll
0x00007ffed5380000 - 0x00007ffed538d000 	R:\Programs\Android\jre\jre\bin\management.dll
0x00007ffee73c0000 - 0x00007ffee73d7000 	C:\WINDOWS\SYSTEM32\CRYPTSP.dll
0x00007ffee6d90000 - 0x00007ffee6dc3000 	C:\WINDOWS\system32\rsaenh.dll
0x00007ffee74f0000 - 0x00007ffee7515000 	C:\WINDOWS\SYSTEM32\bcrypt.dll
0x00007ffee78c0000 - 0x00007ffee78e8000 	C:\WINDOWS\SYSTEM32\USERENV.dll
0x00007ffee7450000 - 0x00007ffee745b000 	C:\WINDOWS\SYSTEM32\CRYPTBASE.dll
0x00007ffee6f30000 - 0x00007ffee6f68000 	C:\WINDOWS\SYSTEM32\IPHLPAPI.DLL
0x00007ffee9110000 - 0x00007ffee9118000 	C:\WINDOWS\System32\NSI.dll
0x00007ffee1350000 - 0x00007ffee1366000 	C:\WINDOWS\SYSTEM32\dhcpcsvc6.DLL
0x00007ffedff40000 - 0x00007ffedff5a000 	C:\WINDOWS\SYSTEM32\dhcpcsvc.DLL

VM Arguments:
jvm_args: -Xmx1536m -Dfile.encoding=windows-1252 -Duser.country=US -Duser.language=en -Duser.variant 
java_command: org.gradle.launcher.daemon.bootstrap.GradleDaemon 5.1.1
java_class_path (initial): C:\Users\RaOne\.gradle\wrapper\dists\gradle-5.1.1-all\97z1ksx6lirer3kbvdnh7jtjg\gradle-5.1.1\lib\gradle-launcher-5.1.1.jar
Launcher Type: SUN_STANDARD

Environment Variables:
PATH=C:\Program Files (x86)\Common Files\Oracle\Java\javapath;C:\WINDOWS\system32;C:\WINDOWS;C:\WINDOWS\System32\Wbem;C:\WINDOWS\System32\WindowsPowerShell\v1.0\;C:\Program Files\Git\cmd;R:\Programs\Go\bin;C:\WINDOWS\System32\OpenSSH\;R:\Programs\nodejs\;C:\Program Files\mingw-w64\x86_64-8.1.0-posix-seh-rt_v6-rev0\mingw64\bin;C:\Users\RaOne\AppData\Local\Programs\Python\Python37\Scripts\;C:\Users\RaOne\AppData\Local\Programs\Python\Python37\;C:\Users\RaOne\AppData\Local\Microsoft\WindowsApps;C:\Users\RaOne\AppData\Local\atom\bin;R:\Projects\Go\bin;;C:\Users\RaOne\AppData\Local\Microsoft\WindowsApps;C:\Users\RaOne\AppData\Roaming\npm;R:\Programs\GoLand 2019.1\bin;
USERNAME=RaOne
OS=Windows_NT
PROCESSOR_IDENTIFIER=Intel64 Family 6 Model 78 Stepping 3, GenuineIntel



---------------  S Y S T E M  ---------------

OS: Windows 10.0 , 64 bit Build 17134 (10.0.17134.753)

CPU:total 4 (initial active 4) (2 cores per cpu, 2 threads per core) family 6 model 78 stepping 3, cmov, cx8, fxsr, mmx, sse, sse2, sse3, ssse3, sse4.1, sse4.2, popcnt, avx, avx2, aes, clmul, erms, 3dnowpref, lzcnt, ht, tsc, tscinvbit, bmi1, bmi2, adx

Memory: 4k page, physical 4065032k(432348k free), swap 11850628k(1080k free)

vm_info: OpenJDK 64-Bit Server VM (25.152-b01) for windows-amd64 JRE (1.8.0_152-release-1343-b01), built by "builder" with MS VC++ 10.0 (VS2010)

time: Tue May 28 13:02:12 2019
elapsed time: 27 seconds (0d 0h 0m 27s)

