#
# There is insufficient memory for the Java Runtime Environment to continue.
# Native memory allocation (malloc) failed to allocate 684496 bytes for Chunk::new
# Possible reasons:
#   The system is out of physical RAM or swap space
#   In 32 bit mode, the process size limit was hit
# Possible solutions:
#   Reduce memory load on the system
#   Increase physical memory or swap space
#   Check if swap backing store is full
#   Use 64 bit Java on a 64 bit OS
#   Decrease Java heap size (-Xmx/-Xms)
#   Decrease number of Java threads
#   Decrease Java thread stack sizes (-Xss)
#   Set larger code cache with -XX:ReservedCodeCacheSize=
# This output file may be truncated or incomplete.
#
#  Out of Memory Error (allocation.cpp:390), pid=18864, tid=0x0000000000002b24
#
# JRE version: OpenJDK Runtime Environment (8.0_152-b01) (build 1.8.0_152-release-1343-b01)
# Java VM: OpenJDK 64-Bit Server VM (25.152-b01 mixed mode windows-amd64 compressed oops)
# Failed to write core dump. Minidumps are not enabled by default on client versions of Windows
#

---------------  T H R E A D  ---------------

Current thread (0x0000000015f8b800):  JavaThread "C2 CompilerThread1" daemon [_thread_in_native, id=11044, stack(0x00000000176f0000,0x00000000177f0000)]

Stack: [0x00000000176f0000,0x00000000177f0000]
[error occurred during error reporting (printing stack bounds), id 0xc0000005]

Native frames: (J=compiled Java code, j=interpreted, Vv=VM code, C=native code)


Current CompileTask:
C2:   8110 2124   !   4       java.net.URL::<init> (543 bytes)


---------------  P R O C E S S  ---------------

Java Threads: ( => current thread )
  0x0000000019130800 JavaThread "Cache worker for cache directory md-supplier (C:\Users\RaOne\.gradle\caches\5.1.1\md-supplier)" [_thread_blocked, id=6092, stack(0x000000001e0b0000,0x000000001e1b0000)]
  0x0000000019131000 JavaThread "Cache worker for file hash cache (R:\Projects\AndroidStudioProjects\QazaqHalyqAnderi\.gradle\5.1.1\fileHashes)" [_thread_blocked, id=22256, stack(0x000000001cce0000,0x000000001cde0000)]
  0x000000001912f800 JavaThread "Cache worker for journal cache (C:\Users\RaOne\.gradle\caches\journal-1)" [_thread_blocked, id=19192, stack(0x000000001aa40000,0x000000001ab40000)]
  0x000000001912c800 JavaThread "File lock request listener" [_thread_in_native, id=4532, stack(0x000000001a940000,0x000000001aa40000)]
  0x00000000192b5800 JavaThread "Cache worker for file hash cache (C:\Users\RaOne\.gradle\caches\5.1.1\fileHashes)" [_thread_blocked, id=2452, stack(0x000000001a840000,0x000000001a940000)]
  0x0000000019052800 JavaThread "Thread-8" [_thread_blocked, id=21976, stack(0x000000001a740000,0x000000001a840000)]
  0x0000000019059800 JavaThread "Stdin handler" [_thread_blocked, id=22448, stack(0x000000001a640000,0x000000001a740000)]
  0x0000000019058800 JavaThread "Asynchronous log dispatcher for DefaultDaemonConnection: socket connection from /127.0.0.1:56852 to /127.0.0.1:56853" [_thread_blocked, id=21540, stack(0x000000001a540000,0x000000001a640000)]
  0x0000000019056000 JavaThread "Daemon worker" [_thread_in_Java, id=20844, stack(0x000000001a440000,0x000000001a540000)]
  0x0000000019008800 JavaThread "Cancel handler" [_thread_blocked, id=22368, stack(0x000000001a340000,0x000000001a440000)]
  0x0000000018fff000 JavaThread "Handler for socket connection from /127.0.0.1:56852 to /127.0.0.1:56853" [_thread_in_native, id=22484, stack(0x000000001a040000,0x000000001a140000)]
  0x0000000018ff8800 JavaThread "Daemon" [_thread_blocked, id=2360, stack(0x0000000019f40000,0x000000001a040000)]
  0x0000000018f5d000 JavaThread "Daemon periodic checks" [_thread_blocked, id=15168, stack(0x0000000019e40000,0x0000000019f40000)]
  0x0000000018eea000 JavaThread "Incoming local TCP Connector on port 56852" [_thread_in_native, id=18616, stack(0x0000000019c00000,0x0000000019d00000)]
  0x0000000017910800 JavaThread "Service Thread" daemon [_thread_blocked, id=11144, stack(0x0000000017cf0000,0x0000000017df0000)]
  0x0000000015f98000 JavaThread "C1 CompilerThread2" daemon [_thread_in_native, id=11124, stack(0x00000000177f0000,0x00000000178f0000)]
=>0x0000000015f8b800 JavaThread "C2 CompilerThread1" daemon [_thread_in_native, id=11044, stack(0x00000000176f0000,0x00000000177f0000)]
  0x0000000015f97000 JavaThread "C2 CompilerThread0" daemon [_thread_in_native, id=11140, stack(0x00000000175f0000,0x00000000176f0000)]
  0x0000000015f95800 JavaThread "Attach Listener" daemon [_thread_blocked, id=21292, stack(0x00000000174f0000,0x00000000175f0000)]
  0x0000000015f94800 JavaThread "Signal Dispatcher" daemon [_thread_blocked, id=12352, stack(0x00000000173f0000,0x00000000174f0000)]
  0x0000000015f79800 JavaThread "Finalizer" daemon [_thread_blocked, id=1056, stack(0x0000000017200000,0x0000000017300000)]
  0x000000000260f800 JavaThread "Reference Handler" daemon [_thread_blocked, id=20676, stack(0x0000000017100000,0x0000000017200000)]
  0x00000000023cd800 JavaThread "main" [_thread_blocked, id=20832, stack(0x00000000023d0000,0x00000000024d0000)]

Other Threads:
  0x0000000015f57000 VMThread [stack: 0x0000000017000000,0x0000000017100000] [id=20964]
  0x0000000015fec800 WatcherThread [stack: 0x0000000017df0000,0x0000000017ef0000] [id=11168]

VM state:not at safepoint (normal execution)

VM Mutex/Monitor currently owned by a thread: None

Heap:
 PSYoungGen      total 73728K, used 50268K [0x00000000e0000000, 0x00000000e5280000, 0x0000000100000000)
  eden space 62976K, 79% used [0x00000000e0000000,0x00000000e31171e8,0x00000000e3d80000)
  from space 10752K, 0% used [0x00000000e4800000,0x00000000e4800000,0x00000000e5280000)
  to   space 2560K, 0% used [0x00000000e4000000,0x00000000e4000000,0x00000000e4280000)
 ParOldGen       total 44544K, used 13266K [0x00000000a0000000, 0x00000000a2b80000, 0x00000000e0000000)
  object space 44544K, 29% used [0x00000000a0000000,0x00000000a0cf4b10,0x00000000a2b80000)
 Metaspace       used 26681K, capacity 27160K, committed 27392K, reserved 1073152K
  class space    used 3601K, capacity 3774K, committed 3840K, reserved 1048576K

Card table byte_map: [0x00000000119e0000,0x0000000011cf0000] byte_map_base: 0x00000000114e0000

Marking Bits: (ParMarkBitMap*) 0x000000005ab05aa0
 Begin Bits: [0x00000000122f0000, 0x0000000013af0000)
 End Bits:   [0x0000000013af0000, 0x00000000152f0000)

Polling page: 0x00000000003d0000

CodeCache: size=245760Kb used=7766Kb max_used=8187Kb free=237993Kb
 bounds [0x0000000002620000, 0x0000000002e30000, 0x0000000011620000]
 total_blobs=2631 nmethods=1973 adapters=571
 compilation: enabled

Compilation events (10 events):
Event: 8.060 Thread 0x0000000015f98000 nmethod 2133 0x0000000002741410 code [0x0000000002741580, 0x0000000002741778]
Event: 8.073 Thread 0x0000000015f97000 2134       4       java.util.jar.Manifest$FastInputStream::readLine (167 bytes)
Event: 8.081 Thread 0x0000000015f97000 nmethod 2134 0x0000000002799390 code [0x00000000027994e0, 0x0000000002799938]
Event: 8.081 Thread 0x0000000015f97000 2135       4       java.util.WeakHashMap::put (162 bytes)
Event: 8.089 Thread 0x0000000015f97000 nmethod 2135 0x000000000279cf10 code [0x000000000279d0a0, 0x000000000279d568]
Event: 8.103 Thread 0x0000000015f98000 2136       3       org.gradle.internal.reflect.MutableClassDetails::method (12 bytes)
Event: 8.104 Thread 0x0000000015f98000 nmethod 2136 0x0000000002839e10 code [0x0000000002839f80, 0x000000000283a1a8]
Event: 8.104 Thread 0x0000000015f98000 2137       3       java.util.Arrays::hashCode (56 bytes)
Event: 8.104 Thread 0x0000000015f98000 nmethod 2137 0x000000000275a890 code [0x000000000275aa00, 0x000000000275ad88]
Event: 8.104 Thread 0x0000000015f98000 2138       3       org.gradle.internal.reflect.PropertyAccessorType::of (95 bytes)

GC Heap History (10 events):
Event: 3.459 GC heap before
{Heap before GC invocations=3 (full 0):
 PSYoungGen      total 35328K, used 35299K [0x00000000e0000000, 0x00000000e2500000, 0x0000000100000000)
  eden space 32768K, 100% used [0x00000000e0000000,0x00000000e2000000,0x00000000e2000000)
  from space 2560K, 98% used [0x00000000e2280000,0x00000000e24f8e30,0x00000000e2500000)
  to   space 2560K, 0% used [0x00000000e2000000,0x00000000e2000000,0x00000000e2280000)
 ParOldGen       total 44032K, used 389K [0x00000000a0000000, 0x00000000a2b00000, 0x00000000e0000000)
  object space 44032K, 0% used [0x00000000a0000000,0x00000000a00616d8,0x00000000a2b00000)
 Metaspace       used 8867K, capacity 9108K, committed 9216K, reserved 1056768K
  class space    used 1150K, capacity 1226K, committed 1280K, reserved 1048576K
Event: 3.471 GC heap after
Heap after GC invocations=3 (full 0):
 PSYoungGen      total 35328K, used 2560K [0x00000000e0000000, 0x00000000e4500000, 0x0000000100000000)
  eden space 32768K, 0% used [0x00000000e0000000,0x00000000e0000000,0x00000000e2000000)
  from space 2560K, 100% used [0x00000000e2000000,0x00000000e2280000,0x00000000e2280000)
  to   space 2560K, 0% used [0x00000000e4280000,0x00000000e4280000,0x00000000e4500000)
 ParOldGen       total 44032K, used 2284K [0x00000000a0000000, 0x00000000a2b00000, 0x00000000e0000000)
  object space 44032K, 5% used [0x00000000a0000000,0x00000000a023b348,0x00000000a2b00000)
 Metaspace       used 8867K, capacity 9108K, committed 9216K, reserved 1056768K
  class space    used 1150K, capacity 1226K, committed 1280K, reserved 1048576K
}
Event: 5.011 GC heap before
{Heap before GC invocations=4 (full 0):
 PSYoungGen      total 35328K, used 35328K [0x00000000e0000000, 0x00000000e4500000, 0x0000000100000000)
  eden space 32768K, 100% used [0x00000000e0000000,0x00000000e2000000,0x00000000e2000000)
  from space 2560K, 100% used [0x00000000e2000000,0x00000000e2280000,0x00000000e2280000)
  to   space 2560K, 0% used [0x00000000e4280000,0x00000000e4280000,0x00000000e4500000)
 ParOldGen       total 44032K, used 2284K [0x00000000a0000000, 0x00000000a2b00000, 0x00000000e0000000)
  object space 44032K, 5% used [0x00000000a0000000,0x00000000a023b348,0x00000000a2b00000)
 Metaspace       used 13259K, capacity 13620K, committed 13824K, reserved 1060864K
  class space    used 1824K, capacity 1964K, committed 2048K, reserved 1048576K
Event: 5.019 GC heap after
Heap after GC invocations=4 (full 0):
 PSYoungGen      total 68096K, used 2544K [0x00000000e0000000, 0x00000000e4500000, 0x0000000100000000)
  eden space 65536K, 0% used [0x00000000e0000000,0x00000000e0000000,0x00000000e4000000)
  from space 2560K, 99% used [0x00000000e4280000,0x00000000e44fc030,0x00000000e4500000)
  to   space 2560K, 0% used [0x00000000e4000000,0x00000000e4000000,0x00000000e4280000)
 ParOldGen       total 44032K, used 6083K [0x00000000a0000000, 0x00000000a2b00000, 0x00000000e0000000)
  object space 44032K, 13% used [0x00000000a0000000,0x00000000a05f0e18,0x00000000a2b00000)
 Metaspace       used 13259K, capacity 13620K, committed 13824K, reserved 1060864K
  class space    used 1824K, capacity 1964K, committed 2048K, reserved 1048576K
}
Event: 6.830 GC heap before
{Heap before GC invocations=5 (full 0):
 PSYoungGen      total 68096K, used 68080K [0x00000000e0000000, 0x00000000e4500000, 0x0000000100000000)
  eden space 65536K, 100% used [0x00000000e0000000,0x00000000e4000000,0x00000000e4000000)
  from space 2560K, 99% used [0x00000000e4280000,0x00000000e44fc030,0x00000000e4500000)
  to   space 2560K, 0% used [0x00000000e4000000,0x00000000e4000000,0x00000000e4280000)
 ParOldGen       total 44032K, used 6083K [0x00000000a0000000, 0x00000000a2b00000, 0x00000000e0000000)
  object space 44032K, 13% used [0x00000000a0000000,0x00000000a05f0e18,0x00000000a2b00000)
 Metaspace       used 19115K, capacity 19566K, committed 19968K, reserved 1067008K
  class space    used 2770K, capacity 2957K, committed 3072K, reserved 1048576K
Event: 6.842 GC heap after
Heap after GC invocations=5 (full 0):
 PSYoungGen      total 65536K, used 2528K [0x00000000e0000000, 0x00000000e5280000, 0x0000000100000000)
  eden space 62976K, 0% used [0x00000000e0000000,0x00000000e0000000,0x00000000e3d80000)
  from space 2560K, 98% used [0x00000000e4000000,0x00000000e4278030,0x00000000e4280000)
  to   space 10752K, 0% used [0x00000000e4800000,0x00000000e4800000,0x00000000e5280000)
 ParOldGen       total 44032K, used 14029K [0x00000000a0000000, 0x00000000a2b00000, 0x00000000e0000000)
  object space 44032K, 31% used [0x00000000a0000000,0x00000000a0db3460,0x00000000a2b00000)
 Metaspace       used 19115K, capacity 19566K, committed 19968K, reserved 1067008K
  class space    used 2770K, capacity 2957K, committed 3072K, reserved 1048576K
}
Event: 7.176 GC heap before
{Heap before GC invocations=6 (full 0):
 PSYoungGen      total 65536K, used 14257K [0x00000000e0000000, 0x00000000e5280000, 0x0000000100000000)
  eden space 62976K, 18% used [0x00000000e0000000,0x00000000e0b74440,0x00000000e3d80000)
  from space 2560K, 98% used [0x00000000e4000000,0x00000000e4278030,0x00000000e4280000)
  to   space 10752K, 0% used [0x00000000e4800000,0x00000000e4800000,0x00000000e5280000)
 ParOldGen       total 44032K, used 14029K [0x00000000a0000000, 0x00000000a2b00000, 0x00000000e0000000)
  object space 44032K, 31% used [0x00000000a0000000,0x00000000a0db3460,0x00000000a2b00000)
 Metaspace       used 20560K, capacity 21076K, committed 21296K, reserved 1067008K
  class space    used 2917K, capacity 3119K, committed 3200K, reserved 1048576K
Event: 7.185 GC heap after
Heap after GC invocations=6 (full 0):
 PSYoungGen      total 73728K, used 4157K [0x00000000e0000000, 0x00000000e5280000, 0x0000000100000000)
  eden space 62976K, 0% used [0x00000000e0000000,0x00000000e0000000,0x00000000e3d80000)
  from space 10752K, 38% used [0x00000000e4800000,0x00000000e4c0f4a0,0x00000000e5280000)
  to   space 2560K, 0% used [0x00000000e4000000,0x00000000e4000000,0x00000000e4280000)
 ParOldGen       total 44032K, used 14029K [0x00000000a0000000, 0x00000000a2b00000, 0x00000000e0000000)
  object space 44032K, 31% used [0x00000000a0000000,0x00000000a0db3460,0x00000000a2b00000)
 Metaspace       used 20560K, capacity 21076K, committed 21296K, reserved 1067008K
  class space    used 2917K, capacity 3119K, committed 3200K, reserved 1048576K
}
Event: 7.185 GC heap before
{Heap before GC invocations=7 (full 1):
 PSYoungGen      total 73728K, used 4157K [0x00000000e0000000, 0x00000000e5280000, 0x0000000100000000)
  eden space 62976K, 0% used [0x00000000e0000000,0x00000000e0000000,0x00000000e3d80000)
  from space 10752K, 38% used [0x00000000e4800000,0x00000000e4c0f4a0,0x00000000e5280000)
  to   space 2560K, 0% used [0x00000000e4000000,0x00000000e4000000,0x00000000e4280000)
 ParOldGen       total 44032K, used 14029K [0x00000000a0000000, 0x00000000a2b00000, 0x00000000e0000000)
  object space 44032K, 31% used [0x00000000a0000000,0x00000000a0db3460,0x00000000a2b00000)
 Metaspace       used 20560K, capacity 21076K, committed 21296K, reserved 1067008K
  class space    used 2917K, capacity 3119K, committed 3200K, reserved 1048576K
Event: 7.253 GC heap after
Heap after GC invocations=7 (full 1):
 PSYoungGen      total 73728K, used 0K [0x00000000e0000000, 0x00000000e5280000, 0x0000000100000000)
  eden space 62976K, 0% used [0x00000000e0000000,0x00000000e0000000,0x00000000e3d80000)
  from space 10752K, 0% used [0x00000000e4800000,0x00000000e4800000,0x00000000e5280000)
  to   space 2560K, 0% used [0x00000000e4000000,0x00000000e4000000,0x00000000e4280000)
 ParOldGen       total 44544K, used 13266K [0x00000000a0000000, 0x00000000a2b80000, 0x00000000e0000000)
  object space 44544K, 29% used [0x00000000a0000000,0x00000000a0cf4b10,0x00000000a2b80000)
 Metaspace       used 20560K, capacity 21076K, committed 21296K, reserved 1067008K
  class space    used 2917K, capacity 3119K, committed 3200K, reserved 1048576K
}

Deoptimization events (10 events):
Event: 6.356 Thread 0x0000000019056000 Uncommon trap: reason=unstable_if action=reinterpret pc=0x0000000002bd7358 method=java.net.URLClassLoader.getAndVerifyPackage(Ljava/lang/String;Ljava/util/jar/Manifest;Ljava/net/URL;)Ljava/lang/Package; @ 62
Event: 6.758 Thread 0x0000000019056000 Uncommon trap: reason=unstable_if action=reinterpret pc=0x0000000002bcde08 method=java.io.BufferedInputStream.read([BII)I @ 56
Event: 6.759 Thread 0x0000000019056000 Uncommon trap: reason=unstable_if action=reinterpret pc=0x000000000290acdc method=java.lang.AbstractStringBuilder.append(Ljava/lang/String;)Ljava/lang/AbstractStringBuilder; @ 1
Event: 6.759 Thread 0x0000000019056000 Uncommon trap: reason=unstable_if action=reinterpret pc=0x00000000028517c0 method=java.lang.AbstractStringBuilder.append(Ljava/lang/String;)Ljava/lang/AbstractStringBuilder; @ 1
Event: 7.008 Thread 0x0000000019056000 Uncommon trap: reason=class_check action=maybe_recompile pc=0x0000000002804e10 method=sun.misc.URLClassPath.getLoader(I)Lsun/misc/URLClassPath$Loader; @ 94
Event: 7.008 Thread 0x0000000019056000 Uncommon trap: reason=class_check action=maybe_recompile pc=0x0000000002964e6c method=sun.misc.URLClassPath.getResource(Ljava/lang/String;Z)Lsun/misc/Resource; @ 62
Event: 7.011 Thread 0x0000000019056000 Uncommon trap: reason=unstable_if action=reinterpret pc=0x0000000002c0be38 method=java.lang.ClassLoader.getClassLoadingLock(Ljava/lang/String;)Ljava/lang/Object; @ 6
Event: 7.966 Thread 0x0000000019056000 Uncommon trap: reason=unstable_if action=reinterpret pc=0x0000000002ad0828 method=java.util.HashMap.hash(Ljava/lang/Object;)I @ 1
Event: 7.979 Thread 0x0000000019056000 Uncommon trap: reason=unstable_if action=reinterpret pc=0x0000000002a9c3a8 method=java.util.HashMap.hash(Ljava/lang/Object;)I @ 1
Event: 8.071 Thread 0x0000000019056000 Uncommon trap: reason=unstable_if action=reinterpret pc=0x00000000028d980c method=java.io.WinNTFileSystem.resolve(Ljava/lang/String;Ljava/lang/String;)Ljava/lang/String; @ 49

Classes redefined (0 events):
No events

Internal exceptions (10 events):
Event: 7.838 Thread 0x0000000019052800 Exception <a 'java/lang/NoSuchMethodError': <clinit>> (0x00000000e0722608) thrown at [D:\src\AOSP-openjdk-cygwin\jdk8u\hotspot\src\share\vm\prims\jni.cpp, line 1613]
Event: 7.838 Thread 0x0000000019052800 Exception <a 'java/lang/NoSuchMethodError': <clinit>> (0x00000000e0723bc8) thrown at [D:\src\AOSP-openjdk-cygwin\jdk8u\hotspot\src\share\vm\prims\jni.cpp, line 1613]
Event: 7.863 Thread 0x0000000019056000 Exception <a 'java/lang/ClassNotFoundException': ijinit2_3ns6zp5c4rv357q0p1wwtyz91BeanInfo> (0x00000000e1e54750) thrown at [D:\src\AOSP-openjdk-cygwin\jdk8u\hotspot\src\share\vm\classfile\systemDictionary.cpp, line 210]
Event: 7.864 Thread 0x0000000019056000 Exception <a 'java/lang/ClassNotFoundException': ijinit2_3ns6zp5c4rv357q0p1wwtyz91Customizer> (0x00000000e1e601c0) thrown at [D:\src\AOSP-openjdk-cygwin\jdk8u\hotspot\src\share\vm\classfile\systemDictionary.cpp, line 210]
Event: 7.916 Thread 0x0000000019056000 Exception <a 'java/lang/ClassNotFoundException': org/gradle/internal/metaobject/ConfigureDelegateBeanInfo> (0x00000000e20a9e48) thrown at [D:\src\AOSP-openjdk-cygwin\jdk8u\hotspot\src\share\vm\classfile\systemDictionary.cpp, line 210]
Event: 7.916 Thread 0x0000000019056000 Exception <a 'java/lang/ClassNotFoundException': org/gradle/internal/metaobject/ConfigureDelegateCustomizer> (0x00000000e20d4798) thrown at [D:\src\AOSP-openjdk-cygwin\jdk8u\hotspot\src\share\vm\classfile\systemDictionary.cpp, line 210]
Event: 7.924 Thread 0x0000000019056000 Exception <a 'java/lang/ClassNotFoundException': org/gradle/api/internal/initialization/DefaultScriptHandlerBeanInfo> (0x00000000e214e718) thrown at [D:\src\AOSP-openjdk-cygwin\jdk8u\hotspot\src\share\vm\classfile\systemDictionary.cpp, line 210]
Event: 7.925 Thread 0x0000000019056000 Exception <a 'java/lang/ClassNotFoundException': org/gradle/api/internal/initialization/DefaultScriptHandlerCustomizer> (0x00000000e217f830) thrown at [D:\src\AOSP-openjdk-cygwin\jdk8u\hotspot\src\share\vm\classfile\systemDictionary.cpp, line 210]
Event: 7.966 Thread 0x0000000019056000 Implicit null exception at 0x0000000002ad0615 to 0x0000000002ad0819
Event: 7.979 Thread 0x0000000019056000 Implicit null exception at 0x0000000002a9c32f to 0x0000000002a9c399

Events (10 events):
Event: 8.101 loading class org/gradle/api/artifacts/repositories/AuthenticationSupported
Event: 8.101 loading class org/gradle/api/artifacts/repositories/AuthenticationSupported done
Event: 8.102 loading class org/gradle/api/artifacts/repositories/MetadataSupplierAware
Event: 8.102 loading class org/gradle/api/artifacts/repositories/MetadataSupplierAware done
Event: 8.102 loading class org/gradle/api/artifacts/repositories/IvyArtifactRepository
Event: 8.102 loading class org/gradle/api/artifacts/repositories/IvyArtifactRepository done
Event: 8.102 loading class org/gradle/api/artifacts/repositories/FlatDirectoryArtifactRepository
Event: 8.102 loading class org/gradle/api/artifacts/repositories/FlatDirectoryArtifactRepository done
Event: 8.103 loading class org/gradle/api/internal/collections/CollectionFilter
Event: 8.103 loading class org/gradle/api/internal/collections/CollectionFilter done


Dynamic libraries:
0x00007ff784ce0000 - 0x00007ff784d11000 	R:\Programs\Android\jre\bin\java.exe
0x00007ffeeb680000 - 0x00007ffeeb861000 	C:\WINDOWS\SYSTEM32\ntdll.dll
0x00007ffee9a40000 - 0x00007ffee9af1000 	C:\WINDOWS\System32\KERNEL32.DLL
0x00007ffee80b0000 - 0x00007ffee8323000 	C:\WINDOWS\System32\KERNELBASE.dll
0x00007ffee9410000 - 0x00007ffee94b1000 	C:\WINDOWS\System32\ADVAPI32.dll
0x00007ffeeb360000 - 0x00007ffeeb3fe000 	C:\WINDOWS\System32\msvcrt.dll
0x00007ffee8ce0000 - 0x00007ffee8d3b000 	C:\WINDOWS\System32\sechost.dll
0x00007ffee8bb0000 - 0x00007ffee8cd4000 	C:\WINDOWS\System32\RPCRT4.dll
0x00007ffee8e00000 - 0x00007ffee8f90000 	C:\WINDOWS\System32\USER32.dll
0x00007ffee8330000 - 0x00007ffee8350000 	C:\WINDOWS\System32\win32u.dll
0x00007ffee9ee0000 - 0x00007ffee9f08000 	C:\WINDOWS\System32\GDI32.dll
0x00007ffee7b00000 - 0x00007ffee7c92000 	C:\WINDOWS\System32\gdi32full.dll
0x00007ffee7ca0000 - 0x00007ffee7d3f000 	C:\WINDOWS\System32\msvcp_win.dll
0x00007ffee7fb0000 - 0x00007ffee80a8000 	C:\WINDOWS\System32\ucrtbase.dll
0x00007ffed6230000 - 0x00007ffed6499000 	C:\WINDOWS\WinSxS\amd64_microsoft.windows.common-controls_6595b64144ccf1df_6.0.17134.765_none_fb42a1a930655896\COMCTL32.dll
0x00007ffee9bb0000 - 0x00007ffee9ed2000 	C:\WINDOWS\System32\combase.dll
0x00007ffee7f30000 - 0x00007ffee7faa000 	C:\WINDOWS\System32\bcryptPrimitives.dll
0x00007ffee8d40000 - 0x00007ffee8d6d000 	C:\WINDOWS\System32\IMM32.DLL
0x000000005bd70000 - 0x000000005be42000 	R:\Programs\Android\jre\jre\bin\msvcr100.dll
0x000000005a340000 - 0x000000005ab81000 	R:\Programs\Android\jre\jre\bin\server\jvm.dll
0x00007ffee9f10000 - 0x00007ffee9f18000 	C:\WINDOWS\System32\PSAPI.DLL
0x00007ffedad30000 - 0x00007ffedad39000 	C:\WINDOWS\SYSTEM32\WSOCK32.dll
0x00007ffee5750000 - 0x00007ffee5773000 	C:\WINDOWS\SYSTEM32\WINMM.dll
0x00007ffee07f0000 - 0x00007ffee07fa000 	C:\WINDOWS\SYSTEM32\VERSION.dll
0x00007ffee9970000 - 0x00007ffee99dc000 	C:\WINDOWS\System32\WS2_32.dll
0x00007ffee5530000 - 0x00007ffee555a000 	C:\WINDOWS\SYSTEM32\WINMMBASE.dll
0x00007ffee8350000 - 0x00007ffee8399000 	C:\WINDOWS\System32\cfgmgr32.dll
0x00007ffed7460000 - 0x00007ffed746f000 	R:\Programs\Android\jre\jre\bin\verify.dll
0x00007ffec47c0000 - 0x00007ffec47e9000 	R:\Programs\Android\jre\jre\bin\java.dll
0x00007ffec47a0000 - 0x00007ffec47b6000 	R:\Programs\Android\jre\jre\bin\zip.dll
0x00007ffee9f20000 - 0x00007ffeeb360000 	C:\WINDOWS\System32\SHELL32.dll
0x00007ffee9b00000 - 0x00007ffee9ba9000 	C:\WINDOWS\System32\shcore.dll
0x00007ffee83a0000 - 0x00007ffee8aad000 	C:\WINDOWS\System32\windows.storage.dll
0x00007ffee99e0000 - 0x00007ffee9a31000 	C:\WINDOWS\System32\shlwapi.dll
0x00007ffee7a10000 - 0x00007ffee7a21000 	C:\WINDOWS\System32\kernel.appcore.dll
0x00007ffee7a30000 - 0x00007ffee7a4f000 	C:\WINDOWS\System32\profapi.dll
0x00007ffee79a0000 - 0x00007ffee79ec000 	C:\WINDOWS\System32\powrprof.dll
0x00007ffee7990000 - 0x00007ffee799a000 	C:\WINDOWS\System32\FLTLIB.DLL
0x00007ffec39f0000 - 0x00007ffec3a0a000 	R:\Programs\Android\jre\jre\bin\net.dll
0x00007ffee71b0000 - 0x00007ffee7216000 	C:\WINDOWS\system32\mswsock.dll
0x00007ffec39d0000 - 0x00007ffec39e1000 	R:\Programs\Android\jre\jre\bin\nio.dll
0x00007ffee3bd0000 - 0x00007ffee3bee000 	C:\Users\RaOne\.gradle\native\25\windows-amd64\native-platform.dll
0x00007ffed5380000 - 0x00007ffed538d000 	R:\Programs\Android\jre\jre\bin\management.dll
0x00007ffee73c0000 - 0x00007ffee73d7000 	C:\WINDOWS\SYSTEM32\CRYPTSP.dll
0x00007ffee6d90000 - 0x00007ffee6dc3000 	C:\WINDOWS\system32\rsaenh.dll
0x00007ffee74f0000 - 0x00007ffee7515000 	C:\WINDOWS\SYSTEM32\bcrypt.dll
0x00007ffee78c0000 - 0x00007ffee78e8000 	C:\WINDOWS\SYSTEM32\USERENV.dll
0x00007ffee7450000 - 0x00007ffee745b000 	C:\WINDOWS\SYSTEM32\CRYPTBASE.dll
0x00007ffee6f30000 - 0x00007ffee6f68000 	C:\WINDOWS\SYSTEM32\IPHLPAPI.DLL
0x00007ffee9110000 - 0x00007ffee9118000 	C:\WINDOWS\System32\NSI.dll
0x00007ffee1350000 - 0x00007ffee1366000 	C:\WINDOWS\SYSTEM32\dhcpcsvc6.DLL
0x00007ffedff40000 - 0x00007ffedff5a000 	C:\WINDOWS\SYSTEM32\dhcpcsvc.DLL

VM Arguments:
jvm_args: -Xmx1536m -Dfile.encoding=windows-1252 -Duser.country=US -Duser.language=en -Duser.variant 
java_command: org.gradle.launcher.daemon.bootstrap.GradleDaemon 5.1.1
java_class_path (initial): C:\Users\RaOne\.gradle\wrapper\dists\gradle-5.1.1-all\97z1ksx6lirer3kbvdnh7jtjg\gradle-5.1.1\lib\gradle-launcher-5.1.1.jar
Launcher Type: SUN_STANDARD

Environment Variables:
PATH=C:\Program Files (x86)\Common Files\Oracle\Java\javapath;C:\WINDOWS\system32;C:\WINDOWS;C:\WINDOWS\System32\Wbem;C:\WINDOWS\System32\WindowsPowerShell\v1.0\;C:\Program Files\Git\cmd;R:\Programs\Go\bin;C:\WINDOWS\System32\OpenSSH\;R:\Programs\nodejs\;C:\Program Files\mingw-w64\x86_64-8.1.0-posix-seh-rt_v6-rev0\mingw64\bin;C:\Users\RaOne\AppData\Local\Programs\Python\Python37\Scripts\;C:\Users\RaOne\AppData\Local\Programs\Python\Python37\;C:\Users\RaOne\AppData\Local\Microsoft\WindowsApps;C:\Users\RaOne\AppData\Local\atom\bin;R:\Projects\Go\bin;;C:\Users\RaOne\AppData\Local\Microsoft\WindowsApps;C:\Users\RaOne\AppData\Roaming\npm;R:\Programs\GoLand 2019.1\bin;
USERNAME=RaOne
OS=Windows_NT
PROCESSOR_IDENTIFIER=Intel64 Family 6 Model 78 Stepping 3, GenuineIntel



---------------  S Y S T E M  ---------------

OS: Windows 10.0 , 64 bit Build 17134 (10.0.17134.753)

CPU:total 4 (initial active 4) (2 cores per cpu, 2 threads per core) family 6 model 78 stepping 3, cmov, cx8, fxsr, mmx, sse, sse2, sse3, ssse3, sse4.1, sse4.2, popcnt, avx, avx2, aes, clmul, erms, 3dnowpref, lzcnt, ht, tsc, tscinvbit, bmi1, bmi2, adx

Memory: 4k page, physical 4065032k(247100k free), swap 11850628k(700k free)

vm_info: OpenJDK 64-Bit Server VM (25.152-b01) for windows-amd64 JRE (1.8.0_152-release-1343-b01), built by "builder" with MS VC++ 10.0 (VS2010)

time: Tue May 28 13:03:01 2019
elapsed time: 8 seconds (0d 0h 0m 8s)

