#
# There is insufficient memory for the Java Runtime Environment to continue.
# Native memory allocation (malloc) failed to allocate 193696 bytes for Chunk::new
# Possible reasons:
#   The system is out of physical RAM or swap space
#   In 32 bit mode, the process size limit was hit
# Possible solutions:
#   Reduce memory load on the system
#   Increase physical memory or swap space
#   Check if swap backing store is full
#   Use 64 bit Java on a 64 bit OS
#   Decrease Java heap size (-Xmx/-Xms)
#   Decrease number of Java threads
#   Decrease Java thread stack sizes (-Xss)
#   Set larger code cache with -XX:ReservedCodeCacheSize=
# This output file may be truncated or incomplete.
#
#  Out of Memory Error (allocation.cpp:390), pid=21364, tid=0x000000000000568c
#
# JRE version: OpenJDK Runtime Environment (8.0_152-b01) (build 1.8.0_152-release-1343-b01)
# Java VM: OpenJDK 64-Bit Server VM (25.152-b01 mixed mode windows-amd64 compressed oops)
# Failed to write core dump. Minidumps are not enabled by default on client versions of Windows
#

---------------  T H R E A D  ---------------

Current thread (0x000000001672c800):  JavaThread "C2 CompilerThread1" daemon [_thread_in_native, id=22156, stack(0x0000000017e70000,0x0000000017f70000)]

Stack: [0x0000000017e70000,0x0000000017f70000]
[error occurred during error reporting (printing stack bounds), id 0xc0000005]

Native frames: (J=compiled Java code, j=interpreted, Vv=VM code, C=native code)


Current CompileTask:
C2:   6516 1781  s!   4       sun.misc.URLClassPath::getLoader (243 bytes)


---------------  P R O C E S S  ---------------

Java Threads: ( => current thread )
  0x00000000198ef000 JavaThread "Cache worker for file hash cache (R:\Projects\AndroidStudioProjects\QazaqHalyqAnderi\.gradle\5.1.1\fileHashes)" [_thread_blocked, id=21976, stack(0x000000001d460000,0x000000001d560000)]
  0x00000000198ec000 JavaThread "Cache worker for journal cache (C:\Users\RaOne\.gradle\caches\journal-1)" [_thread_blocked, id=22368, stack(0x000000001b1c0000,0x000000001b2c0000)]
  0x0000000019868800 JavaThread "File lock request listener" [_thread_in_native, id=21580, stack(0x000000001b0c0000,0x000000001b1c0000)]
  0x0000000019868000 JavaThread "Cache worker for file hash cache (C:\Users\RaOne\.gradle\caches\5.1.1\fileHashes)" [_thread_blocked, id=22480, stack(0x000000001afc0000,0x000000001b0c0000)]
  0x0000000019805800 JavaThread "Thread-8" [_thread_blocked, id=2360, stack(0x000000001aec0000,0x000000001afc0000)]
  0x00000000197fe000 JavaThread "Stdin handler" [_thread_blocked, id=21756, stack(0x000000001adc0000,0x000000001aec0000)]
  0x00000000197fc800 JavaThread "Asynchronous log dispatcher for DefaultDaemonConnection: socket connection from /127.0.0.1:56805 to /127.0.0.1:56806" [_thread_blocked, id=4532, stack(0x000000001acc0000,0x000000001adc0000)]
  0x00000000197f9800 JavaThread "Daemon worker" [_thread_in_native, id=19412, stack(0x000000001abc0000,0x000000001acc0000)]
  0x00000000197e9000 JavaThread "Cancel handler" [_thread_blocked, id=22324, stack(0x000000001aac0000,0x000000001abc0000)]
  0x00000000195c2800 JavaThread "Handler for socket connection from /127.0.0.1:56805 to /127.0.0.1:56806" [_thread_in_native, id=7896, stack(0x000000001a7c0000,0x000000001a8c0000)]
  0x00000000195c4000 JavaThread "Daemon" [_thread_blocked, id=15248, stack(0x000000001a6c0000,0x000000001a7c0000)]
  0x00000000195bd800 JavaThread "Daemon periodic checks" [_thread_blocked, id=19712, stack(0x000000001a5c0000,0x000000001a6c0000)]
  0x00000000195b0800 JavaThread "Incoming local TCP Connector on port 56805" [_thread_in_native, id=21312, stack(0x000000001a380000,0x000000001a480000)]
  0x0000000017f96000 JavaThread "Service Thread" daemon [_thread_blocked, id=12352, stack(0x0000000018470000,0x0000000018570000)]
  0x000000001678d800 JavaThread "C1 CompilerThread2" daemon [_thread_blocked, id=2452, stack(0x0000000018370000,0x0000000018470000)]
=>0x000000001672c800 JavaThread "C2 CompilerThread1" daemon [_thread_in_native, id=22156, stack(0x0000000017e70000,0x0000000017f70000)]
  0x0000000016738000 JavaThread "C2 CompilerThread0" daemon [_thread_in_native, id=18916, stack(0x0000000017d70000,0x0000000017e70000)]
  0x0000000016737000 JavaThread "Attach Listener" daemon [_thread_blocked, id=20016, stack(0x0000000017c70000,0x0000000017d70000)]
  0x0000000016735800 JavaThread "Signal Dispatcher" daemon [_thread_blocked, id=16640, stack(0x0000000017b70000,0x0000000017c70000)]
  0x0000000002dbb000 JavaThread "Finalizer" daemon [_thread_blocked, id=20032, stack(0x0000000017980000,0x0000000017a80000)]
  0x0000000002db2000 JavaThread "Reference Handler" daemon [_thread_blocked, id=22272, stack(0x0000000017880000,0x0000000017980000)]
  0x00000000013bd800 JavaThread "main" [_thread_blocked, id=21392, stack(0x0000000002bc0000,0x0000000002cc0000)]

Other Threads:
  0x00000000166f7000 VMThread [stack: 0x0000000017780000,0x0000000017880000] [id=22268]
  0x0000000017f97000 WatcherThread [stack: 0x0000000018570000,0x0000000018670000] [id=21124]

VM state:not at safepoint (normal execution)

VM Mutex/Monitor currently owned by a thread: None

Heap:
 PSYoungGen      total 70656K, used 49389K [0x00000000e0000000, 0x00000000e4e00000, 0x0000000100000000)
  eden space 64512K, 67% used [0x00000000e0000000,0x00000000e2a3dd68,0x00000000e3f00000)
  from space 6144K, 99% used [0x00000000e4600000,0x00000000e4bfd760,0x00000000e4c00000)
  to   space 7168K, 0% used [0x00000000e3f00000,0x00000000e3f00000,0x00000000e4600000)
 ParOldGen       total 44032K, used 6176K [0x00000000a0000000, 0x00000000a2b00000, 0x00000000e0000000)
  object space 44032K, 14% used [0x00000000a0000000,0x00000000a06082c0,0x00000000a2b00000)
 Metaspace       used 20088K, capacity 20596K, committed 20864K, reserved 1067008K
  class space    used 2900K, capacity 3087K, committed 3200K, reserved 1048576K

Card table byte_map: [0x0000000012180000,0x0000000012490000] byte_map_base: 0x0000000011c80000

Marking Bits: (ParMarkBitMap*) 0x000000005ab05aa0
 Begin Bits: [0x0000000012a90000, 0x0000000014290000)
 End Bits:   [0x0000000014290000, 0x0000000015a90000)

Polling page: 0x0000000001360000

CodeCache: size=245760Kb used=6217Kb max_used=6265Kb free=239542Kb
 bounds [0x0000000002dc0000, 0x00000000033f0000, 0x0000000011dc0000]
 total_blobs=2159 nmethods=1749 adapters=323
 compilation: enabled

Compilation events (10 events):
Event: 6.400 Thread 0x000000001678d800 nmethod 1776 0x0000000002ed9510 code [0x0000000002ed9660, 0x0000000002ed9810]
Event: 6.402 Thread 0x000000001672c800 1777       4       java.io.DataInputStream::readInt (72 bytes)
Event: 6.414 Thread 0x000000001672c800 nmethod 1777 0x0000000002ecb390 code [0x0000000002ecb540, 0x0000000002ecc730]
Event: 6.417 Thread 0x0000000016738000 nmethod 1775 0x0000000002ee7f90 code [0x0000000002ee8140, 0x0000000002ee8a08]
Event: 6.455 Thread 0x000000001672c800 1778   !   4       java.lang.ClassLoader::getPackage (118 bytes)
Event: 6.479 Thread 0x000000001672c800 nmethod 1778 0x0000000002ef6e50 code [0x0000000002ef7040, 0x0000000002ef8090]
Event: 6.505 Thread 0x000000001678d800 1779       1       java.lang.Class$MethodArray::length (5 bytes)
Event: 6.506 Thread 0x0000000016738000 1780  s    4       sun.misc.URLClassPath::getNextLoader (88 bytes)
Event: 6.506 Thread 0x000000001672c800 1781  s!   4       sun.misc.URLClassPath::getLoader (243 bytes)
Event: 6.506 Thread 0x000000001678d800 nmethod 1779 0x0000000002ede410 code [0x0000000002ede560, 0x0000000002ede670]

GC Heap History (10 events):
Event: 1.444 GC heap before
{Heap before GC invocations=2 (full 0):
 PSYoungGen      total 18944K, used 18926K [0x00000000e0000000, 0x00000000e1500000, 0x0000000100000000)
  eden space 16384K, 100% used [0x00000000e0000000,0x00000000e1000000,0x00000000e1000000)
  from space 2560K, 99% used [0x00000000e1000000,0x00000000e127b8a0,0x00000000e1280000)
  to   space 2560K, 0% used [0x00000000e1280000,0x00000000e1280000,0x00000000e1500000)
 ParOldGen       total 44032K, used 194K [0x00000000a0000000, 0x00000000a2b00000, 0x00000000e0000000)
  object space 44032K, 0% used [0x00000000a0000000,0x00000000a0030b80,0x00000000a2b00000)
 Metaspace       used 6601K, capacity 6734K, committed 7040K, reserved 1056768K
  class space    used 802K, capacity 843K, committed 896K, reserved 1048576K
Event: 1.449 GC heap after
Heap after GC invocations=2 (full 0):
 PSYoungGen      total 18944K, used 2535K [0x00000000e0000000, 0x00000000e1500000, 0x0000000100000000)
  eden space 16384K, 0% used [0x00000000e0000000,0x00000000e0000000,0x00000000e1000000)
  from space 2560K, 99% used [0x00000000e1280000,0x00000000e14f9c90,0x00000000e1500000)
  to   space 2560K, 0% used [0x00000000e1000000,0x00000000e1000000,0x00000000e1280000)
 ParOldGen       total 44032K, used 371K [0x00000000a0000000, 0x00000000a2b00000, 0x00000000e0000000)
  object space 44032K, 0% used [0x00000000a0000000,0x00000000a005cd80,0x00000000a2b00000)
 Metaspace       used 6601K, capacity 6734K, committed 7040K, reserved 1056768K
  class space    used 802K, capacity 843K, committed 896K, reserved 1048576K
}
Event: 1.797 GC heap before
{Heap before GC invocations=3 (full 0):
 PSYoungGen      total 18944K, used 18919K [0x00000000e0000000, 0x00000000e1500000, 0x0000000100000000)
  eden space 16384K, 100% used [0x00000000e0000000,0x00000000e1000000,0x00000000e1000000)
  from space 2560K, 99% used [0x00000000e1280000,0x00000000e14f9c90,0x00000000e1500000)
  to   space 2560K, 0% used [0x00000000e1000000,0x00000000e1000000,0x00000000e1280000)
 ParOldGen       total 44032K, used 371K [0x00000000a0000000, 0x00000000a2b00000, 0x00000000e0000000)
  object space 44032K, 0% used [0x00000000a0000000,0x00000000a005cd80,0x00000000a2b00000)
 Metaspace       used 6812K, capacity 7014K, committed 7168K, reserved 1056768K
  class space    used 830K, capacity 915K, committed 1024K, reserved 1048576K
Event: 1.803 GC heap after
Heap after GC invocations=3 (full 0):
 PSYoungGen      total 18944K, used 2553K [0x00000000e0000000, 0x00000000e2500000, 0x0000000100000000)
  eden space 16384K, 0% used [0x00000000e0000000,0x00000000e0000000,0x00000000e1000000)
  from space 2560K, 99% used [0x00000000e1000000,0x00000000e127e460,0x00000000e1280000)
  to   space 2560K, 0% used [0x00000000e2280000,0x00000000e2280000,0x00000000e2500000)
 ParOldGen       total 44032K, used 600K [0x00000000a0000000, 0x00000000a2b00000, 0x00000000e0000000)
  object space 44032K, 1% used [0x00000000a0000000,0x00000000a0096180,0x00000000a2b00000)
 Metaspace       used 6812K, capacity 7014K, committed 7168K, reserved 1056768K
  class space    used 830K, capacity 915K, committed 1024K, reserved 1048576K
}
Event: 2.189 GC heap before
{Heap before GC invocations=4 (full 0):
 PSYoungGen      total 18944K, used 18937K [0x00000000e0000000, 0x00000000e2500000, 0x0000000100000000)
  eden space 16384K, 100% used [0x00000000e0000000,0x00000000e1000000,0x00000000e1000000)
  from space 2560K, 99% used [0x00000000e1000000,0x00000000e127e460,0x00000000e1280000)
  to   space 2560K, 0% used [0x00000000e2280000,0x00000000e2280000,0x00000000e2500000)
 ParOldGen       total 44032K, used 600K [0x00000000a0000000, 0x00000000a2b00000, 0x00000000e0000000)
  object space 44032K, 1% used [0x00000000a0000000,0x00000000a0096180,0x00000000a2b00000)
 Metaspace       used 8862K, capacity 9108K, committed 9216K, reserved 1056768K
  class space    used 1151K, capacity 1226K, committed 1280K, reserved 1048576K
Event: 2.195 GC heap after
Heap after GC invocations=4 (full 0):
 PSYoungGen      total 35328K, used 2544K [0x00000000e0000000, 0x00000000e2500000, 0x0000000100000000)
  eden space 32768K, 0% used [0x00000000e0000000,0x00000000e0000000,0x00000000e2000000)
  from space 2560K, 99% used [0x00000000e2280000,0x00000000e24fc010,0x00000000e2500000)
  to   space 2560K, 0% used [0x00000000e2000000,0x00000000e2000000,0x00000000e2280000)
 ParOldGen       total 44032K, used 1969K [0x00000000a0000000, 0x00000000a2b00000, 0x00000000e0000000)
  object space 44032K, 4% used [0x00000000a0000000,0x00000000a01ec730,0x00000000a2b00000)
 Metaspace       used 8862K, capacity 9108K, committed 9216K, reserved 1056768K
  class space    used 1151K, capacity 1226K, committed 1280K, reserved 1048576K
}
Event: 4.125 GC heap before
{Heap before GC invocations=5 (full 0):
 PSYoungGen      total 35328K, used 35312K [0x00000000e0000000, 0x00000000e2500000, 0x0000000100000000)
  eden space 32768K, 100% used [0x00000000e0000000,0x00000000e2000000,0x00000000e2000000)
  from space 2560K, 99% used [0x00000000e2280000,0x00000000e24fc010,0x00000000e2500000)
  to   space 2560K, 0% used [0x00000000e2000000,0x00000000e2000000,0x00000000e2280000)
 ParOldGen       total 44032K, used 1969K [0x00000000a0000000, 0x00000000a2b00000, 0x00000000e0000000)
  object space 44032K, 4% used [0x00000000a0000000,0x00000000a01ec730,0x00000000a2b00000)
 Metaspace       used 13255K, capacity 13556K, committed 13824K, reserved 1060864K
  class space    used 1824K, capacity 1964K, committed 2048K, reserved 1048576K
Event: 4.137 GC heap after
Heap after GC invocations=5 (full 0):
 PSYoungGen      total 35328K, used 2544K [0x00000000e0000000, 0x00000000e4c00000, 0x0000000100000000)
  eden space 32768K, 0% used [0x00000000e0000000,0x00000000e0000000,0x00000000e2000000)
  from space 2560K, 99% used [0x00000000e2000000,0x00000000e227c050,0x00000000e2280000)
  to   space 6144K, 0% used [0x00000000e4600000,0x00000000e4600000,0x00000000e4c00000)
 ParOldGen       total 44032K, used 5770K [0x00000000a0000000, 0x00000000a2b00000, 0x00000000e0000000)
  object space 44032K, 13% used [0x00000000a0000000,0x00000000a05a2980,0x00000000a2b00000)
 Metaspace       used 13255K, capacity 13556K, committed 13824K, reserved 1060864K
  class space    used 1824K, capacity 1964K, committed 2048K, reserved 1048576K
}
Event: 5.193 GC heap before
{Heap before GC invocations=6 (full 0):
 PSYoungGen      total 35328K, used 35312K [0x00000000e0000000, 0x00000000e4c00000, 0x0000000100000000)
  eden space 32768K, 100% used [0x00000000e0000000,0x00000000e2000000,0x00000000e2000000)
  from space 2560K, 99% used [0x00000000e2000000,0x00000000e227c050,0x00000000e2280000)
  to   space 6144K, 0% used [0x00000000e4600000,0x00000000e4600000,0x00000000e4c00000)
 ParOldGen       total 44032K, used 5770K [0x00000000a0000000, 0x00000000a2b00000, 0x00000000e0000000)
  object space 44032K, 13% used [0x00000000a0000000,0x00000000a05a2980,0x00000000a2b00000)
 Metaspace       used 16061K, capacity 16420K, committed 16640K, reserved 1062912K
  class space    used 2302K, capacity 2454K, committed 2560K, reserved 1048576K
Event: 5.251 GC heap after
Heap after GC invocations=6 (full 0):
 PSYoungGen      total 70656K, used 6133K [0x00000000e0000000, 0x00000000e4e00000, 0x0000000100000000)
  eden space 64512K, 0% used [0x00000000e0000000,0x00000000e0000000,0x00000000e3f00000)
  from space 6144K, 99% used [0x00000000e4600000,0x00000000e4bfd760,0x00000000e4c00000)
  to   space 7168K, 0% used [0x00000000e3f00000,0x00000000e3f00000,0x00000000e4600000)
 ParOldGen       total 44032K, used 6176K [0x00000000a0000000, 0x00000000a2b00000, 0x00000000e0000000)
  object space 44032K, 14% used [0x00000000a0000000,0x00000000a06082c0,0x00000000a2b00000)
 Metaspace       used 16061K, capacity 16420K, committed 16640K, reserved 1062912K
  class space    used 2302K, capacity 2454K, committed 2560K, reserved 1048576K
}

Deoptimization events (10 events):
Event: 5.869 Thread 0x00000000197f9800 Uncommon trap: reason=bimorphic action=maybe_recompile pc=0x00000000032f4448 method=java.lang.ClassLoader.getPackage(Ljava/lang/String;)Ljava/lang/Package; @ 47
Event: 5.869 Thread 0x00000000197f9800 Uncommon trap: reason=unstable_if action=reinterpret pc=0x00000000032f3f9c method=java.net.URLClassLoader.getAndVerifyPackage(Ljava/lang/String;Ljava/util/jar/Manifest;Ljava/net/URL;)Ljava/lang/Package; @ 62
Event: 5.870 Thread 0x00000000197f9800 Uncommon trap: reason=bimorphic action=maybe_recompile pc=0x000000000332799c method=java.lang.ClassLoader.getPackage(Ljava/lang/String;)Ljava/lang/Package; @ 47
Event: 5.870 Thread 0x00000000197f9800 Uncommon trap: reason=unstable_if action=reinterpret pc=0x0000000003327400 method=java.net.URLClassLoader.getAndVerifyPackage(Ljava/lang/String;Ljava/util/jar/Manifest;Ljava/net/URL;)Ljava/lang/Package; @ 62
Event: 6.064 Thread 0x00000000197f9800 Uncommon trap: reason=unstable_if action=reinterpret pc=0x00000000033747c0 method=java.io.BufferedInputStream.read([BII)I @ 56
Event: 6.064 Thread 0x00000000197f9800 Uncommon trap: reason=unstable_if action=reinterpret pc=0x000000000309e398 method=java.lang.AbstractStringBuilder.append(Ljava/lang/String;)Ljava/lang/AbstractStringBuilder; @ 1
Event: 6.065 Thread 0x00000000197f9800 Uncommon trap: reason=unstable_if action=reinterpret pc=0x0000000002fe1a80 method=java.lang.AbstractStringBuilder.append(Ljava/lang/String;)Ljava/lang/AbstractStringBuilder; @ 1
Event: 6.321 Thread 0x00000000197f9800 Uncommon trap: reason=class_check action=maybe_recompile pc=0x0000000002fa8290 method=sun.misc.URLClassPath.getLoader(I)Lsun/misc/URLClassPath$Loader; @ 94
Event: 6.321 Thread 0x00000000197f9800 Uncommon trap: reason=class_check action=maybe_recompile pc=0x00000000030e412c method=sun.misc.URLClassPath.getResource(Ljava/lang/String;Z)Lsun/misc/Resource; @ 62
Event: 6.324 Thread 0x00000000197f9800 Uncommon trap: reason=unstable_if action=reinterpret pc=0x000000000339e944 method=java.lang.ClassLoader.getClassLoadingLock(Ljava/lang/String;)Ljava/lang/Object; @ 6

Classes redefined (0 events):
No events

Internal exceptions (10 events):
Event: 5.990 Thread 0x00000000197f9800 Exception <a 'java/lang/NoSuchMethodError': <clinit>> (0x00000000e1987d88) thrown at [D:\src\AOSP-openjdk-cygwin\jdk8u\hotspot\src\share\vm\prims\jni.cpp, line 1613]
Event: 5.991 Thread 0x00000000197f9800 Exception <a 'java/lang/NoSuchMethodError': <clinit>> (0x00000000e1991eb0) thrown at [D:\src\AOSP-openjdk-cygwin\jdk8u\hotspot\src\share\vm\prims\jni.cpp, line 1613]
Event: 5.991 Thread 0x00000000197f9800 Exception <a 'java/lang/NoSuchMethodError': <clinit>> (0x00000000e199b3d0) thrown at [D:\src\AOSP-openjdk-cygwin\jdk8u\hotspot\src\share\vm\prims\jni.cpp, line 1613]
Event: 6.000 Thread 0x00000000197f9800 Exception <a 'java/lang/NoSuchMethodError': <clinit>> (0x00000000e1a663e8) thrown at [D:\src\AOSP-openjdk-cygwin\jdk8u\hotspot\src\share\vm\prims\jni.cpp, line 1613]
Event: 6.000 Thread 0x00000000197f9800 Exception <a 'java/lang/NoSuchMethodError': <clinit>> (0x00000000e1a6a330) thrown at [D:\src\AOSP-openjdk-cygwin\jdk8u\hotspot\src\share\vm\prims\jni.cpp, line 1613]
Event: 6.000 Thread 0x00000000197f9800 Exception <a 'java/lang/NoSuchMethodError': <clinit>> (0x00000000e1a6be38) thrown at [D:\src\AOSP-openjdk-cygwin\jdk8u\hotspot\src\share\vm\prims\jni.cpp, line 1613]
Event: 6.001 Thread 0x00000000197f9800 Exception <a 'java/lang/NoSuchMethodError': <clinit>> (0x00000000e1a6d608) thrown at [D:\src\AOSP-openjdk-cygwin\jdk8u\hotspot\src\share\vm\prims\jni.cpp, line 1613]
Event: 6.001 Thread 0x00000000197f9800 Exception <a 'java/lang/NoSuchMethodError': <clinit>> (0x00000000e1a6ec88) thrown at [D:\src\AOSP-openjdk-cygwin\jdk8u\hotspot\src\share\vm\prims\jni.cpp, line 1613]
Event: 6.064 Thread 0x00000000197f9800 Implicit null exception at 0x000000000309df97 to 0x000000000309e381
Event: 6.065 Thread 0x00000000197f9800 Implicit null exception at 0x0000000002fe16d6 to 0x0000000002fe1a69

Events (10 events):
Event: 6.504 Executing VM operation: Deoptimize
Event: 6.504 Executing VM operation: Deoptimize done
Event: 6.505 loading class org/codehaus/groovy/util/ReferenceType$SoftRef
Event: 6.505 loading class org/codehaus/groovy/util/ReferenceType$SoftRef done
Event: 6.505 loading class org/codehaus/groovy/transform/trait/Traits$Implemented
Event: 6.505 loading class org/codehaus/groovy/transform/trait/Traits$Implemented done
Event: 6.509 loading class java/util/stream/IntStream
Event: 6.512 loading class java/util/stream/BaseStream
Event: 6.512 loading class java/util/stream/BaseStream done
Event: 6.512 loading class java/util/stream/IntStream done


Dynamic libraries:
0x00007ff784ce0000 - 0x00007ff784d11000 	R:\Programs\Android\jre\bin\java.exe
0x00007ffeeb680000 - 0x00007ffeeb861000 	C:\WINDOWS\SYSTEM32\ntdll.dll
0x00007ffee9a40000 - 0x00007ffee9af1000 	C:\WINDOWS\System32\KERNEL32.DLL
0x00007ffee80b0000 - 0x00007ffee8323000 	C:\WINDOWS\System32\KERNELBASE.dll
0x00007ffee9410000 - 0x00007ffee94b1000 	C:\WINDOWS\System32\ADVAPI32.dll
0x00007ffeeb360000 - 0x00007ffeeb3fe000 	C:\WINDOWS\System32\msvcrt.dll
0x00007ffee8ce0000 - 0x00007ffee8d3b000 	C:\WINDOWS\System32\sechost.dll
0x00007ffee8bb0000 - 0x00007ffee8cd4000 	C:\WINDOWS\System32\RPCRT4.dll
0x00007ffee8e00000 - 0x00007ffee8f90000 	C:\WINDOWS\System32\USER32.dll
0x00007ffee8330000 - 0x00007ffee8350000 	C:\WINDOWS\System32\win32u.dll
0x00007ffee9ee0000 - 0x00007ffee9f08000 	C:\WINDOWS\System32\GDI32.dll
0x00007ffee7b00000 - 0x00007ffee7c92000 	C:\WINDOWS\System32\gdi32full.dll
0x00007ffee7ca0000 - 0x00007ffee7d3f000 	C:\WINDOWS\System32\msvcp_win.dll
0x00007ffee7fb0000 - 0x00007ffee80a8000 	C:\WINDOWS\System32\ucrtbase.dll
0x00007ffed6230000 - 0x00007ffed6499000 	C:\WINDOWS\WinSxS\amd64_microsoft.windows.common-controls_6595b64144ccf1df_6.0.17134.765_none_fb42a1a930655896\COMCTL32.dll
0x00007ffee9bb0000 - 0x00007ffee9ed2000 	C:\WINDOWS\System32\combase.dll
0x00007ffee7f30000 - 0x00007ffee7faa000 	C:\WINDOWS\System32\bcryptPrimitives.dll
0x00007ffee8d40000 - 0x00007ffee8d6d000 	C:\WINDOWS\System32\IMM32.DLL
0x000000005bd70000 - 0x000000005be42000 	R:\Programs\Android\jre\jre\bin\msvcr100.dll
0x000000005a340000 - 0x000000005ab81000 	R:\Programs\Android\jre\jre\bin\server\jvm.dll
0x00007ffee9f10000 - 0x00007ffee9f18000 	C:\WINDOWS\System32\PSAPI.DLL
0x00007ffee5750000 - 0x00007ffee5773000 	C:\WINDOWS\SYSTEM32\WINMM.dll
0x00007ffedad30000 - 0x00007ffedad39000 	C:\WINDOWS\SYSTEM32\WSOCK32.dll
0x00007ffee9970000 - 0x00007ffee99dc000 	C:\WINDOWS\System32\WS2_32.dll
0x00007ffee07f0000 - 0x00007ffee07fa000 	C:\WINDOWS\SYSTEM32\VERSION.dll
0x00007ffee5530000 - 0x00007ffee555a000 	C:\WINDOWS\SYSTEM32\WINMMBASE.dll
0x00007ffee8350000 - 0x00007ffee8399000 	C:\WINDOWS\System32\cfgmgr32.dll
0x00007ffed7460000 - 0x00007ffed746f000 	R:\Programs\Android\jre\jre\bin\verify.dll
0x00007ffec47c0000 - 0x00007ffec47e9000 	R:\Programs\Android\jre\jre\bin\java.dll
0x00007ffec47a0000 - 0x00007ffec47b6000 	R:\Programs\Android\jre\jre\bin\zip.dll
0x00007ffee9f20000 - 0x00007ffeeb360000 	C:\WINDOWS\System32\SHELL32.dll
0x00007ffee9b00000 - 0x00007ffee9ba9000 	C:\WINDOWS\System32\shcore.dll
0x00007ffee83a0000 - 0x00007ffee8aad000 	C:\WINDOWS\System32\windows.storage.dll
0x00007ffee99e0000 - 0x00007ffee9a31000 	C:\WINDOWS\System32\shlwapi.dll
0x00007ffee7a10000 - 0x00007ffee7a21000 	C:\WINDOWS\System32\kernel.appcore.dll
0x00007ffee7a30000 - 0x00007ffee7a4f000 	C:\WINDOWS\System32\profapi.dll
0x00007ffee79a0000 - 0x00007ffee79ec000 	C:\WINDOWS\System32\powrprof.dll
0x00007ffee7990000 - 0x00007ffee799a000 	C:\WINDOWS\System32\FLTLIB.DLL
0x00007ffec39f0000 - 0x00007ffec3a0a000 	R:\Programs\Android\jre\jre\bin\net.dll
0x00007ffee71b0000 - 0x00007ffee7216000 	C:\WINDOWS\system32\mswsock.dll
0x00007ffec39d0000 - 0x00007ffec39e1000 	R:\Programs\Android\jre\jre\bin\nio.dll
0x00007ffee3bd0000 - 0x00007ffee3bee000 	C:\Users\RaOne\.gradle\native\25\windows-amd64\native-platform.dll
0x00007ffed5380000 - 0x00007ffed538d000 	R:\Programs\Android\jre\jre\bin\management.dll
0x00007ffee73c0000 - 0x00007ffee73d7000 	C:\WINDOWS\SYSTEM32\CRYPTSP.dll
0x00007ffee6d90000 - 0x00007ffee6dc3000 	C:\WINDOWS\system32\rsaenh.dll
0x00007ffee74f0000 - 0x00007ffee7515000 	C:\WINDOWS\SYSTEM32\bcrypt.dll
0x00007ffee78c0000 - 0x00007ffee78e8000 	C:\WINDOWS\SYSTEM32\USERENV.dll
0x00007ffee7450000 - 0x00007ffee745b000 	C:\WINDOWS\SYSTEM32\CRYPTBASE.dll
0x00007ffee6f30000 - 0x00007ffee6f68000 	C:\WINDOWS\SYSTEM32\IPHLPAPI.DLL
0x00007ffee9110000 - 0x00007ffee9118000 	C:\WINDOWS\System32\NSI.dll
0x00007ffee1350000 - 0x00007ffee1366000 	C:\WINDOWS\SYSTEM32\dhcpcsvc6.DLL
0x00007ffedff40000 - 0x00007ffedff5a000 	C:\WINDOWS\SYSTEM32\dhcpcsvc.DLL

VM Arguments:
jvm_args: -Xmx1536m -Dfile.encoding=windows-1252 -Duser.country=US -Duser.language=en -Duser.variant 
java_command: org.gradle.launcher.daemon.bootstrap.GradleDaemon 5.1.1
java_class_path (initial): C:\Users\RaOne\.gradle\wrapper\dists\gradle-5.1.1-all\97z1ksx6lirer3kbvdnh7jtjg\gradle-5.1.1\lib\gradle-launcher-5.1.1.jar
Launcher Type: SUN_STANDARD

Environment Variables:
PATH=C:\Program Files (x86)\Common Files\Oracle\Java\javapath;C:\WINDOWS\system32;C:\WINDOWS;C:\WINDOWS\System32\Wbem;C:\WINDOWS\System32\WindowsPowerShell\v1.0\;C:\Program Files\Git\cmd;R:\Programs\Go\bin;C:\WINDOWS\System32\OpenSSH\;R:\Programs\nodejs\;C:\Program Files\mingw-w64\x86_64-8.1.0-posix-seh-rt_v6-rev0\mingw64\bin;C:\Users\RaOne\AppData\Local\Programs\Python\Python37\Scripts\;C:\Users\RaOne\AppData\Local\Programs\Python\Python37\;C:\Users\RaOne\AppData\Local\Microsoft\WindowsApps;C:\Users\RaOne\AppData\Local\atom\bin;R:\Projects\Go\bin;;C:\Users\RaOne\AppData\Local\Microsoft\WindowsApps;C:\Users\RaOne\AppData\Roaming\npm;R:\Programs\GoLand 2019.1\bin;
USERNAME=RaOne
OS=Windows_NT
PROCESSOR_IDENTIFIER=Intel64 Family 6 Model 78 Stepping 3, GenuineIntel



---------------  S Y S T E M  ---------------

OS: Windows 10.0 , 64 bit Build 17134 (10.0.17134.753)

CPU:total 4 (initial active 4) (2 cores per cpu, 2 threads per core) family 6 model 78 stepping 3, cmov, cx8, fxsr, mmx, sse, sse2, sse3, ssse3, sse4.1, sse4.2, popcnt, avx, avx2, aes, clmul, erms, 3dnowpref, lzcnt, ht, tsc, tscinvbit, bmi1, bmi2, adx

Memory: 4k page, physical 4065032k(317204k free), swap 11850628k(3368k free)

vm_info: OpenJDK 64-Bit Server VM (25.152-b01) for windows-amd64 JRE (1.8.0_152-release-1343-b01), built by "builder" with MS VC++ 10.0 (VS2010)

time: Tue May 28 13:01:10 2019
elapsed time: 6 seconds (0d 0h 0m 6s)

